[ 2016-07-24T11:04:12+08:00 ] 127.0.0.1 /model/index.php/Admin/Index/
INFO: [ app_begin ] --START--
INFO: Run Behavior\ReadHtmlCache [ RunTime:0.001001s ]
INFO: [ app_begin ] --END-- [ RunTime:0.002001s ]
INFO: [ view_parse ] --START--
INFO: [ template_filter ] --START--
INFO: Run Behavior\ContentReplace [ RunTime:0.000000s ]
INFO: [ template_filter ] --END-- [ RunTime:0.001000s ]
INFO: Run Behavior\ParseTemplate [ RunTime:0.016001s ]
INFO: [ view_parse ] --END-- [ RunTime:0.016001s ]
INFO: [ view_filter ] --START--
INFO: Run Behavior\WriteHtmlCache [ RunTime:0.001000s ]
INFO: [ view_filter ] --END-- [ RunTime:0.002000s ]
INFO: [ app_end ] --START--
INFO: Run Behavior\ShowPageTrace [ RunTime:0.001000s ]
INFO: [ app_end ] --END-- [ RunTime:0.002000s ]

[ 2016-07-24T11:04:19+08:00 ] 127.0.0.1 /model/index.php/Admin/Index/checkUser
INFO: [ app_begin ] --START--
INFO: Run Behavior\ReadHtmlCache [ RunTime:0.001000s ]
INFO: [ app_begin ] --END-- [ RunTime:0.001000s ]
NOTIC: [8192] mysql_connect(): The mysql extension is deprecated and will be removed in the future: use mysqli or PDO instead E:\phproot\model\ThinkPHP\Library\Think\Db\Driver\Mysql.class.php 第 52 行.
SQL: SHOW COLUMNS FROM `tb_user` [ RunTime:0.158009s ]
SQL: SELECT `username`,`password` FROM `tb_user` WHERE ( `username` = 'user2' ) LIMIT 1   [ RunTime:0.002000s ]
INFO: [ app_end ] --START--
INFO: Run Behavior\ShowPageTrace [ RunTime:0.002001s ]
INFO: [ app_end ] --END-- [ RunTime:0.002001s ]

[ 2016-07-24T11:04:19+08:00 ] 127.0.0.1 /model/index.php/Home/Manage/index.html
INFO: [ app_begin ] --START--
INFO: Run Behavior\ReadHtmlCache [ RunTime:0.001000s ]
INFO: [ app_begin ] --END-- [ RunTime:0.001000s ]
INFO: [ view_parse ] --START--
INFO: [ template_filter ] --START--
INFO: Run Behavior\ContentReplace [ RunTime:0.000000s ]
INFO: [ template_filter ] --END-- [ RunTime:0.001000s ]
INFO: Run Behavior\ParseTemplate [ RunTime:0.015000s ]
INFO: [ view_parse ] --END-- [ RunTime:0.015000s ]
INFO: [ view_filter ] --START--
INFO: Run Behavior\WriteHtmlCache [ RunTime:0.001001s ]
INFO: [ view_filter ] --END-- [ RunTime:0.001001s ]
INFO: [ app_end ] --START--
INFO: Run Behavior\ShowPageTrace [ RunTime:0.001000s ]
INFO: [ app_end ] --END-- [ RunTime:0.001000s ]

[ 2016-07-24T11:04:20+08:00 ] 127.0.0.1 /model/index.php/Home/Manage/carousel.html
INFO: [ app_begin ] --START--
INFO: Run Behavior\ReadHtmlCache [ RunTime:0.001000s ]
INFO: [ app_begin ] --END-- [ RunTime:0.002000s ]
INFO: [ view_parse ] --START--
INFO: [ template_filter ] --START--
INFO: Run Behavior\ContentReplace [ RunTime:0.001000s ]
INFO: [ template_filter ] --END-- [ RunTime:0.001000s ]
INFO: Run Behavior\ParseTemplate [ RunTime:0.011001s ]
INFO: [ view_parse ] --END-- [ RunTime:0.011001s ]
INFO: [ view_filter ] --START--
INFO: Run Behavior\WriteHtmlCache [ RunTime:0.000000s ]
INFO: [ view_filter ] --END-- [ RunTime:0.002000s ]
INFO: [ app_end ] --START--
INFO: Run Behavior\ShowPageTrace [ RunTime:0.002000s ]
INFO: [ app_end ] --END-- [ RunTime:0.002000s ]

[ 2016-07-24T11:04:27+08:00 ] 127.0.0.1 /model/index.php/Home/Manage/tankInfo.html
INFO: [ app_begin ] --START--
INFO: Run Behavior\ReadHtmlCache [ RunTime:0.000000s ]
INFO: [ app_begin ] --END-- [ RunTime:0.002000s ]
INFO: [ view_parse ] --START--
INFO: [ template_filter ] --START--
INFO: Run Behavior\ContentReplace [ RunTime:0.000000s ]
INFO: [ template_filter ] --END-- [ RunTime:0.001000s ]
INFO: Run Behavior\ParseTemplate [ RunTime:0.011000s ]
INFO: [ view_parse ] --END-- [ RunTime:0.012000s ]
INFO: [ view_filter ] --START--
INFO: Run Behavior\WriteHtmlCache [ RunTime:0.001000s ]
INFO: [ view_filter ] --END-- [ RunTime:0.001000s ]
INFO: [ app_end ] --START--
INFO: Run Behavior\ShowPageTrace [ RunTime:0.001001s ]
INFO: [ app_end ] --END-- [ RunTime:0.001001s ]

[ 2016-07-24T11:04:27+08:00 ] 127.0.0.1 /model/index.php/Home/Manage/tankInfoList.html
INFO: [ app_begin ] --START--
INFO: Run Behavior\ReadHtmlCache [ RunTime:0.001000s ]
INFO: [ app_begin ] --END-- [ RunTime:0.002000s ]
NOTIC: [8192] mysql_connect(): The mysql extension is deprecated and will be removed in the future: use mysqli or PDO instead E:\phproot\model\ThinkPHP\Library\Think\Db\Driver\Mysql.class.php 第 52 行.
SQL: SHOW COLUMNS FROM `tb_plantinfo` [ RunTime:0.041002s ]
SQL: SHOW COLUMNS FROM `dic_factory` [ RunTime:0.008000s ]
SQL: SELECT * FROM `dic_factory`  [ RunTime:0.001000s ]
SQL: SELECT * FROM `tb_plantinfo`  [ RunTime:0.004000s ]
INFO: [ view_parse ] --START--
INFO: [ template_filter ] --START--
INFO: Run Behavior\ContentReplace [ RunTime:0.000000s ]
INFO: [ template_filter ] --END-- [ RunTime:0.000000s ]
INFO: Run Behavior\ParseTemplate [ RunTime:0.027001s ]
INFO: [ view_parse ] --END-- [ RunTime:0.028001s ]
INFO: [ view_filter ] --START--
INFO: Run Behavior\WriteHtmlCache [ RunTime:0.001000s ]
INFO: [ view_filter ] --END-- [ RunTime:0.002000s ]
INFO: [ app_end ] --START--
INFO: Run Behavior\ShowPageTrace [ RunTime:0.001000s ]
INFO: [ app_end ] --END-- [ RunTime:0.002000s ]

[ 2016-07-24T11:04:28+08:00 ] 127.0.0.1 /model/index.php/Home/Public/getTree.html
INFO: [ app_begin ] --START--
INFO: Run Behavior\ReadHtmlCache [ RunTime:0.001000s ]
INFO: [ app_begin ] --END-- [ RunTime:0.001000s ]
NOTIC: [8192] mysql_connect(): The mysql extension is deprecated and will be removed in the future: use mysqli or PDO instead E:\phproot\model\ThinkPHP\Library\Think\Db\Driver\Mysql.class.php 第 52 行.
SQL: SHOW COLUMNS FROM `dic_factory` [ RunTime:0.006000s ]
SQL: SELECT * FROM `dic_factory`  [ RunTime:0.000000s ]
SQL: SHOW COLUMNS FROM `dic_workshop` [ RunTime:0.007000s ]
SQL: SELECT * FROM `dic_workshop` WHERE ( `factoryId` = '青岛分公司' )  [ RunTime:0.000000s ]
SQL: SHOW COLUMNS FROM `dic_area` [ RunTime:0.005000s ]
SQL: SELECT * FROM `dic_area` WHERE ( `factoryId` = '青岛分公司' ) AND ( `workshopId` = '罐区一' )  [ RunTime:0.001000s ]
SQL: SHOW COLUMNS FROM `tb_plantinfo` [ RunTime:0.009001s ]
SQL: SELECT * FROM `tb_plantinfo` WHERE ( `factoryId` = '青岛分公司' ) AND ( `workshopId` = '罐区一' ) AND ( `areaId` = '罐区一' )  [ RunTime:0.002000s ]
SQL: SELECT * FROM `dic_area` WHERE ( `factoryId` = '青岛分公司' ) AND ( `workshopId` = '罐区二' )  [ RunTime:0.001000s ]
SQL: SELECT * FROM `tb_plantinfo` WHERE ( `factoryId` = '青岛分公司' ) AND ( `workshopId` = '罐区二' ) AND ( `areaId` = '罐区二' )  [ RunTime:0.002001s ]
SQL: SELECT * FROM `dic_workshop` WHERE ( `factoryId` = '江苏分公司' )  [ RunTime:0.000000s ]
SQL: SELECT * FROM `dic_area` WHERE ( `factoryId` = '江苏分公司' ) AND ( `workshopId` = '常减压' )  [ RunTime:0.001000s ]
SQL: SELECT * FROM `tb_plantinfo` WHERE ( `factoryId` = '江苏分公司' ) AND ( `workshopId` = '常减压' ) AND ( `areaId` = '常减压' )  [ RunTime:0.002000s ]
SQL: SELECT * FROM `dic_area` WHERE ( `factoryId` = '江苏分公司' ) AND ( `workshopId` = '罐区' )  [ RunTime:0.001000s ]
SQL: SELECT * FROM `tb_plantinfo` WHERE ( `factoryId` = '江苏分公司' ) AND ( `workshopId` = '罐区' ) AND ( `areaId` = '罐区' )  [ RunTime:0.002000s ]
SQL: SELECT * FROM `dic_workshop` WHERE ( `factoryId` = '秦皇岛分公司' )  [ RunTime:0.000000s ]
SQL: SELECT * FROM `dic_area` WHERE ( `factoryId` = '秦皇岛分公司' ) AND ( `workshopId` = '罐区一' )  [ RunTime:0.001000s ]
SQL: SELECT * FROM `tb_plantinfo` WHERE ( `factoryId` = '秦皇岛分公司' ) AND ( `workshopId` = '罐区一' ) AND ( `areaId` = '罐区一' )  [ RunTime:0.002000s ]
SQL: SELECT * FROM `dic_area` WHERE ( `factoryId` = '秦皇岛分公司' ) AND ( `workshopId` = '罐区二' )  [ RunTime:0.001000s ]
SQL: SELECT * FROM `tb_plantinfo` WHERE ( `factoryId` = '秦皇岛分公司' ) AND ( `workshopId` = '罐区二' ) AND ( `areaId` = '罐区二' )  [ RunTime:0.001000s ]
SQL: SELECT * FROM `dic_area` WHERE ( `factoryId` = '秦皇岛分公司' ) AND ( `workshopId` = '罐区三' )  [ RunTime:0.000000s ]
SQL: SELECT * FROM `tb_plantinfo` WHERE ( `factoryId` = '秦皇岛分公司' ) AND ( `workshopId` = '罐区三' ) AND ( `areaId` = '罐区三' )  [ RunTime:0.002000s ]
SQL: SELECT * FROM `dic_workshop` WHERE ( `factoryId` = '湛江分公司' )  [ RunTime:0.001000s ]
SQL: SELECT * FROM `dic_area` WHERE ( `factoryId` = '湛江分公司' ) AND ( `workshopId` = '罐区一' )  [ RunTime:0.001001s ]
SQL: SELECT * FROM `tb_plantinfo` WHERE ( `factoryId` = '湛江分公司' ) AND ( `workshopId` = '罐区一' ) AND ( `areaId` = '罐区一' )  [ RunTime:0.002000s ]
NOTIC: [2] Invalid argument supplied for foreach() E:\phproot\model\Apps\Home\Controller\PublicController.class.php 第 72 行.
SQL: SELECT * FROM `dic_area` WHERE ( `factoryId` = '湛江分公司' ) AND ( `workshopId` = '罐区二' )  [ RunTime:0.001000s ]
SQL: SELECT * FROM `tb_plantinfo` WHERE ( `factoryId` = '湛江分公司' ) AND ( `workshopId` = '罐区二' ) AND ( `areaId` = '罐区二' )  [ RunTime:0.002000s ]
SQL: SELECT * FROM `dic_workshop` WHERE ( `factoryId` = '高富分公司' )  [ RunTime:0.001000s ]
SQL: SELECT * FROM `dic_area` WHERE ( `factoryId` = '高富分公司' ) AND ( `workshopId` = '罐区一' )  [ RunTime:0.000000s ]
SQL: SELECT * FROM `tb_plantinfo` WHERE ( `factoryId` = '高富分公司' ) AND ( `workshopId` = '罐区一' ) AND ( `areaId` = '罐区一' )  [ RunTime:0.001000s ]
SQL: SELECT * FROM `dic_area` WHERE ( `factoryId` = '高富分公司' ) AND ( `workshopId` = '罐区二' )  [ RunTime:0.001001s ]
SQL: SELECT * FROM `tb_plantinfo` WHERE ( `factoryId` = '高富分公司' ) AND ( `workshopId` = '罐区二' ) AND ( `areaId` = '罐区二' )  [ RunTime:0.001000s ]
SQL: SELECT * FROM `dic_workshop` WHERE ( `factoryId` = '温州分公司' )  [ RunTime:0.001000s ]
SQL: SELECT * FROM `dic_area` WHERE ( `factoryId` = '温州分公司' ) AND ( `workshopId` = '罐区一' )  [ RunTime:0.001000s ]
SQL: SELECT * FROM `tb_plantinfo` WHERE ( `factoryId` = '温州分公司' ) AND ( `workshopId` = '罐区一' ) AND ( `areaId` = '罐区一' )  [ RunTime:0.002000s ]
SQL: SELECT * FROM `dic_area` WHERE ( `factoryId` = '温州分公司' ) AND ( `workshopId` = '罐区二' )  [ RunTime:0.001000s ]
SQL: SELECT * FROM `tb_plantinfo` WHERE ( `factoryId` = '温州分公司' ) AND ( `workshopId` = '罐区二' ) AND ( `areaId` = '罐区二' )  [ RunTime:0.002000s ]
SQL: SELECT * FROM `dic_workshop` WHERE ( `factoryId` = '宁波分公司' )  [ RunTime:0.000000s ]
SQL: SELECT * FROM `dic_area` WHERE ( `factoryId` = '宁波分公司' ) AND ( `workshopId` = '罐区一' )  [ RunTime:0.001000s ]
SQL: SELECT * FROM `tb_plantinfo` WHERE ( `factoryId` = '宁波分公司' ) AND ( `workshopId` = '罐区一' ) AND ( `areaId` = '罐区一' )  [ RunTime:0.001000s ]
SQL: SELECT * FROM `dic_area` WHERE ( `factoryId` = '宁波分公司' ) AND ( `workshopId` = '罐区二' )  [ RunTime:0.001000s ]
SQL: SELECT * FROM `tb_plantinfo` WHERE ( `factoryId` = '宁波分公司' ) AND ( `workshopId` = '罐区二' ) AND ( `areaId` = '罐区二' )  [ RunTime:0.001000s ]

[ 2016-07-24T11:04:36+08:00 ] 127.0.0.1 /model/index.php/Home/Manage/tankInfoDetail.html?id=30
INFO: [ app_begin ] --START--
INFO: Run Behavior\ReadHtmlCache [ RunTime:0.001000s ]
INFO: [ app_begin ] --END-- [ RunTime:0.001000s ]
NOTIC: [8192] mysql_connect(): The mysql extension is deprecated and will be removed in the future: use mysqli or PDO instead E:\phproot\model\ThinkPHP\Library\Think\Db\Driver\Mysql.class.php 第 52 行.
SQL: SHOW COLUMNS FROM `tb_plantinfo` [ RunTime:0.009000s ]
SQL: SELECT * FROM `tb_plantinfo` WHERE ( `id` = 30 )  [ RunTime:0.002001s ]
SQL: SHOW COLUMNS FROM `tb_plantwallboardinfo` [ RunTime:0.008000s ]
SQL: SELECT * FROM `tb_plantwallboardinfo` WHERE ( 1=1 AND pid='30' )  [ RunTime:0.002000s ]
SQL: SHOW COLUMNS FROM `dic_content` [ RunTime:0.006001s ]
SQL: SELECT * FROM `dic_content`  [ RunTime:0.002000s ]
NOTIC: [8] Undefined index: id E:\phproot\model\Apps\Home\Controller\ManageController.class.php 第 188 行.
NOTIC: [8] Undefined index: plant E:\phproot\model\Apps\Home\Controller\ManageController.class.php 第 189 行.
SQL: SHOW COLUMNS FROM `tb_attachment` [ RunTime:0.006000s ]
SQL: SELECT * FROM `tb_attachment` WHERE ( `recordId` = '30' ) AND ( `tableId` = 'tb_plantinfo' )  [ RunTime:0.000000s ]
INFO: [ view_parse ] --START--
INFO: [ template_filter ] --START--
INFO: Run Behavior\ContentReplace [ RunTime:0.000000s ]
INFO: [ template_filter ] --END-- [ RunTime:0.002000s ]
NOTIC: [8] Undefined index: pHMedium E:\phproot\model\Apps\Runtime\Cache\Home\025dd85eac59f3ecd7a29d7c0bad8cd3.php 第 93 行.
NOTIC: [8] Undefined index: isWallboardPaintcoat E:\phproot\model\Apps\Runtime\Cache\Home\025dd85eac59f3ecd7a29d7c0bad8cd3.php 第 120 行.
NOTIC: [8] Undefined index: isWallboardInstallLining E:\phproot\model\Apps\Runtime\Cache\Home\025dd85eac59f3ecd7a29d7c0bad8cd3.php 第 121 行.
NOTIC: [8] Undefined index: isWallboardPaintcoat E:\phproot\model\Apps\Runtime\Cache\Home\025dd85eac59f3ecd7a29d7c0bad8cd3.php 第 124 行.
NOTIC: [8] Undefined index: isWallboardInstallLining E:\phproot\model\Apps\Runtime\Cache\Home\025dd85eac59f3ecd7a29d7c0bad8cd3.php 第 125 行.
NOTIC: [8] Undefined index: isWallboardPaintcoat E:\phproot\model\Apps\Runtime\Cache\Home\025dd85eac59f3ecd7a29d7c0bad8cd3.php 第 126 行.
NOTIC: [8] Undefined index: isWallboardPaintcoat E:\phproot\model\Apps\Runtime\Cache\Home\025dd85eac59f3ecd7a29d7c0bad8cd3.php 第 128 行.
NOTIC: [8] Undefined index: isWallboardInstallLining E:\phproot\model\Apps\Runtime\Cache\Home\025dd85eac59f3ecd7a29d7c0bad8cd3.php 第 129 行.
NOTIC: [8] Undefined index: isWallboardPaintcoat E:\phproot\model\Apps\Runtime\Cache\Home\025dd85eac59f3ecd7a29d7c0bad8cd3.php 第 132 行.
NOTIC: [8] Undefined index: isWallboardInstallLining E:\phproot\model\Apps\Runtime\Cache\Home\025dd85eac59f3ecd7a29d7c0bad8cd3.php 第 133 行.
NOTIC: [8] Undefined index: topTexture E:\phproot\model\Apps\Runtime\Cache\Home\025dd85eac59f3ecd7a29d7c0bad8cd3.php 第 149 行.
NOTIC: [8] Undefined index: isTopKeepTemp E:\phproot\model\Apps\Runtime\Cache\Home\025dd85eac59f3ecd7a29d7c0bad8cd3.php 第 150 行.
NOTIC: [8] Undefined index: topKeepTempMaterial E:\phproot\model\Apps\Runtime\Cache\Home\025dd85eac59f3ecd7a29d7c0bad8cd3.php 第 151 行.
NOTIC: [8] Undefined index: topKeepTempThickness E:\phproot\model\Apps\Runtime\Cache\Home\025dd85eac59f3ecd7a29d7c0bad8cd3.php 第 151 行.
NOTIC: [8] Undefined index: topKeepTempQuality E:\phproot\model\Apps\Runtime\Cache\Home\025dd85eac59f3ecd7a29d7c0bad8cd3.php 第 152 行.
NOTIC: [8] Undefined index: bottomThickness E:\phproot\model\Apps\Runtime\Cache\Home\025dd85eac59f3ecd7a29d7c0bad8cd3.php 第 159 行.
NOTIC: [8] Undefined index: BottomInstallLiningDate E:\phproot\model\Apps\Runtime\Cache\Home\025dd85eac59f3ecd7a29d7c0bad8cd3.php 第 167 行.
INFO: Run Behavior\ParseTemplate [ RunTime:0.049002s ]
INFO: [ view_parse ] --END-- [ RunTime:0.049002s ]
INFO: [ view_filter ] --START--
INFO: Run Behavior\WriteHtmlCache [ RunTime:0.001000s ]
INFO: [ view_filter ] --END-- [ RunTime:0.001000s ]
INFO: [ app_end ] --START--
INFO: Run Behavior\ShowPageTrace [ RunTime:0.003000s ]
INFO: [ app_end ] --END-- [ RunTime:0.004000s ]

[ 2016-07-24T11:04:36+08:00 ] 127.0.0.1 /model/index.php/Home/Manage/get_detail
INFO: [ app_begin ] --START--
INFO: Run Behavior\ReadHtmlCache [ RunTime:0.001000s ]
INFO: [ app_begin ] --END-- [ RunTime:0.001000s ]
ERR: 非法操作:get_detail

[ 2016-07-24T11:07:56+08:00 ] 127.0.0.1 /model/index.php/Home/Manage/index.html
INFO: [ app_begin ] --START--
INFO: Run Behavior\ReadHtmlCache [ RunTime:0.000000s ]
INFO: [ app_begin ] --END-- [ RunTime:0.000000s ]
INFO: [ view_parse ] --START--
INFO: [ template_filter ] --START--
INFO: Run Behavior\ContentReplace [ RunTime:0.000000s ]
INFO: [ template_filter ] --END-- [ RunTime:0.000000s ]
INFO: Run Behavior\ParseTemplate [ RunTime:0.020000s ]
INFO: [ view_parse ] --END-- [ RunTime:0.020000s ]
INFO: [ view_filter ] --START--
INFO: Run Behavior\WriteHtmlCache [ RunTime:0.000000s ]
INFO: [ view_filter ] --END-- [ RunTime:0.000000s ]
INFO: [ app_end ] --START--
INFO: Run Behavior\ShowPageTrace [ RunTime:0.000000s ]
INFO: [ app_end ] --END-- [ RunTime:0.000000s ]

[ 2016-07-24T11:07:56+08:00 ] 127.0.0.1 /model/index.php/Home/Manage/carousel.html
INFO: [ app_begin ] --START--
INFO: Run Behavior\ReadHtmlCache [ RunTime:0.000000s ]
INFO: [ app_begin ] --END-- [ RunTime:0.010000s ]
INFO: [ view_parse ] --START--
INFO: [ template_filter ] --START--
INFO: Run Behavior\ContentReplace [ RunTime:0.000000s ]
INFO: [ template_filter ] --END-- [ RunTime:0.001000s ]
INFO: Run Behavior\ParseTemplate [ RunTime:0.013000s ]
INFO: [ view_parse ] --END-- [ RunTime:0.013000s ]
INFO: [ view_filter ] --START--
INFO: Run Behavior\WriteHtmlCache [ RunTime:0.000000s ]
INFO: [ view_filter ] --END-- [ RunTime:0.001000s ]
INFO: [ app_end ] --START--
INFO: Run Behavior\ShowPageTrace [ RunTime:0.001000s ]
INFO: [ app_end ] --END-- [ RunTime:0.001000s ]

[ 2016-07-24T11:08:02+08:00 ] 127.0.0.1 /model/index.php/Home/RiskCalculation/tankCal.html
INFO: [ app_begin ] --START--
INFO: Run Behavior\ReadHtmlCache [ RunTime:0.000000s ]
INFO: [ app_begin ] --END-- [ RunTime:0.000000s ]
INFO: [ view_parse ] --START--
INFO: [ template_filter ] --START--
INFO: Run Behavior\ContentReplace [ RunTime:0.000000s ]
INFO: [ template_filter ] --END-- [ RunTime:0.000000s ]
INFO: Run Behavior\ParseTemplate [ RunTime:0.010000s ]
INFO: [ view_parse ] --END-- [ RunTime:0.010000s ]
INFO: [ view_filter ] --START--
INFO: Run Behavior\WriteHtmlCache [ RunTime:0.000000s ]
INFO: [ view_filter ] --END-- [ RunTime:0.010000s ]
INFO: [ app_end ] --START--
INFO: Run Behavior\ShowPageTrace [ RunTime:0.001000s ]
INFO: [ app_end ] --END-- [ RunTime:0.001000s ]

[ 2016-07-24T11:08:02+08:00 ] 127.0.0.1 /model/index.php/Home/RiskCalculation/riskCalList.html
INFO: [ app_begin ] --START--
INFO: Run Behavior\ReadHtmlCache [ RunTime:0.000000s ]
INFO: [ app_begin ] --END-- [ RunTime:0.002000s ]
NOTIC: [8192] mysql_connect(): The mysql extension is deprecated and will be removed in the future: use mysqli or PDO instead E:\phproot\model\ThinkPHP\Library\Think\Db\Driver\Mysql.class.php 第 52 行.
SQL: SHOW COLUMNS FROM `tb_plantinfo` [ RunTime:0.006001s ]
SQL: SELECT * FROM `tb_plantinfo`  [ RunTime:0.010000s ]
INFO: [ view_parse ] --START--
INFO: [ template_filter ] --START--
INFO: Run Behavior\ContentReplace [ RunTime:0.000000s ]
INFO: [ template_filter ] --END-- [ RunTime:0.001000s ]
INFO: Run Behavior\ParseTemplate [ RunTime:0.015001s ]
INFO: [ view_parse ] --END-- [ RunTime:0.016001s ]
INFO: [ view_filter ] --START--
INFO: Run Behavior\WriteHtmlCache [ RunTime:0.001000s ]
INFO: [ view_filter ] --END-- [ RunTime:0.001000s ]
INFO: [ app_end ] --START--
INFO: Run Behavior\ShowPageTrace [ RunTime:0.001000s ]
INFO: [ app_end ] --END-- [ RunTime:0.002000s ]

[ 2016-07-24T11:08:02+08:00 ] 127.0.0.1 /model/index.php/Home/Public/getTree.html
INFO: [ app_begin ] --START--
INFO: Run Behavior\ReadHtmlCache [ RunTime:0.000000s ]
INFO: [ app_begin ] --END-- [ RunTime:0.002000s ]
NOTIC: [8192] mysql_connect(): The mysql extension is deprecated and will be removed in the future: use mysqli or PDO instead E:\phproot\model\ThinkPHP\Library\Think\Db\Driver\Mysql.class.php 第 52 行.
SQL: SHOW COLUMNS FROM `dic_factory` [ RunTime:0.013000s ]
SQL: SELECT * FROM `dic_factory`  [ RunTime:0.000000s ]
SQL: SHOW COLUMNS FROM `dic_workshop` [ RunTime:0.012000s ]
SQL: SELECT * FROM `dic_workshop` WHERE ( `factoryId` = '青岛分公司' )  [ RunTime:0.001000s ]
SQL: SHOW COLUMNS FROM `dic_area` [ RunTime:0.000000s ]
SQL: SELECT * FROM `dic_area` WHERE ( `factoryId` = '青岛分公司' ) AND ( `workshopId` = '罐区一' )  [ RunTime:0.001000s ]
SQL: SHOW COLUMNS FROM `tb_plantinfo` [ RunTime:0.011000s ]
SQL: SELECT * FROM `tb_plantinfo` WHERE ( `factoryId` = '青岛分公司' ) AND ( `workshopId` = '罐区一' ) AND ( `areaId` = '罐区一' )  [ RunTime:0.004000s ]
SQL: SELECT * FROM `dic_area` WHERE ( `factoryId` = '青岛分公司' ) AND ( `workshopId` = '罐区二' )  [ RunTime:0.000000s ]
SQL: SELECT * FROM `tb_plantinfo` WHERE ( `factoryId` = '青岛分公司' ) AND ( `workshopId` = '罐区二' ) AND ( `areaId` = '罐区二' )  [ RunTime:0.004000s ]
SQL: SELECT * FROM `dic_workshop` WHERE ( `factoryId` = '江苏分公司' )  [ RunTime:0.001000s ]
SQL: SELECT * FROM `dic_area` WHERE ( `factoryId` = '江苏分公司' ) AND ( `workshopId` = '常减压' )  [ RunTime:0.000000s ]
SQL: SELECT * FROM `tb_plantinfo` WHERE ( `factoryId` = '江苏分公司' ) AND ( `workshopId` = '常减压' ) AND ( `areaId` = '常减压' )  [ RunTime:0.002000s ]
SQL: SELECT * FROM `dic_area` WHERE ( `factoryId` = '江苏分公司' ) AND ( `workshopId` = '罐区' )  [ RunTime:0.000000s ]
SQL: SELECT * FROM `tb_plantinfo` WHERE ( `factoryId` = '江苏分公司' ) AND ( `workshopId` = '罐区' ) AND ( `areaId` = '罐区' )  [ RunTime:0.003001s ]
SQL: SELECT * FROM `dic_workshop` WHERE ( `factoryId` = '秦皇岛分公司' )  [ RunTime:0.001000s ]
SQL: SELECT * FROM `dic_area` WHERE ( `factoryId` = '秦皇岛分公司' ) AND ( `workshopId` = '罐区一' )  [ RunTime:0.001000s ]
SQL: SELECT * FROM `tb_plantinfo` WHERE ( `factoryId` = '秦皇岛分公司' ) AND ( `workshopId` = '罐区一' ) AND ( `areaId` = '罐区一' )  [ RunTime:0.003000s ]
SQL: SELECT * FROM `dic_area` WHERE ( `factoryId` = '秦皇岛分公司' ) AND ( `workshopId` = '罐区二' )  [ RunTime:0.001000s ]
SQL: SELECT * FROM `tb_plantinfo` WHERE ( `factoryId` = '秦皇岛分公司' ) AND ( `workshopId` = '罐区二' ) AND ( `areaId` = '罐区二' )  [ RunTime:0.002001s ]
SQL: SELECT * FROM `dic_area` WHERE ( `factoryId` = '秦皇岛分公司' ) AND ( `workshopId` = '罐区三' )  [ RunTime:0.000000s ]
SQL: SELECT * FROM `tb_plantinfo` WHERE ( `factoryId` = '秦皇岛分公司' ) AND ( `workshopId` = '罐区三' ) AND ( `areaId` = '罐区三' )  [ RunTime:0.002000s ]
SQL: SELECT * FROM `dic_workshop` WHERE ( `factoryId` = '湛江分公司' )  [ RunTime:0.000000s ]
SQL: SELECT * FROM `dic_area` WHERE ( `factoryId` = '湛江分公司' ) AND ( `workshopId` = '罐区一' )  [ RunTime:0.001000s ]
SQL: SELECT * FROM `tb_plantinfo` WHERE ( `factoryId` = '湛江分公司' ) AND ( `workshopId` = '罐区一' ) AND ( `areaId` = '罐区一' )  [ RunTime:0.003000s ]
NOTIC: [2] Invalid argument supplied for foreach() E:\phproot\model\Apps\Home\Controller\PublicController.class.php 第 72 行.
SQL: SELECT * FROM `dic_area` WHERE ( `factoryId` = '湛江分公司' ) AND ( `workshopId` = '罐区二' )  [ RunTime:0.001001s ]
SQL: SELECT * FROM `tb_plantinfo` WHERE ( `factoryId` = '湛江分公司' ) AND ( `workshopId` = '罐区二' ) AND ( `areaId` = '罐区二' )  [ RunTime:0.003000s ]
SQL: SELECT * FROM `dic_workshop` WHERE ( `factoryId` = '高富分公司' )  [ RunTime:0.000000s ]
SQL: SELECT * FROM `dic_area` WHERE ( `factoryId` = '高富分公司' ) AND ( `workshopId` = '罐区一' )  [ RunTime:0.000000s ]
SQL: SELECT * FROM `tb_plantinfo` WHERE ( `factoryId` = '高富分公司' ) AND ( `workshopId` = '罐区一' ) AND ( `areaId` = '罐区一' )  [ RunTime:0.003000s ]
SQL: SELECT * FROM `dic_area` WHERE ( `factoryId` = '高富分公司' ) AND ( `workshopId` = '罐区二' )  [ RunTime:0.001000s ]
SQL: SELECT * FROM `tb_plantinfo` WHERE ( `factoryId` = '高富分公司' ) AND ( `workshopId` = '罐区二' ) AND ( `areaId` = '罐区二' )  [ RunTime:0.004001s ]
SQL: SELECT * FROM `dic_workshop` WHERE ( `factoryId` = '温州分公司' )  [ RunTime:0.000000s ]
SQL: SELECT * FROM `dic_area` WHERE ( `factoryId` = '温州分公司' ) AND ( `workshopId` = '罐区一' )  [ RunTime:0.001000s ]
SQL: SELECT * FROM `tb_plantinfo` WHERE ( `factoryId` = '温州分公司' ) AND ( `workshopId` = '罐区一' ) AND ( `areaId` = '罐区一' )  [ RunTime:0.002000s ]
SQL: SELECT * FROM `dic_area` WHERE ( `factoryId` = '温州分公司' ) AND ( `workshopId` = '罐区二' )  [ RunTime:0.000000s ]
SQL: SELECT * FROM `tb_plantinfo` WHERE ( `factoryId` = '温州分公司' ) AND ( `workshopId` = '罐区二' ) AND ( `areaId` = '罐区二' )  [ RunTime:0.003000s ]
SQL: SELECT * FROM `dic_workshop` WHERE ( `factoryId` = '宁波分公司' )  [ RunTime:0.001000s ]
SQL: SELECT * FROM `dic_area` WHERE ( `factoryId` = '宁波分公司' ) AND ( `workshopId` = '罐区一' )  [ RunTime:0.001000s ]
SQL: SELECT * FROM `tb_plantinfo` WHERE ( `factoryId` = '宁波分公司' ) AND ( `workshopId` = '罐区一' ) AND ( `areaId` = '罐区一' )  [ RunTime:0.002000s ]
SQL: SELECT * FROM `dic_area` WHERE ( `factoryId` = '宁波分公司' ) AND ( `workshopId` = '罐区二' )  [ RunTime:0.001000s ]
SQL: SELECT * FROM `tb_plantinfo` WHERE ( `factoryId` = '宁波分公司' ) AND ( `workshopId` = '罐区二' ) AND ( `areaId` = '罐区二' )  [ RunTime:0.002000s ]

[ 2016-07-24T11:08:07+08:00 ] 127.0.0.1 /model/index.php/Home/RiskCalculation/riskBasedInfo.html?id=28
INFO: [ app_begin ] --START--
INFO: Run Behavior\ReadHtmlCache [ RunTime:0.000000s ]
INFO: [ app_begin ] --END-- [ RunTime:0.000000s ]
NOTIC: [8192] mysql_connect(): The mysql extension is deprecated and will be removed in the future: use mysqli or PDO instead E:\phproot\model\ThinkPHP\Library\Think\Db\Driver\Mysql.class.php 第 52 行.
SQL: SHOW COLUMNS FROM `tb_plantinfo` [ RunTime:0.009000s ]
SQL: SELECT * FROM `tb_plantinfo` WHERE ( `id` = 28 )  [ RunTime:0.003000s ]
SQL: SHOW COLUMNS FROM `tb_risklist` [ RunTime:0.005000s ]
SQL: SELECT * FROM `tb_risklist` WHERE ( 1=1 AND pid='28' )  [ RunTime:0.002000s ]
SQL: SELECT * FROM `tb_plantinfo` WHERE ( `id` = 28 )  [ RunTime:0.003000s ]
SQL: SHOW COLUMNS FROM `tb_plantwallboardinfo` [ RunTime:0.006001s ]
SQL: SELECT * FROM `tb_plantwallboardinfo` WHERE ( 1=1 AND pid='28' )  [ RunTime:0.001000s ]
SQL: SHOW COLUMNS FROM `tb_riskcalpara` [ RunTime:0.006000s ]
SQL: SELECT * FROM `tb_riskcalpara` WHERE ( `pid` = '28' )  [ RunTime:0.002001s ]
SQL: SELECT * FROM `tb_risklist` WHERE ( `pid` = '28' ) ORDER BY countDate desc  [ RunTime:0.002000s ]
SQL: SHOW COLUMNS FROM `tb_riskdetail` [ RunTime:0.008000s ]
SQL: SELECT * FROM `tb_riskdetail` WHERE ( 1=1 AND pid='229' )  [ RunTime:0.001000s ]
SQL: SELECT * FROM `tb_riskdetail` WHERE ( 1=1 AND pid='230' )  [ RunTime:0.002000s ]
SQL: SELECT * FROM `tb_riskdetail` WHERE ( 1=1 AND pid='228' )  [ RunTime:0.001000s ]
INFO: [ view_parse ] --START--
INFO: [ template_filter ] --START--
INFO: Run Behavior\ContentReplace [ RunTime:0.001000s ]
INFO: [ template_filter ] --END-- [ RunTime:0.002000s ]
NOTIC: [8] Undefined variable: thicknessWall E:\phproot\model\Apps\Runtime\Cache\Home\8e520c233dea03faca646ce3a5d6d676.php 第 525 行.
NOTIC: [8] Undefined index: isFloorKeepWarm E:\phproot\model\Apps\Runtime\Cache\Home\8e520c233dea03faca646ce3a5d6d676.php 第 581 行.
NOTIC: [8] Undefined index: pHMedium E:\phproot\model\Apps\Runtime\Cache\Home\8e520c233dea03faca646ce3a5d6d676.php 第 674 行.
NOTIC: [8] Undefined index: isWallboardPaintcoat E:\phproot\model\Apps\Runtime\Cache\Home\8e520c233dea03faca646ce3a5d6d676.php 第 717 行.
NOTIC: [8] Undefined index: isWallboardInstallLining E:\phproot\model\Apps\Runtime\Cache\Home\8e520c233dea03faca646ce3a5d6d676.php 第 718 行.
NOTIC: [8] Undefined index: isWallboardPaintcoat E:\phproot\model\Apps\Runtime\Cache\Home\8e520c233dea03faca646ce3a5d6d676.php 第 721 行.
NOTIC: [8] Undefined index: isWallboardInstallLining E:\phproot\model\Apps\Runtime\Cache\Home\8e520c233dea03faca646ce3a5d6d676.php 第 722 行.
NOTIC: [8] Undefined index: isWallboardPaintcoat E:\phproot\model\Apps\Runtime\Cache\Home\8e520c233dea03faca646ce3a5d6d676.php 第 723 行.
NOTIC: [8] Undefined index: isWallboardPaintcoat E:\phproot\model\Apps\Runtime\Cache\Home\8e520c233dea03faca646ce3a5d6d676.php 第 725 行.
NOTIC: [8] Undefined index: isWallboardInstallLining E:\phproot\model\Apps\Runtime\Cache\Home\8e520c233dea03faca646ce3a5d6d676.php 第 726 行.
NOTIC: [8] Undefined index: isWallboardPaintcoat E:\phproot\model\Apps\Runtime\Cache\Home\8e520c233dea03faca646ce3a5d6d676.php 第 729 行.
NOTIC: [8] Undefined index: isWallboardInstallLining E:\phproot\model\Apps\Runtime\Cache\Home\8e520c233dea03faca646ce3a5d6d676.php 第 730 行.
NOTIC: [8] Undefined index: bottomThickness E:\phproot\model\Apps\Runtime\Cache\Home\8e520c233dea03faca646ce3a5d6d676.php 第 748 行.
NOTIC: [8] Undefined index: BottomInstallLiningDate E:\phproot\model\Apps\Runtime\Cache\Home\8e520c233dea03faca646ce3a5d6d676.php 第 756 行.
NOTIC: [8] Undefined index: pHMedium E:\phproot\model\Apps\Runtime\Cache\Home\8e520c233dea03faca646ce3a5d6d676.php 第 958 行.
INFO: Run Behavior\ParseTemplate [ RunTime:0.116006s ]
INFO: [ view_parse ] --END-- [ RunTime:0.116006s ]
INFO: [ view_filter ] --START--
INFO: Run Behavior\WriteHtmlCache [ RunTime:0.000000s ]
INFO: [ view_filter ] --END-- [ RunTime:0.001001s ]
INFO: [ app_end ] --START--
INFO: Run Behavior\ShowPageTrace [ RunTime:0.001000s ]
INFO: [ app_end ] --END-- [ RunTime:0.002000s ]

[ 2016-07-24T11:08:08+08:00 ] 127.0.0.1 /model/index.php/Home/RiskCalculation/get_detail
INFO: [ app_begin ] --START--
INFO: Run Behavior\ReadHtmlCache [ RunTime:0.001000s ]
INFO: [ app_begin ] --END-- [ RunTime:0.002000s ]
ERR: 非法操作:get_detail

[ 2016-07-24T11:08:41+08:00 ] 127.0.0.1 /model/index.php/Home/RiskCalculation/riskCalList.html?area=%E7%BD%90%E5%8C%BA%E4%B8%80%20&%20wor=%E7%BD%90%E5%8C%BA%E4%B8%80%20&%20fac=%E9%9D%92%E5%B2%9B%E5%88%86%E5%85%AC%E5%8F%B8%20&%20pl=28
INFO: [ app_begin ] --START--
INFO: Run Behavior\ReadHtmlCache [ RunTime:0.000000s ]
INFO: [ app_begin ] --END-- [ RunTime:0.001000s ]
NOTIC: [8192] mysql_connect(): The mysql extension is deprecated and will be removed in the future: use mysqli or PDO instead E:\phproot\model\ThinkPHP\Library\Think\Db\Driver\Mysql.class.php 第 52 行.
SQL: SHOW COLUMNS FROM `tb_plantinfo` [ RunTime:0.010000s ]
SQL: SELECT * FROM `tb_plantinfo` WHERE ( `factoryId` = '青岛分公司 ' ) AND ( `workshopId` = '罐区一 ' ) AND ( `areaId` = '罐区一 ' ) AND ( `id` = 28 )  [ RunTime:0.002000s ]
INFO: [ view_parse ] --START--
INFO: [ template_filter ] --START--
INFO: Run Behavior\ContentReplace [ RunTime:0.001000s ]
INFO: [ template_filter ] --END-- [ RunTime:0.001000s ]
INFO: Run Behavior\ParseTemplate [ RunTime:0.017001s ]
INFO: [ view_parse ] --END-- [ RunTime:0.017001s ]
INFO: [ view_filter ] --START--
INFO: Run Behavior\WriteHtmlCache [ RunTime:0.000000s ]
INFO: [ view_filter ] --END-- [ RunTime:0.001000s ]
INFO: [ app_end ] --START--
INFO: Run Behavior\ShowPageTrace [ RunTime:0.000000s ]
INFO: [ app_end ] --END-- [ RunTime:0.001000s ]

[ 2016-07-24T11:08:43+08:00 ] 127.0.0.1 /model/index.php/Home/RiskCalculation/riskBasedInfo.html?id=28
INFO: [ app_begin ] --START--
INFO: Run Behavior\ReadHtmlCache [ RunTime:0.001000s ]
INFO: [ app_begin ] --END-- [ RunTime:0.001000s ]
NOTIC: [8192] mysql_connect(): The mysql extension is deprecated and will be removed in the future: use mysqli or PDO instead E:\phproot\model\ThinkPHP\Library\Think\Db\Driver\Mysql.class.php 第 52 行.
SQL: SHOW COLUMNS FROM `tb_plantinfo` [ RunTime:0.019001s ]
SQL: SELECT * FROM `tb_plantinfo` WHERE ( `id` = 28 )  [ RunTime:0.002000s ]
SQL: SHOW COLUMNS FROM `tb_risklist` [ RunTime:0.006000s ]
SQL: SELECT * FROM `tb_risklist` WHERE ( 1=1 AND pid='28' )  [ RunTime:0.002001s ]
SQL: SELECT * FROM `tb_plantinfo` WHERE ( `id` = 28 )  [ RunTime:0.003000s ]
SQL: SHOW COLUMNS FROM `tb_plantwallboardinfo` [ RunTime:0.014001s ]
SQL: SELECT * FROM `tb_plantwallboardinfo` WHERE ( 1=1 AND pid='28' )  [ RunTime:0.001000s ]
SQL: SHOW COLUMNS FROM `tb_riskcalpara` [ RunTime:0.008000s ]
SQL: SELECT * FROM `tb_riskcalpara` WHERE ( `pid` = '28' )  [ RunTime:0.002001s ]
SQL: SELECT * FROM `tb_risklist` WHERE ( `pid` = '28' ) ORDER BY countDate desc  [ RunTime:0.001000s ]
SQL: SHOW COLUMNS FROM `tb_riskdetail` [ RunTime:0.005000s ]
SQL: SELECT * FROM `tb_riskdetail` WHERE ( 1=1 AND pid='229' )  [ RunTime:0.001000s ]
SQL: SELECT * FROM `tb_riskdetail` WHERE ( 1=1 AND pid='230' )  [ RunTime:0.001000s ]
SQL: SELECT * FROM `tb_riskdetail` WHERE ( 1=1 AND pid='228' )  [ RunTime:0.001000s ]
INFO: [ view_parse ] --START--
INFO: [ template_filter ] --START--
INFO: Run Behavior\ContentReplace [ RunTime:0.001000s ]
INFO: [ template_filter ] --END-- [ RunTime:0.002000s ]
NOTIC: [8] Undefined variable: thicknessWall E:\phproot\model\Apps\Runtime\Cache\Home\8e520c233dea03faca646ce3a5d6d676.php 第 525 行.
NOTIC: [8] Undefined index: isFloorKeepWarm E:\phproot\model\Apps\Runtime\Cache\Home\8e520c233dea03faca646ce3a5d6d676.php 第 581 行.
NOTIC: [8] Undefined index: pHMedium E:\phproot\model\Apps\Runtime\Cache\Home\8e520c233dea03faca646ce3a5d6d676.php 第 674 行.
NOTIC: [8] Undefined index: isWallboardPaintcoat E:\phproot\model\Apps\Runtime\Cache\Home\8e520c233dea03faca646ce3a5d6d676.php 第 717 行.
NOTIC: [8] Undefined index: isWallboardInstallLining E:\phproot\model\Apps\Runtime\Cache\Home\8e520c233dea03faca646ce3a5d6d676.php 第 718 行.
NOTIC: [8] Undefined index: isWallboardPaintcoat E:\phproot\model\Apps\Runtime\Cache\Home\8e520c233dea03faca646ce3a5d6d676.php 第 721 行.
NOTIC: [8] Undefined index: isWallboardInstallLining E:\phproot\model\Apps\Runtime\Cache\Home\8e520c233dea03faca646ce3a5d6d676.php 第 722 行.
NOTIC: [8] Undefined index: isWallboardPaintcoat E:\phproot\model\Apps\Runtime\Cache\Home\8e520c233dea03faca646ce3a5d6d676.php 第 723 行.
NOTIC: [8] Undefined index: isWallboardPaintcoat E:\phproot\model\Apps\Runtime\Cache\Home\8e520c233dea03faca646ce3a5d6d676.php 第 725 行.
NOTIC: [8] Undefined index: isWallboardInstallLining E:\phproot\model\Apps\Runtime\Cache\Home\8e520c233dea03faca646ce3a5d6d676.php 第 726 行.
NOTIC: [8] Undefined index: isWallboardPaintcoat E:\phproot\model\Apps\Runtime\Cache\Home\8e520c233dea03faca646ce3a5d6d676.php 第 729 行.
NOTIC: [8] Undefined index: isWallboardInstallLining E:\phproot\model\Apps\Runtime\Cache\Home\8e520c233dea03faca646ce3a5d6d676.php 第 730 行.
NOTIC: [8] Undefined index: bottomThickness E:\phproot\model\Apps\Runtime\Cache\Home\8e520c233dea03faca646ce3a5d6d676.php 第 748 行.
NOTIC: [8] Undefined index: BottomInstallLiningDate E:\phproot\model\Apps\Runtime\Cache\Home\8e520c233dea03faca646ce3a5d6d676.php 第 756 行.
NOTIC: [8] Undefined index: pHMedium E:\phproot\model\Apps\Runtime\Cache\Home\8e520c233dea03faca646ce3a5d6d676.php 第 958 行.
INFO: Run Behavior\ParseTemplate [ RunTime:0.105006s ]
INFO: [ view_parse ] --END-- [ RunTime:0.105006s ]
INFO: [ view_filter ] --START--
INFO: Run Behavior\WriteHtmlCache [ RunTime:0.001000s ]
INFO: [ view_filter ] --END-- [ RunTime:0.001000s ]
INFO: [ app_end ] --START--
INFO: Run Behavior\ShowPageTrace [ RunTime:0.001000s ]
INFO: [ app_end ] --END-- [ RunTime:0.002000s ]

[ 2016-07-24T11:08:45+08:00 ] 127.0.0.1 /model/index.php/Home/RiskCalculation/get_detail
INFO: [ app_begin ] --START--
INFO: Run Behavior\ReadHtmlCache [ RunTime:0.001000s ]
INFO: [ app_begin ] --END-- [ RunTime:0.001000s ]
ERR: 非法操作:get_detail

[ 2016-07-24T11:08:50+08:00 ] 127.0.0.1 /model/index.php/Home/Calculation/riskRate.html
INFO: [ app_begin ] --START--
INFO: Run Behavior\ReadHtmlCache [ RunTime:0.000000s ]
INFO: [ app_begin ] --END-- [ RunTime:0.001000s ]
NOTIC: [8192] mysql_connect(): The mysql extension is deprecated and will be removed in the future: use mysqli or PDO instead E:\phproot\model\ThinkPHP\Library\Think\Db\Driver\Mysql.class.php 第 52 行.
SQL: SHOW COLUMNS FROM `tb_plantinfo` [ RunTime:0.010000s ]
SQL: SELECT * FROM `tb_plantinfo` WHERE ( `id` = 28 )  [ RunTime:0.003000s ]
SQL: SHOW COLUMNS FROM `tb_measurethicknessrecord_wall_origin` [ RunTime:0.009000s ]
SQL: SELECT * FROM `tb_measurethicknessrecord_wall_origin` WHERE ( 1=1 AND pid='28' )  [ RunTime:0.001000s ]
SQL: SELECT * FROM `tb_plantinfo` WHERE ( `id` = 28 )  [ RunTime:0.002000s ]
SQL: SHOW COLUMNS FROM `tb_riskcalpara` [ RunTime:0.009000s ]
SQL: SELECT * FROM `tb_riskcalpara` WHERE ( 1=1 AND pid='28' ) LIMIT 1   [ RunTime:0.001000s ]
NOTIC: [8] Undefined offset: 0 E:\phproot\model\Apps\Home\Controller\CalculationController.class.php 第 25 行.
NOTIC: [8] Undefined offset: 0 E:\phproot\model\Apps\Home\Controller\CalculationController.class.php 第 27 行.
NOTIC: [8] Undefined offset: 0 E:\phproot\model\Apps\Home\Controller\CalculationController.class.php 第 28 行.
NOTIC: [8] Undefined offset: 0 E:\phproot\model\Apps\Home\Controller\CalculationController.class.php 第 31 行.
NOTIC: [8] Undefined offset: 0 E:\phproot\model\Apps\Home\Controller\CalculationController.class.php 第 32 行.
NOTIC: [8] Undefined offset: 0 E:\phproot\model\Apps\Home\Controller\CalculationController.class.php 第 33 行.
NOTIC: [8] Undefined offset: 0 E:\phproot\model\Apps\Home\Controller\CalculationController.class.php 第 34 行.
NOTIC: [8] Undefined offset: 0 E:\phproot\model\Apps\Home\Controller\CalculationController.class.php 第 35 行.
NOTIC: [8] Undefined offset: 0 E:\phproot\model\Apps\Home\Controller\CalculationController.class.php 第 36 行.
NOTIC: [8] Undefined offset: 0 E:\phproot\model\Apps\Home\Controller\CalculationController.class.php 第 37 行.
NOTIC: [8] Undefined offset: 0 E:\phproot\model\Apps\Home\Controller\CalculationController.class.php 第 38 行.
NOTIC: [8] Undefined offset: 0 E:\phproot\model\Apps\Home\Controller\CalculationController.class.php 第 39 行.
NOTIC: [8] Undefined offset: 0 E:\phproot\model\Apps\Home\Controller\CalculationController.class.php 第 40 行.
NOTIC: [8] Undefined offset: 0 E:\phproot\model\Apps\Home\Controller\CalculationController.class.php 第 41 行.
NOTIC: [8] Undefined offset: 0 E:\phproot\model\Apps\Home\Controller\CalculationController.class.php 第 43 行.
NOTIC: [8] Undefined offset: 0 E:\phproot\model\Apps\Home\Controller\CalculationController.class.php 第 44 行.
NOTIC: [8] Undefined offset: 0 E:\phproot\model\Apps\Home\Controller\CalculationController.class.php 第 45 行.
NOTIC: [8] Undefined offset: 0 E:\phproot\model\Apps\Home\Controller\CalculationController.class.php 第 46 行.
NOTIC: [8] Undefined offset: 0 E:\phproot\model\Apps\Home\Controller\CalculationController.class.php 第 47 行.
NOTIC: [8] Undefined offset: 0 E:\phproot\model\Apps\Home\Controller\CalculationController.class.php 第 48 行.
NOTIC: [8] Undefined offset: 0 E:\phproot\model\Apps\Home\Controller\CalculationController.class.php 第 49 行.
NOTIC: [8] Undefined offset: 0 E:\phproot\model\Apps\Home\Controller\CalculationController.class.php 第 50 行.
NOTIC: [8] Undefined offset: 0 E:\phproot\model\Apps\Home\Controller\CalculationController.class.php 第 51 行.
NOTIC: [8] Undefined offset: 0 E:\phproot\model\Apps\Home\Controller\CalculationController.class.php 第 52 行.
NOTIC: [8] Undefined offset: 0 E:\phproot\model\Apps\Home\Controller\CalculationController.class.php 第 53 行.
NOTIC: [8] Undefined offset: 0 E:\phproot\model\Apps\Home\Controller\CalculationController.class.php 第 54 行.
NOTIC: [8] Undefined offset: 0 E:\phproot\model\Apps\Home\Controller\CalculationController.class.php 第 55 行.
NOTIC: [8] Undefined offset: 0 E:\phproot\model\Apps\Home\Controller\CalculationController.class.php 第 56 行.
NOTIC: [8] Undefined offset: 0 E:\phproot\model\Apps\Home\Controller\CalculationController.class.php 第 58 行.
NOTIC: [8] Undefined offset: 0 E:\phproot\model\Apps\Home\Controller\CalculationController.class.php 第 59 行.
NOTIC: [8] Undefined offset: 0 E:\phproot\model\Apps\Home\Controller\CalculationController.class.php 第 60 行.
NOTIC: [8] Undefined offset: 0 E:\phproot\model\Apps\Home\Controller\CalculationController.class.php 第 61 行.
NOTIC: [8] Undefined offset: 0 E:\phproot\model\Apps\Home\Controller\CalculationController.class.php 第 62 行.
NOTIC: [8] Undefined offset: 0 E:\phproot\model\Apps\Home\Controller\CalculationController.class.php 第 63 行.
NOTIC: [8] Undefined offset: 0 E:\phproot\model\Apps\Home\Controller\CalculationController.class.php 第 64 行.
NOTIC: [8] Undefined offset: 0 E:\phproot\model\Apps\Home\Controller\CalculationController.class.php 第 65 行.
NOTIC: [8] Undefined offset: 0 E:\phproot\model\Apps\Home\Controller\CalculationController.class.php 第 66 行.
NOTIC: [8] Undefined offset: 0 E:\phproot\model\Apps\Home\Controller\CalculationController.class.php 第 67 行.
NOTIC: [8] Undefined offset: 0 E:\phproot\model\Apps\Home\Controller\CalculationController.class.php 第 68 行.
NOTIC: [8] Undefined index: height E:\phproot\model\Apps\Home\Controller\CalculationController.class.php 第 71 行.
NOTIC: [8] Undefined index: height E:\phproot\model\Apps\Home\Controller\CalculationController.class.php 第 71 行.
NOTIC: [8] Undefined index: height E:\phproot\model\Apps\Home\Controller\CalculationController.class.php 第 71 行.
NOTIC: [8] Undefined index: height E:\phproot\model\Apps\Home\Controller\CalculationController.class.php 第 71 行.
NOTIC: [8] Undefined index: height E:\phproot\model\Apps\Home\Controller\CalculationController.class.php 第 71 行.
NOTIC: [8] Undefined index: height E:\phproot\model\Apps\Home\Controller\CalculationController.class.php 第 71 行.
NOTIC: [8] Undefined index: height E:\phproot\model\Apps\Home\Controller\CalculationController.class.php 第 71 行.
NOTIC: [8] Undefined index: height E:\phproot\model\Apps\Home\Controller\CalculationController.class.php 第 71 行.
NOTIC: [8] Undefined index: operatingTemp E:\phproot\model\Apps\Home\Controller\CalculationController.class.php 第 833 行.
NOTIC: [8] Undefined index: operatingTemp E:\phproot\model\Apps\Home\Controller\CalculationController.class.php 第 833 行.
NOTIC: [8] Undefined index: isMediumWater E:\phproot\model\Apps\Home\Controller\CalculationController.class.php 第 430 行.
NOTIC: [8] Undefined index: isHeatTreatAfterWeld E:\phproot\model\Apps\Home\Controller\CalculationController.class.php 第 433 行.
NOTIC: [8] Undefined index: isHeatTracing E:\phproot\model\Apps\Home\Controller\CalculationController.class.php 第 436 行.
NOTIC: [8] Undefined index: isMediumWater E:\phproot\model\Apps\Home\Controller\CalculationController.class.php 第 437 行.
NOTIC: [8] Undefined index: isSteamBlowing E:\phproot\model\Apps\Home\Controller\CalculationController.class.php 第 438 行.
NOTIC: [8] Undefined offset: 0 E:\phproot\model\Apps\Home\Controller\CalculationController.class.php 第 826 行.
NOTIC: [8] Undefined index:  E:\phproot\model\Apps\Home\Controller\CalculationController.class.php 第 826 行.
NOTIC: [8] Undefined index: isMediumWater E:\phproot\model\Apps\Home\Controller\CalculationController.class.php 第 430 行.
NOTIC: [8] Undefined index: isHeatTreatAfterWeld E:\phproot\model\Apps\Home\Controller\CalculationController.class.php 第 433 行.
NOTIC: [8] Undefined index: isHeatTracing E:\phproot\model\Apps\Home\Controller\CalculationController.class.php 第 436 行.
NOTIC: [8] Undefined index: isMediumWater E:\phproot\model\Apps\Home\Controller\CalculationController.class.php 第 437 行.
NOTIC: [8] Undefined index: isSteamBlowing E:\phproot\model\Apps\Home\Controller\CalculationController.class.php 第 438 行.
NOTIC: [8] Undefined offset: 0 E:\phproot\model\Apps\Home\Controller\CalculationController.class.php 第 826 行.
NOTIC: [8] Undefined index:  E:\phproot\model\Apps\Home\Controller\CalculationController.class.php 第 826 行.
NOTIC: [8] Undefined index: operatingTemp E:\phproot\model\Apps\Home\Controller\CalculationController.class.php 第 833 行.
NOTIC: [8] Undefined index: operatingTemp E:\phproot\model\Apps\Home\Controller\CalculationController.class.php 第 833 行.
NOTIC: [8] Undefined index: isMediumWater E:\phproot\model\Apps\Home\Controller\CalculationController.class.php 第 430 行.
NOTIC: [8] Undefined index: isHeatTreatAfterWeld E:\phproot\model\Apps\Home\Controller\CalculationController.class.php 第 433 行.
NOTIC: [8] Undefined index: isHeatTracing E:\phproot\model\Apps\Home\Controller\CalculationController.class.php 第 436 行.
NOTIC: [8] Undefined index: isMediumWater E:\phproot\model\Apps\Home\Controller\CalculationController.class.php 第 437 行.
NOTIC: [8] Undefined index: isSteamBlowing E:\phproot\model\Apps\Home\Controller\CalculationController.class.php 第 438 行.
NOTIC: [8] Undefined offset: 0 E:\phproot\model\Apps\Home\Controller\CalculationController.class.php 第 826 行.
NOTIC: [8] Undefined index:  E:\phproot\model\Apps\Home\Controller\CalculationController.class.php 第 826 行.
NOTIC: [8] Undefined index: isMediumWater E:\phproot\model\Apps\Home\Controller\CalculationController.class.php 第 430 行.
NOTIC: [8] Undefined index: isHeatTreatAfterWeld E:\phproot\model\Apps\Home\Controller\CalculationController.class.php 第 433 行.
NOTIC: [8] Undefined index: isHeatTracing E:\phproot\model\Apps\Home\Controller\CalculationController.class.php 第 436 行.
NOTIC: [8] Undefined index: isMediumWater E:\phproot\model\Apps\Home\Controller\CalculationController.class.php 第 437 行.
NOTIC: [8] Undefined index: isSteamBlowing E:\phproot\model\Apps\Home\Controller\CalculationController.class.php 第 438 行.
NOTIC: [8] Undefined offset: 0 E:\phproot\model\Apps\Home\Controller\CalculationController.class.php 第 826 行.
NOTIC: [8] Undefined index:  E:\phproot\model\Apps\Home\Controller\CalculationController.class.php 第 826 行.
NOTIC: [8] Undefined index: operatingTemp E:\phproot\model\Apps\Home\Controller\CalculationController.class.php 第 833 行.
NOTIC: [8] Undefined index: operatingTemp E:\phproot\model\Apps\Home\Controller\CalculationController.class.php 第 833 行.
NOTIC: [8] Undefined index: isMediumWater E:\phproot\model\Apps\Home\Controller\CalculationController.class.php 第 430 行.
NOTIC: [8] Undefined index: isHeatTreatAfterWeld E:\phproot\model\Apps\Home\Controller\CalculationController.class.php 第 433 行.
NOTIC: [8] Undefined index: isHeatTracing E:\phproot\model\Apps\Home\Controller\CalculationController.class.php 第 436 行.
NOTIC: [8] Undefined index: isMediumWater E:\phproot\model\Apps\Home\Controller\CalculationController.class.php 第 437 行.
NOTIC: [8] Undefined index: isSteamBlowing E:\phproot\model\Apps\Home\Controller\CalculationController.class.php 第 438 行.
NOTIC: [8] Undefined offset: 0 E:\phproot\model\Apps\Home\Controller\CalculationController.class.php 第 826 行.
NOTIC: [8] Undefined index:  E:\phproot\model\Apps\Home\Controller\CalculationController.class.php 第 826 行.
NOTIC: [8] Undefined index: isMediumWater E:\phproot\model\Apps\Home\Controller\CalculationController.class.php 第 430 行.
NOTIC: [8] Undefined index: isHeatTreatAfterWeld E:\phproot\model\Apps\Home\Controller\CalculationController.class.php 第 433 行.
NOTIC: [8] Undefined index: isHeatTracing E:\phproot\model\Apps\Home\Controller\CalculationController.class.php 第 436 行.
NOTIC: [8] Undefined index: isMediumWater E:\phproot\model\Apps\Home\Controller\CalculationController.class.php 第 437 行.
NOTIC: [8] Undefined index: isSteamBlowing E:\phproot\model\Apps\Home\Controller\CalculationController.class.php 第 438 行.
NOTIC: [8] Undefined offset: 0 E:\phproot\model\Apps\Home\Controller\CalculationController.class.php 第 826 行.
NOTIC: [8] Undefined index:  E:\phproot\model\Apps\Home\Controller\CalculationController.class.php 第 826 行.
NOTIC: [8] Undefined index: operatingTemp E:\phproot\model\Apps\Home\Controller\CalculationController.class.php 第 833 行.
NOTIC: [8] Undefined index: operatingTemp E:\phproot\model\Apps\Home\Controller\CalculationController.class.php 第 833 行.
NOTIC: [8] Undefined index: isMediumWater E:\phproot\model\Apps\Home\Controller\CalculationController.class.php 第 430 行.
NOTIC: [8] Undefined index: isHeatTreatAfterWeld E:\phproot\model\Apps\Home\Controller\CalculationController.class.php 第 433 行.
NOTIC: [8] Undefined index: isHeatTracing E:\phproot\model\Apps\Home\Controller\CalculationController.class.php 第 436 行.
NOTIC: [8] Undefined index: isMediumWater E:\phproot\model\Apps\Home\Controller\CalculationController.class.php 第 437 行.
NOTIC: [8] Undefined index: isSteamBlowing E:\phproot\model\Apps\Home\Controller\CalculationController.class.php 第 438 行.
NOTIC: [8] Undefined offset: 0 E:\phproot\model\Apps\Home\Controller\CalculationController.class.php 第 826 行.
NOTIC: [8] Undefined index:  E:\phproot\model\Apps\Home\Controller\CalculationController.class.php 第 826 行.
NOTIC: [8] Undefined index: isMediumWater E:\phproot\model\Apps\Home\Controller\CalculationController.class.php 第 430 行.
NOTIC: [8] Undefined index: isHeatTreatAfterWeld E:\phproot\model\Apps\Home\Controller\CalculationController.class.php 第 433 行.
NOTIC: [8] Undefined index: isHeatTracing E:\phproot\model\Apps\Home\Controller\CalculationController.class.php 第 436 行.
NOTIC: [8] Undefined index: isMediumWater E:\phproot\model\Apps\Home\Controller\CalculationController.class.php 第 437 行.
NOTIC: [8] Undefined index: isSteamBlowing E:\phproot\model\Apps\Home\Controller\CalculationController.class.php 第 438 行.
NOTIC: [8] Undefined offset: 0 E:\phproot\model\Apps\Home\Controller\CalculationController.class.php 第 826 行.
NOTIC: [8] Undefined index:  E:\phproot\model\Apps\Home\Controller\CalculationController.class.php 第 826 行.
NOTIC: [8] Undefined index: operatingTemp E:\phproot\model\Apps\Home\Controller\CalculationController.class.php 第 833 行.
NOTIC: [8] Undefined index: operatingTemp E:\phproot\model\Apps\Home\Controller\CalculationController.class.php 第 833 行.
NOTIC: [8] Undefined index: isMediumWater E:\phproot\model\Apps\Home\Controller\CalculationController.class.php 第 430 行.
NOTIC: [8] Undefined index: isHeatTreatAfterWeld E:\phproot\model\Apps\Home\Controller\CalculationController.class.php 第 433 行.
NOTIC: [8] Undefined index: isHeatTracing E:\phproot\model\Apps\Home\Controller\CalculationController.class.php 第 436 行.
NOTIC: [8] Undefined index: isMediumWater E:\phproot\model\Apps\Home\Controller\CalculationController.class.php 第 437 行.
NOTIC: [8] Undefined index: isSteamBlowing E:\phproot\model\Apps\Home\Controller\CalculationController.class.php 第 438 行.
NOTIC: [8] Undefined offset: 0 E:\phproot\model\Apps\Home\Controller\CalculationController.class.php 第 826 行.
NOTIC: [8] Undefined index:  E:\phproot\model\Apps\Home\Controller\CalculationController.class.php 第 826 行.
NOTIC: [8] Undefined index: isMediumWater E:\phproot\model\Apps\Home\Controller\CalculationController.class.php 第 430 行.
NOTIC: [8] Undefined index: isHeatTreatAfterWeld E:\phproot\model\Apps\Home\Controller\CalculationController.class.php 第 433 行.
NOTIC: [8] Undefined index: isHeatTracing E:\phproot\model\Apps\Home\Controller\CalculationController.class.php 第 436 行.
NOTIC: [8] Undefined index: isMediumWater E:\phproot\model\Apps\Home\Controller\CalculationController.class.php 第 437 行.
NOTIC: [8] Undefined index: isSteamBlowing E:\phproot\model\Apps\Home\Controller\CalculationController.class.php 第 438 行.
NOTIC: [8] Undefined offset: 0 E:\phproot\model\Apps\Home\Controller\CalculationController.class.php 第 826 行.
NOTIC: [8] Undefined index:  E:\phproot\model\Apps\Home\Controller\CalculationController.class.php 第 826 行.
NOTIC: [8] Undefined index: operatingTemp E:\phproot\model\Apps\Home\Controller\CalculationController.class.php 第 833 行.
NOTIC: [8] Undefined index: operatingTemp E:\phproot\model\Apps\Home\Controller\CalculationController.class.php 第 833 行.
NOTIC: [8] Undefined index: isMediumWater E:\phproot\model\Apps\Home\Controller\CalculationController.class.php 第 430 行.
NOTIC: [8] Undefined index: isHeatTreatAfterWeld E:\phproot\model\Apps\Home\Controller\CalculationController.class.php 第 433 行.
NOTIC: [8] Undefined index: isHeatTracing E:\phproot\model\Apps\Home\Controller\CalculationController.class.php 第 436 行.
NOTIC: [8] Undefined index: isMediumWater E:\phproot\model\Apps\Home\Controller\CalculationController.class.php 第 437 行.
NOTIC: [8] Undefined index: isSteamBlowing E:\phproot\model\Apps\Home\Controller\CalculationController.class.php 第 438 行.
NOTIC: [8] Undefined offset: 0 E:\phproot\model\Apps\Home\Controller\CalculationController.class.php 第 826 行.
NOTIC: [8] Undefined index:  E:\phproot\model\Apps\Home\Controller\CalculationController.class.php 第 826 行.
NOTIC: [8] Undefined index: isMediumWater E:\phproot\model\Apps\Home\Controller\CalculationController.class.php 第 430 行.
NOTIC: [8] Undefined index: isHeatTreatAfterWeld E:\phproot\model\Apps\Home\Controller\CalculationController.class.php 第 433 行.
NOTIC: [8] Undefined index: isHeatTracing E:\phproot\model\Apps\Home\Controller\CalculationController.class.php 第 436 行.
NOTIC: [8] Undefined index: isMediumWater E:\phproot\model\Apps\Home\Controller\CalculationController.class.php 第 437 行.
NOTIC: [8] Undefined index: isSteamBlowing E:\phproot\model\Apps\Home\Controller\CalculationController.class.php 第 438 行.
NOTIC: [8] Undefined offset: 0 E:\phproot\model\Apps\Home\Controller\CalculationController.class.php 第 826 行.
NOTIC: [8] Undefined index:  E:\phproot\model\Apps\Home\Controller\CalculationController.class.php 第 826 行.
NOTIC: [8] Undefined index: operatingTemp E:\phproot\model\Apps\Home\Controller\CalculationController.class.php 第 833 行.
NOTIC: [8] Undefined index: operatingTemp E:\phproot\model\Apps\Home\Controller\CalculationController.class.php 第 833 行.
NOTIC: [8] Undefined index: isMediumWater E:\phproot\model\Apps\Home\Controller\CalculationController.class.php 第 430 行.
NOTIC: [8] Undefined index: isHeatTreatAfterWeld E:\phproot\model\Apps\Home\Controller\CalculationController.class.php 第 433 行.
NOTIC: [8] Undefined index: isHeatTracing E:\phproot\model\Apps\Home\Controller\CalculationController.class.php 第 436 行.
NOTIC: [8] Undefined index: isMediumWater E:\phproot\model\Apps\Home\Controller\CalculationController.class.php 第 437 行.
NOTIC: [8] Undefined index: isSteamBlowing E:\phproot\model\Apps\Home\Controller\CalculationController.class.php 第 438 行.
NOTIC: [8] Undefined offset: 0 E:\phproot\model\Apps\Home\Controller\CalculationController.class.php 第 826 行.
NOTIC: [8] Undefined index:  E:\phproot\model\Apps\Home\Controller\CalculationController.class.php 第 826 行.
NOTIC: [8] Undefined index: isMediumWater E:\phproot\model\Apps\Home\Controller\CalculationController.class.php 第 430 行.
NOTIC: [8] Undefined index: isHeatTreatAfterWeld E:\phproot\model\Apps\Home\Controller\CalculationController.class.php 第 433 行.
NOTIC: [8] Undefined index: isHeatTracing E:\phproot\model\Apps\Home\Controller\CalculationController.class.php 第 436 行.
NOTIC: [8] Undefined index: isMediumWater E:\phproot\model\Apps\Home\Controller\CalculationController.class.php 第 437 行.
NOTIC: [8] Undefined index: isSteamBlowing E:\phproot\model\Apps\Home\Controller\CalculationController.class.php 第 438 行.
NOTIC: [8] Undefined offset: 0 E:\phproot\model\Apps\Home\Controller\CalculationController.class.php 第 826 行.
NOTIC: [8] Undefined index:  E:\phproot\model\Apps\Home\Controller\CalculationController.class.php 第 826 行.
NOTIC: [8] Undefined index: operatingTemp E:\phproot\model\Apps\Home\Controller\CalculationController.class.php 第 833 行.
NOTIC: [8] Undefined index: operatingTemp E:\phproot\model\Apps\Home\Controller\CalculationController.class.php 第 833 行.
NOTIC: [8] Undefined index: isMediumWater E:\phproot\model\Apps\Home\Controller\CalculationController.class.php 第 430 行.
NOTIC: [8] Undefined index: isHeatTreatAfterWeld E:\phproot\model\Apps\Home\Controller\CalculationController.class.php 第 433 行.
NOTIC: [8] Undefined index: isHeatTracing E:\phproot\model\Apps\Home\Controller\CalculationController.class.php 第 436 行.
NOTIC: [8] Undefined index: isMediumWater E:\phproot\model\Apps\Home\Controller\CalculationController.class.php 第 437 行.
NOTIC: [8] Undefined index: isSteamBlowing E:\phproot\model\Apps\Home\Controller\CalculationController.class.php 第 438 行.
NOTIC: [8] Undefined offset: 0 E:\phproot\model\Apps\Home\Controller\CalculationController.class.php 第 826 行.
NOTIC: [8] Undefined index:  E:\phproot\model\Apps\Home\Controller\CalculationController.class.php 第 826 行.
NOTIC: [8] Undefined index: isMediumWater E:\phproot\model\Apps\Home\Controller\CalculationController.class.php 第 430 行.
NOTIC: [8] Undefined index: isHeatTreatAfterWeld E:\phproot\model\Apps\Home\Controller\CalculationController.class.php 第 433 行.
NOTIC: [8] Undefined index: isHeatTracing E:\phproot\model\Apps\Home\Controller\CalculationController.class.php 第 436 行.
NOTIC: [8] Undefined index: isMediumWater E:\phproot\model\Apps\Home\Controller\CalculationController.class.php 第 437 行.
NOTIC: [8] Undefined index: isSteamBlowing E:\phproot\model\Apps\Home\Controller\CalculationController.class.php 第 438 行.
NOTIC: [8] Undefined offset: 0 E:\phproot\model\Apps\Home\Controller\CalculationController.class.php 第 826 行.
NOTIC: [8] Undefined index:  E:\phproot\model\Apps\Home\Controller\CalculationController.class.php 第 826 行.
NOTIC: [8] Undefined index: isBottomKeepWarm E:\phproot\model\Apps\Home\Controller\CalculationController.class.php 第 169 行.
NOTIC: [8] Undefined index: bottomKeepWarmStatus E:\phproot\model\Apps\Home\Controller\CalculationController.class.php 第 169 行.
NOTIC: [8] Undefined index: operatingTemp E:\phproot\model\Apps\Home\Controller\CalculationController.class.php 第 833 行.
NOTIC: [8] Undefined index: isBottomKeepWarm E:\phproot\model\Apps\Home\Controller\CalculationController.class.php 第 170 行.
NOTIC: [8] Undefined index: bottomKeepWarmStatus E:\phproot\model\Apps\Home\Controller\CalculationController.class.php 第 170 行.
NOTIC: [8] Undefined index: operatingTemp E:\phproot\model\Apps\Home\Controller\CalculationController.class.php 第 833 行.
NOTIC: [8] Undefined index: isMediumWater E:\phproot\model\Apps\Home\Controller\CalculationController.class.php 第 430 行.
NOTIC: [8] Undefined index: isHeatTreatAfterWeld E:\phproot\model\Apps\Home\Controller\CalculationController.class.php 第 433 行.
NOTIC: [8] Undefined index: isHeatTracing E:\phproot\model\Apps\Home\Controller\CalculationController.class.php 第 436 行.
NOTIC: [8] Undefined index: isMediumWater E:\phproot\model\Apps\Home\Controller\CalculationController.class.php 第 437 行.
NOTIC: [8] Undefined index: isSteamBlowing E:\phproot\model\Apps\Home\Controller\CalculationController.class.php 第 438 行.
NOTIC: [8] Undefined offset: 0 E:\phproot\model\Apps\Home\Controller\CalculationController.class.php 第 826 行.
NOTIC: [8] Undefined index:  E:\phproot\model\Apps\Home\Controller\CalculationController.class.php 第 826 行.
NOTIC: [8] Undefined index: isMediumWater E:\phproot\model\Apps\Home\Controller\CalculationController.class.php 第 430 行.
NOTIC: [8] Undefined index: isHeatTreatAfterWeld E:\phproot\model\Apps\Home\Controller\CalculationController.class.php 第 433 行.
NOTIC: [8] Undefined index: isHeatTracing E:\phproot\model\Apps\Home\Controller\CalculationController.class.php 第 436 行.
NOTIC: [8] Undefined index: isMediumWater E:\phproot\model\Apps\Home\Controller\CalculationController.class.php 第 437 行.
NOTIC: [8] Undefined index: isSteamBlowing E:\phproot\model\Apps\Home\Controller\CalculationController.class.php 第 438 行.
NOTIC: [8] Undefined offset: 0 E:\phproot\model\Apps\Home\Controller\CalculationController.class.php 第 826 行.
NOTIC: [8] Undefined index:  E:\phproot\model\Apps\Home\Controller\CalculationController.class.php 第 826 行.
NOTIC: [8] Undefined index: isBottomKeepWarm E:\phproot\model\Apps\Home\Controller\CalculationController.class.php 第 189 行.
NOTIC: [8] Undefined index: bottomKeepWarmStatus E:\phproot\model\Apps\Home\Controller\CalculationController.class.php 第 189 行.
NOTIC: [8] Undefined index: operatingTemp E:\phproot\model\Apps\Home\Controller\CalculationController.class.php 第 833 行.
NOTIC: [8] Undefined index: isBottomKeepWarm E:\phproot\model\Apps\Home\Controller\CalculationController.class.php 第 190 行.
NOTIC: [8] Undefined index: bottomKeepWarmStatus E:\phproot\model\Apps\Home\Controller\CalculationController.class.php 第 190 行.
NOTIC: [8] Undefined index: operatingTemp E:\phproot\model\Apps\Home\Controller\CalculationController.class.php 第 833 行.
NOTIC: [8] Undefined index: isMediumWater E:\phproot\model\Apps\Home\Controller\CalculationController.class.php 第 430 行.
NOTIC: [8] Undefined index: isHeatTreatAfterWeld E:\phproot\model\Apps\Home\Controller\CalculationController.class.php 第 433 行.
NOTIC: [8] Undefined index: isHeatTracing E:\phproot\model\Apps\Home\Controller\CalculationController.class.php 第 436 行.
NOTIC: [8] Undefined index: isMediumWater E:\phproot\model\Apps\Home\Controller\CalculationController.class.php 第 437 行.
NOTIC: [8] Undefined index: isSteamBlowing E:\phproot\model\Apps\Home\Controller\CalculationController.class.php 第 438 行.
NOTIC: [8] Undefined offset: 0 E:\phproot\model\Apps\Home\Controller\CalculationController.class.php 第 826 行.
NOTIC: [8] Undefined index:  E:\phproot\model\Apps\Home\Controller\CalculationController.class.php 第 826 行.
NOTIC: [8] Undefined index: isMediumWater E:\phproot\model\Apps\Home\Controller\CalculationController.class.php 第 430 行.
NOTIC: [8] Undefined index: isHeatTreatAfterWeld E:\phproot\model\Apps\Home\Controller\CalculationController.class.php 第 433 行.
NOTIC: [8] Undefined index: isHeatTracing E:\phproot\model\Apps\Home\Controller\CalculationController.class.php 第 436 行.
NOTIC: [8] Undefined index: isMediumWater E:\phproot\model\Apps\Home\Controller\CalculationController.class.php 第 437 行.
NOTIC: [8] Undefined index: isSteamBlowing E:\phproot\model\Apps\Home\Controller\CalculationController.class.php 第 438 行.
NOTIC: [8] Undefined offset: 0 E:\phproot\model\Apps\Home\Controller\CalculationController.class.php 第 826 行.
NOTIC: [8] Undefined index:  E:\phproot\model\Apps\Home\Controller\CalculationController.class.php 第 826 行.
SQL: SHOW COLUMNS FROM `tb_risklist` [ RunTime:0.031002s ]
NOTIC: [8] Undefined index: Plantwallboardinfo E:\phproot\model\Apps\Home\Controller\CalculationController.class.php 第 252 行.
SQL: INSERT INTO `tb_risklist` (`pid`,`countDate`,`wallMajorRisk`,`floorMajorRisk`,`wallDamageFactor`,`floorDamageFactor`,`floorEdgeDamageFactor`,`floorEdgeCorrosionSpeed`,`floorMiddleDamageFactor`,`floorMiddleCorrosionSpeed`,`wallRiskLevel`,`floorRiskLevel`,`wallFailPro`,`floorFailPro`,`wallConsequenceLevel`,`floorConsequenceLevel`,`wallNextCheckDate`,`floorNextCheckDate`) VALUES ('28','2016-07-24',null,'边缘板',2,1,1,1,1,2,57.6,2.8,0.00144,7.0E-5,40000,40000,5,5) [ RunTime:0.039002s ]
SQL: SHOW COLUMNS FROM `tb_riskdetail` [ RunTime:0.009001s ]
NOTIC: [8] Undefined index: failurePro E:\phproot\model\Apps\Home\Controller\CalculationController.class.php 第 280 行.
NOTIC: [8] Undefined index: consequenceLevel E:\phproot\model\Apps\Home\Controller\CalculationController.class.php 第 281 行.
NOTIC: [8] Undefined index: riskLevel E:\phproot\model\Apps\Home\Controller\CalculationController.class.php 第 282 行.
NOTIC: [8] Undefined index: failurePro E:\phproot\model\Apps\Home\Controller\CalculationController.class.php 第 280 行.
NOTIC: [8] Undefined index: consequenceLevel E:\phproot\model\Apps\Home\Controller\CalculationController.class.php 第 281 行.
NOTIC: [8] Undefined index: riskLevel E:\phproot\model\Apps\Home\Controller\CalculationController.class.php 第 282 行.
NOTIC: [8] Undefined index: failurePro E:\phproot\model\Apps\Home\Controller\CalculationController.class.php 第 280 行.
NOTIC: [8] Undefined index: consequenceLevel E:\phproot\model\Apps\Home\Controller\CalculationController.class.php 第 281 行.
NOTIC: [8] Undefined index: riskLevel E:\phproot\model\Apps\Home\Controller\CalculationController.class.php 第 282 行.
NOTIC: [8] Undefined index: failurePro E:\phproot\model\Apps\Home\Controller\CalculationController.class.php 第 280 行.
NOTIC: [8] Undefined index: consequenceLevel E:\phproot\model\Apps\Home\Controller\CalculationController.class.php 第 281 行.
NOTIC: [8] Undefined index: riskLevel E:\phproot\model\Apps\Home\Controller\CalculationController.class.php 第 282 行.
NOTIC: [8] Undefined index: failurePro E:\phproot\model\Apps\Home\Controller\CalculationController.class.php 第 280 行.
NOTIC: [8] Undefined index: consequenceLevel E:\phproot\model\Apps\Home\Controller\CalculationController.class.php 第 281 行.
NOTIC: [8] Undefined index: riskLevel E:\phproot\model\Apps\Home\Controller\CalculationController.class.php 第 282 行.
NOTIC: [8] Undefined index: failurePro E:\phproot\model\Apps\Home\Controller\CalculationController.class.php 第 280 行.
NOTIC: [8] Undefined index: consequenceLevel E:\phproot\model\Apps\Home\Controller\CalculationController.class.php 第 281 行.
NOTIC: [8] Undefined index: riskLevel E:\phproot\model\Apps\Home\Controller\CalculationController.class.php 第 282 行.
NOTIC: [8] Undefined index: failurePro E:\phproot\model\Apps\Home\Controller\CalculationController.class.php 第 280 行.
NOTIC: [8] Undefined index: consequenceLevel E:\phproot\model\Apps\Home\Controller\CalculationController.class.php 第 281 行.
NOTIC: [8] Undefined index: riskLevel E:\phproot\model\Apps\Home\Controller\CalculationController.class.php 第 282 行.
NOTIC: [8] Undefined index: failurePro E:\phproot\model\Apps\Home\Controller\CalculationController.class.php 第 280 行.
NOTIC: [8] Undefined index: consequenceLevel E:\phproot\model\Apps\Home\Controller\CalculationController.class.php 第 281 行.
NOTIC: [8] Undefined index: riskLevel E:\phproot\model\Apps\Home\Controller\CalculationController.class.php 第 282 行.
SQL: INSERT INTO `tb_riskdetail` (`gpid`,`pid`,`layerNO`,`layerId`,`damageFactor`,`futureDamageFactor`,`corrosionSpeed`,`corrosionType`,`failurePro`,`consequenceLevel`,`riskLevel`) VALUES ('28',233,'1','1-1',2,2,0.02,3,null,null,null),('28',233,'2','2-1',2,2,0.02,3,null,null,null),('28',233,'3','3-1',2,2,0.02,3,null,null,null),('28',233,'4','4-1',2,2,0.02,3,null,null,null),('28',233,'5','5-1',2,2,0.02,3,null,null,null),('28',233,'1','1-2',2,2,0.02,3,null,null,null),('28',233,'1','1-3',2,2,0.02,3,null,null,null),('28',233,'2','2-2',2,2,0.02,3,null,null,null) [ RunTime:0.045003s ]
NOTIC: [8] Undefined index: isHeatTreatAfterWeld E:\phproot\model\Apps\Home\Controller\CalculationController.class.php 第 296 行.
NOTIC: [8] Undefined index: isHeatTracing E:\phproot\model\Apps\Home\Controller\CalculationController.class.php 第 299 行.
NOTIC: [8] Undefined index: isSteamBlowing E:\phproot\model\Apps\Home\Controller\CalculationController.class.php 第 301 行.
INFO: [ app_end ] --START--
INFO: Run Behavior\ShowPageTrace [ RunTime:0.001000s ]
INFO: [ app_end ] --END-- [ RunTime:0.001000s ]

[ 2016-07-24T11:08:51+08:00 ] 127.0.0.1 /model/index.php/Home/RiskCalculation/riskBasedInfo.html?id=28
INFO: [ app_begin ] --START--
INFO: Run Behavior\ReadHtmlCache [ RunTime:0.001000s ]
INFO: [ app_begin ] --END-- [ RunTime:0.001000s ]
NOTIC: [8192] mysql_connect(): The mysql extension is deprecated and will be removed in the future: use mysqli or PDO instead E:\phproot\model\ThinkPHP\Library\Think\Db\Driver\Mysql.class.php 第 52 行.
SQL: SHOW COLUMNS FROM `tb_plantinfo` [ RunTime:0.010000s ]
SQL: SELECT * FROM `tb_plantinfo` WHERE ( `id` = 28 )  [ RunTime:0.002001s ]
SQL: SHOW COLUMNS FROM `tb_risklist` [ RunTime:0.007000s ]
SQL: SELECT * FROM `tb_risklist` WHERE ( 1=1 AND pid='28' )  [ RunTime:0.002000s ]
SQL: SELECT * FROM `tb_plantinfo` WHERE ( `id` = 28 )  [ RunTime:0.001000s ]
SQL: SHOW COLUMNS FROM `tb_plantwallboardinfo` [ RunTime:0.007000s ]
SQL: SELECT * FROM `tb_plantwallboardinfo` WHERE ( 1=1 AND pid='28' )  [ RunTime:0.002000s ]
SQL: SHOW COLUMNS FROM `tb_riskcalpara` [ RunTime:0.008001s ]
SQL: SELECT * FROM `tb_riskcalpara` WHERE ( `pid` = '28' )  [ RunTime:0.002000s ]
SQL: SELECT * FROM `tb_risklist` WHERE ( `pid` = '28' ) ORDER BY countDate desc  [ RunTime:0.001000s ]
SQL: SHOW COLUMNS FROM `tb_riskdetail` [ RunTime:0.007001s ]
SQL: SELECT * FROM `tb_riskdetail` WHERE ( 1=1 AND pid='233' )  [ RunTime:0.002000s ]
SQL: SELECT * FROM `tb_riskdetail` WHERE ( 1=1 AND pid='229' )  [ RunTime:0.001000s ]
SQL: SELECT * FROM `tb_riskdetail` WHERE ( 1=1 AND pid='230' )  [ RunTime:0.001000s ]
SQL: SELECT * FROM `tb_riskdetail` WHERE ( 1=1 AND pid='228' )  [ RunTime:0.001000s ]
INFO: [ view_parse ] --START--
INFO: [ template_filter ] --START--
INFO: Run Behavior\ContentReplace [ RunTime:0.001000s ]
INFO: [ template_filter ] --END-- [ RunTime:0.001000s ]
NOTIC: [8] Undefined variable: thicknessWall E:\phproot\model\Apps\Runtime\Cache\Home\8e520c233dea03faca646ce3a5d6d676.php 第 525 行.
NOTIC: [8] Undefined index: isFloorKeepWarm E:\phproot\model\Apps\Runtime\Cache\Home\8e520c233dea03faca646ce3a5d6d676.php 第 581 行.
NOTIC: [8] Undefined index: pHMedium E:\phproot\model\Apps\Runtime\Cache\Home\8e520c233dea03faca646ce3a5d6d676.php 第 674 行.
NOTIC: [8] Undefined index: isWallboardPaintcoat E:\phproot\model\Apps\Runtime\Cache\Home\8e520c233dea03faca646ce3a5d6d676.php 第 717 行.
NOTIC: [8] Undefined index: isWallboardInstallLining E:\phproot\model\Apps\Runtime\Cache\Home\8e520c233dea03faca646ce3a5d6d676.php 第 718 行.
NOTIC: [8] Undefined index: isWallboardPaintcoat E:\phproot\model\Apps\Runtime\Cache\Home\8e520c233dea03faca646ce3a5d6d676.php 第 721 行.
NOTIC: [8] Undefined index: isWallboardInstallLining E:\phproot\model\Apps\Runtime\Cache\Home\8e520c233dea03faca646ce3a5d6d676.php 第 722 行.
NOTIC: [8] Undefined index: isWallboardPaintcoat E:\phproot\model\Apps\Runtime\Cache\Home\8e520c233dea03faca646ce3a5d6d676.php 第 723 行.
NOTIC: [8] Undefined index: isWallboardPaintcoat E:\phproot\model\Apps\Runtime\Cache\Home\8e520c233dea03faca646ce3a5d6d676.php 第 725 行.
NOTIC: [8] Undefined index: isWallboardInstallLining E:\phproot\model\Apps\Runtime\Cache\Home\8e520c233dea03faca646ce3a5d6d676.php 第 726 行.
NOTIC: [8] Undefined index: isWallboardPaintcoat E:\phproot\model\Apps\Runtime\Cache\Home\8e520c233dea03faca646ce3a5d6d676.php 第 729 行.
NOTIC: [8] Undefined index: isWallboardInstallLining E:\phproot\model\Apps\Runtime\Cache\Home\8e520c233dea03faca646ce3a5d6d676.php 第 730 行.
NOTIC: [8] Undefined index: bottomThickness E:\phproot\model\Apps\Runtime\Cache\Home\8e520c233dea03faca646ce3a5d6d676.php 第 748 行.
NOTIC: [8] Undefined index: BottomInstallLiningDate E:\phproot\model\Apps\Runtime\Cache\Home\8e520c233dea03faca646ce3a5d6d676.php 第 756 行.
NOTIC: [8] Undefined index: pHMedium E:\phproot\model\Apps\Runtime\Cache\Home\8e520c233dea03faca646ce3a5d6d676.php 第 958 行.
INFO: Run Behavior\ParseTemplate [ RunTime:0.099006s ]
INFO: [ view_parse ] --END-- [ RunTime:0.100006s ]
INFO: [ view_filter ] --START--
INFO: Run Behavior\WriteHtmlCache [ RunTime:0.001000s ]
INFO: [ view_filter ] --END-- [ RunTime:0.001000s ]
INFO: [ app_end ] --START--
INFO: Run Behavior\ShowPageTrace [ RunTime:0.000000s ]
INFO: [ app_end ] --END-- [ RunTime:0.001000s ]

[ 2016-07-24T11:08:51+08:00 ] 127.0.0.1 /model/index.php/Home/RiskCalculation/get_detail
INFO: [ app_begin ] --START--
INFO: Run Behavior\ReadHtmlCache [ RunTime:0.000000s ]
INFO: [ app_begin ] --END-- [ RunTime:0.002000s ]
ERR: 非法操作:get_detail

[ 2016-07-24T11:35:09+08:00 ] 127.0.0.1 /model/index.php/Home/Manage/index.html
INFO: [ app_begin ] --START--
INFO: Run Behavior\ReadHtmlCache [ RunTime:0.000000s ]
INFO: [ app_begin ] --END-- [ RunTime:0.010000s ]
INFO: [ view_parse ] --START--
INFO: [ template_filter ] --START--
INFO: Run Behavior\ContentReplace [ RunTime:0.000000s ]
INFO: [ template_filter ] --END-- [ RunTime:0.000000s ]
INFO: Run Behavior\ParseTemplate [ RunTime:0.018000s ]
INFO: [ view_parse ] --END-- [ RunTime:0.018000s ]
INFO: [ view_filter ] --START--
INFO: Run Behavior\WriteHtmlCache [ RunTime:0.001000s ]
INFO: [ view_filter ] --END-- [ RunTime:0.001000s ]
INFO: [ app_end ] --START--
INFO: Run Behavior\ShowPageTrace [ RunTime:0.001000s ]
INFO: [ app_end ] --END-- [ RunTime:0.001000s ]

[ 2016-07-24T11:35:09+08:00 ] 127.0.0.1 /model/index.php/Home/Manage/carousel.html
INFO: [ app_begin ] --START--
INFO: Run Behavior\ReadHtmlCache [ RunTime:0.000000s ]
INFO: [ app_begin ] --END-- [ RunTime:0.000000s ]
INFO: [ view_parse ] --START--
INFO: [ template_filter ] --START--
INFO: Run Behavior\ContentReplace [ RunTime:0.000000s ]
INFO: [ template_filter ] --END-- [ RunTime:0.000000s ]
INFO: Run Behavior\ParseTemplate [ RunTime:0.010000s ]
INFO: [ view_parse ] --END-- [ RunTime:0.010000s ]
INFO: [ view_filter ] --START--
INFO: Run Behavior\WriteHtmlCache [ RunTime:0.000000s ]
INFO: [ view_filter ] --END-- [ RunTime:0.000000s ]
INFO: [ app_end ] --START--
INFO: Run Behavior\ShowPageTrace [ RunTime:0.000000s ]
INFO: [ app_end ] --END-- [ RunTime:0.000000s ]

[ 2016-07-24T11:35:29+08:00 ] 127.0.0.1 /model/index.php/Home/RiskCalculation/tankCal.html
INFO: [ app_begin ] --START--
INFO: Run Behavior\ReadHtmlCache [ RunTime:0.000000s ]
INFO: [ app_begin ] --END-- [ RunTime:0.000000s ]
INFO: [ view_parse ] --START--
INFO: [ template_filter ] --START--
INFO: Run Behavior\ContentReplace [ RunTime:0.000000s ]
INFO: [ template_filter ] --END-- [ RunTime:0.000000s ]
INFO: Run Behavior\ParseTemplate [ RunTime:0.010001s ]
INFO: [ view_parse ] --END-- [ RunTime:0.010001s ]
INFO: [ view_filter ] --START--
INFO: Run Behavior\WriteHtmlCache [ RunTime:0.000000s ]
INFO: [ view_filter ] --END-- [ RunTime:0.001000s ]
INFO: [ app_end ] --START--
INFO: Run Behavior\ShowPageTrace [ RunTime:0.001000s ]
INFO: [ app_end ] --END-- [ RunTime:0.001000s ]

[ 2016-07-24T11:35:30+08:00 ] 127.0.0.1 /model/index.php/Home/RiskCalculation/riskCalList.html
INFO: [ app_begin ] --START--
INFO: Run Behavior\ReadHtmlCache [ RunTime:0.000000s ]
INFO: [ app_begin ] --END-- [ RunTime:0.000000s ]
NOTIC: [8192] mysql_connect(): The mysql extension is deprecated and will be removed in the future: use mysqli or PDO instead E:\phproot\model\ThinkPHP\Library\Think\Db\Driver\Mysql.class.php 第 52 行.
SQL: SHOW COLUMNS FROM `tb_plantinfo` [ RunTime:0.018001s ]
SQL: SELECT * FROM `tb_plantinfo`  [ RunTime:0.006000s ]
INFO: [ view_parse ] --START--
INFO: [ template_filter ] --START--
INFO: Run Behavior\ContentReplace [ RunTime:0.000000s ]
INFO: [ template_filter ] --END-- [ RunTime:0.001000s ]
INFO: Run Behavior\ParseTemplate [ RunTime:0.034002s ]
INFO: [ view_parse ] --END-- [ RunTime:0.034002s ]
INFO: [ view_filter ] --START--
INFO: Run Behavior\WriteHtmlCache [ RunTime:0.001000s ]
INFO: [ view_filter ] --END-- [ RunTime:0.002000s ]
INFO: [ app_end ] --START--
INFO: Run Behavior\ShowPageTrace [ RunTime:0.001000s ]
INFO: [ app_end ] --END-- [ RunTime:0.002000s ]

[ 2016-07-24T11:35:30+08:00 ] 127.0.0.1 /model/index.php/Home/Public/getTree.html
INFO: [ app_begin ] --START--
INFO: Run Behavior\ReadHtmlCache [ RunTime:0.000000s ]
INFO: [ app_begin ] --END-- [ RunTime:0.000000s ]
NOTIC: [8192] mysql_connect(): The mysql extension is deprecated and will be removed in the future: use mysqli or PDO instead E:\phproot\model\ThinkPHP\Library\Think\Db\Driver\Mysql.class.php 第 52 行.
SQL: SHOW COLUMNS FROM `dic_factory` [ RunTime:0.011001s ]
SQL: SELECT * FROM `dic_factory`  [ RunTime:0.019001s ]
SQL: SHOW COLUMNS FROM `dic_workshop` [ RunTime:0.048003s ]
SQL: SELECT * FROM `dic_workshop` WHERE ( `factoryId` = '青岛分公司' )  [ RunTime:0.001000s ]
SQL: SHOW COLUMNS FROM `dic_area` [ RunTime:0.011001s ]
SQL: SELECT * FROM `dic_area` WHERE ( `factoryId` = '青岛分公司' ) AND ( `workshopId` = '罐区一' )  [ RunTime:0.026001s ]
SQL: SHOW COLUMNS FROM `tb_plantinfo` [ RunTime:0.009000s ]
SQL: SELECT * FROM `tb_plantinfo` WHERE ( `factoryId` = '青岛分公司' ) AND ( `workshopId` = '罐区一' ) AND ( `areaId` = '罐区一' )  [ RunTime:0.002001s ]
SQL: SELECT * FROM `dic_area` WHERE ( `factoryId` = '青岛分公司' ) AND ( `workshopId` = '罐区二' )  [ RunTime:0.001000s ]
SQL: SELECT * FROM `tb_plantinfo` WHERE ( `factoryId` = '青岛分公司' ) AND ( `workshopId` = '罐区二' ) AND ( `areaId` = '罐区二' )  [ RunTime:0.002000s ]
SQL: SELECT * FROM `dic_workshop` WHERE ( `factoryId` = '江苏分公司' )  [ RunTime:0.000000s ]
SQL: SELECT * FROM `dic_area` WHERE ( `factoryId` = '江苏分公司' ) AND ( `workshopId` = '常减压' )  [ RunTime:0.001000s ]
SQL: SELECT * FROM `tb_plantinfo` WHERE ( `factoryId` = '江苏分公司' ) AND ( `workshopId` = '常减压' ) AND ( `areaId` = '常减压' )  [ RunTime:0.003000s ]
SQL: SELECT * FROM `dic_area` WHERE ( `factoryId` = '江苏分公司' ) AND ( `workshopId` = '罐区' )  [ RunTime:0.001001s ]
SQL: SELECT * FROM `tb_plantinfo` WHERE ( `factoryId` = '江苏分公司' ) AND ( `workshopId` = '罐区' ) AND ( `areaId` = '罐区' )  [ RunTime:0.003000s ]
SQL: SELECT * FROM `dic_workshop` WHERE ( `factoryId` = '秦皇岛分公司' )  [ RunTime:0.000000s ]
SQL: SELECT * FROM `dic_area` WHERE ( `factoryId` = '秦皇岛分公司' ) AND ( `workshopId` = '罐区一' )  [ RunTime:0.001000s ]
SQL: SELECT * FROM `tb_plantinfo` WHERE ( `factoryId` = '秦皇岛分公司' ) AND ( `workshopId` = '罐区一' ) AND ( `areaId` = '罐区一' )  [ RunTime:0.003000s ]
SQL: SELECT * FROM `dic_area` WHERE ( `factoryId` = '秦皇岛分公司' ) AND ( `workshopId` = '罐区二' )  [ RunTime:0.001000s ]
SQL: SELECT * FROM `tb_plantinfo` WHERE ( `factoryId` = '秦皇岛分公司' ) AND ( `workshopId` = '罐区二' ) AND ( `areaId` = '罐区二' )  [ RunTime:0.001000s ]
SQL: SELECT * FROM `dic_area` WHERE ( `factoryId` = '秦皇岛分公司' ) AND ( `workshopId` = '罐区三' )  [ RunTime:0.000000s ]
SQL: SELECT * FROM `tb_plantinfo` WHERE ( `factoryId` = '秦皇岛分公司' ) AND ( `workshopId` = '罐区三' ) AND ( `areaId` = '罐区三' )  [ RunTime:0.000000s ]
SQL: SELECT * FROM `dic_workshop` WHERE ( `factoryId` = '湛江分公司' )  [ RunTime:0.000000s ]
SQL: SELECT * FROM `dic_area` WHERE ( `factoryId` = '湛江分公司' ) AND ( `workshopId` = '罐区一' )  [ RunTime:0.011000s ]
SQL: SELECT * FROM `tb_plantinfo` WHERE ( `factoryId` = '湛江分公司' ) AND ( `workshopId` = '罐区一' ) AND ( `areaId` = '罐区一' )  [ RunTime:0.002000s ]
NOTIC: [2] Invalid argument supplied for foreach() E:\phproot\model\Apps\Home\Controller\PublicController.class.php 第 72 行.
SQL: SELECT * FROM `dic_area` WHERE ( `factoryId` = '湛江分公司' ) AND ( `workshopId` = '罐区二' )  [ RunTime:0.001000s ]
SQL: SELECT * FROM `tb_plantinfo` WHERE ( `factoryId` = '湛江分公司' ) AND ( `workshopId` = '罐区二' ) AND ( `areaId` = '罐区二' )  [ RunTime:0.002000s ]
SQL: SELECT * FROM `dic_workshop` WHERE ( `factoryId` = '高富分公司' )  [ RunTime:0.001000s ]
SQL: SELECT * FROM `dic_area` WHERE ( `factoryId` = '高富分公司' ) AND ( `workshopId` = '罐区一' )  [ RunTime:0.001000s ]
SQL: SELECT * FROM `tb_plantinfo` WHERE ( `factoryId` = '高富分公司' ) AND ( `workshopId` = '罐区一' ) AND ( `areaId` = '罐区一' )  [ RunTime:0.002000s ]
SQL: SELECT * FROM `dic_area` WHERE ( `factoryId` = '高富分公司' ) AND ( `workshopId` = '罐区二' )  [ RunTime:0.000000s ]
SQL: SELECT * FROM `tb_plantinfo` WHERE ( `factoryId` = '高富分公司' ) AND ( `workshopId` = '罐区二' ) AND ( `areaId` = '罐区二' )  [ RunTime:0.002000s ]
SQL: SELECT * FROM `dic_workshop` WHERE ( `factoryId` = '温州分公司' )  [ RunTime:0.001000s ]
SQL: SELECT * FROM `dic_area` WHERE ( `factoryId` = '温州分公司' ) AND ( `workshopId` = '罐区一' )  [ RunTime:0.001000s ]
SQL: SELECT * FROM `tb_plantinfo` WHERE ( `factoryId` = '温州分公司' ) AND ( `workshopId` = '罐区一' ) AND ( `areaId` = '罐区一' )  [ RunTime:0.002000s ]
SQL: SELECT * FROM `dic_area` WHERE ( `factoryId` = '温州分公司' ) AND ( `workshopId` = '罐区二' )  [ RunTime:0.001000s ]
SQL: SELECT * FROM `tb_plantinfo` WHERE ( `factoryId` = '温州分公司' ) AND ( `workshopId` = '罐区二' ) AND ( `areaId` = '罐区二' )  [ RunTime:0.002000s ]
SQL: SELECT * FROM `dic_workshop` WHERE ( `factoryId` = '宁波分公司' )  [ RunTime:0.001001s ]
SQL: SELECT * FROM `dic_area` WHERE ( `factoryId` = '宁波分公司' ) AND ( `workshopId` = '罐区一' )  [ RunTime:0.001000s ]
SQL: SELECT * FROM `tb_plantinfo` WHERE ( `factoryId` = '宁波分公司' ) AND ( `workshopId` = '罐区一' ) AND ( `areaId` = '罐区一' )  [ RunTime:0.002000s ]
SQL: SELECT * FROM `dic_area` WHERE ( `factoryId` = '宁波分公司' ) AND ( `workshopId` = '罐区二' )  [ RunTime:0.001000s ]
SQL: SELECT * FROM `tb_plantinfo` WHERE ( `factoryId` = '宁波分公司' ) AND ( `workshopId` = '罐区二' ) AND ( `areaId` = '罐区二' )  [ RunTime:0.002000s ]

[ 2016-07-24T11:35:36+08:00 ] 127.0.0.1 /model/index.php/Home/RiskCalculation/riskBasedInfo.html?id=28
INFO: [ app_begin ] --START--
INFO: Run Behavior\ReadHtmlCache [ RunTime:0.000000s ]
INFO: [ app_begin ] --END-- [ RunTime:0.000000s ]
NOTIC: [8192] mysql_connect(): The mysql extension is deprecated and will be removed in the future: use mysqli or PDO instead E:\phproot\model\ThinkPHP\Library\Think\Db\Driver\Mysql.class.php 第 52 行.
SQL: SHOW COLUMNS FROM `tb_plantinfo` [ RunTime:0.010000s ]
SQL: SELECT * FROM `tb_plantinfo` WHERE ( `id` = 28 )  [ RunTime:0.003000s ]
SQL: SHOW COLUMNS FROM `tb_risklist` [ RunTime:0.006000s ]
SQL: SELECT * FROM `tb_risklist` WHERE ( 1=1 AND pid='28' )  [ RunTime:0.000000s ]
SQL: SELECT * FROM `tb_plantinfo` WHERE ( `id` = 28 )  [ RunTime:0.000000s ]
SQL: SHOW COLUMNS FROM `tb_plantwallboardinfo` [ RunTime:0.016001s ]
SQL: SELECT * FROM `tb_plantwallboardinfo` WHERE ( 1=1 AND pid='28' )  [ RunTime:0.001000s ]
SQL: SHOW COLUMNS FROM `tb_riskcalpara` [ RunTime:0.007000s ]
SQL: SELECT * FROM `tb_riskcalpara` WHERE ( `pid` = '28' )  [ RunTime:0.002000s ]
SQL: SELECT * FROM `tb_risklist` WHERE ( `pid` = '28' ) ORDER BY countDate desc  [ RunTime:0.001000s ]
SQL: SHOW COLUMNS FROM `tb_riskdetail` [ RunTime:0.006000s ]
SQL: SELECT * FROM `tb_riskdetail` WHERE ( 1=1 AND pid='233' )  [ RunTime:0.001000s ]
SQL: SELECT * FROM `tb_riskdetail` WHERE ( 1=1 AND pid='229' )  [ RunTime:0.001000s ]
SQL: SELECT * FROM `tb_riskdetail` WHERE ( 1=1 AND pid='230' )  [ RunTime:0.001001s ]
SQL: SELECT * FROM `tb_riskdetail` WHERE ( 1=1 AND pid='228' )  [ RunTime:0.000000s ]
INFO: [ view_parse ] --START--
INFO: [ template_filter ] --START--
INFO: Run Behavior\ContentReplace [ RunTime:0.001000s ]
INFO: [ template_filter ] --END-- [ RunTime:0.001000s ]
NOTIC: [8] Undefined variable: thicknessWall E:\phproot\model\Apps\Runtime\Cache\Home\8e520c233dea03faca646ce3a5d6d676.php 第 525 行.
NOTIC: [8] Undefined index: isFloorKeepWarm E:\phproot\model\Apps\Runtime\Cache\Home\8e520c233dea03faca646ce3a5d6d676.php 第 581 行.
NOTIC: [8] Undefined index: pHMedium E:\phproot\model\Apps\Runtime\Cache\Home\8e520c233dea03faca646ce3a5d6d676.php 第 674 行.
NOTIC: [8] Undefined index: isWallboardPaintcoat E:\phproot\model\Apps\Runtime\Cache\Home\8e520c233dea03faca646ce3a5d6d676.php 第 717 行.
NOTIC: [8] Undefined index: isWallboardInstallLining E:\phproot\model\Apps\Runtime\Cache\Home\8e520c233dea03faca646ce3a5d6d676.php 第 718 行.
NOTIC: [8] Undefined index: isWallboardPaintcoat E:\phproot\model\Apps\Runtime\Cache\Home\8e520c233dea03faca646ce3a5d6d676.php 第 721 行.
NOTIC: [8] Undefined index: isWallboardInstallLining E:\phproot\model\Apps\Runtime\Cache\Home\8e520c233dea03faca646ce3a5d6d676.php 第 722 行.
NOTIC: [8] Undefined index: isWallboardPaintcoat E:\phproot\model\Apps\Runtime\Cache\Home\8e520c233dea03faca646ce3a5d6d676.php 第 723 行.
NOTIC: [8] Undefined index: isWallboardPaintcoat E:\phproot\model\Apps\Runtime\Cache\Home\8e520c233dea03faca646ce3a5d6d676.php 第 725 行.
NOTIC: [8] Undefined index: isWallboardInstallLining E:\phproot\model\Apps\Runtime\Cache\Home\8e520c233dea03faca646ce3a5d6d676.php 第 726 行.
NOTIC: [8] Undefined index: isWallboardPaintcoat E:\phproot\model\Apps\Runtime\Cache\Home\8e520c233dea03faca646ce3a5d6d676.php 第 729 行.
NOTIC: [8] Undefined index: isWallboardInstallLining E:\phproot\model\Apps\Runtime\Cache\Home\8e520c233dea03faca646ce3a5d6d676.php 第 730 行.
NOTIC: [8] Undefined index: bottomThickness E:\phproot\model\Apps\Runtime\Cache\Home\8e520c233dea03faca646ce3a5d6d676.php 第 748 行.
NOTIC: [8] Undefined index: BottomInstallLiningDate E:\phproot\model\Apps\Runtime\Cache\Home\8e520c233dea03faca646ce3a5d6d676.php 第 756 行.
NOTIC: [8] Undefined index: pHMedium E:\phproot\model\Apps\Runtime\Cache\Home\8e520c233dea03faca646ce3a5d6d676.php 第 958 行.
INFO: Run Behavior\ParseTemplate [ RunTime:0.161009s ]
INFO: [ view_parse ] --END-- [ RunTime:0.163009s ]
INFO: [ view_filter ] --START--
INFO: Run Behavior\WriteHtmlCache [ RunTime:0.001000s ]
INFO: [ view_filter ] --END-- [ RunTime:0.001000s ]
INFO: [ app_end ] --START--
INFO: Run Behavior\ShowPageTrace [ RunTime:0.002000s ]
INFO: [ app_end ] --END-- [ RunTime:0.002000s ]

[ 2016-07-24T11:35:36+08:00 ] 127.0.0.1 /model/index.php/Home/RiskCalculation/get_detail
INFO: [ app_begin ] --START--
INFO: Run Behavior\ReadHtmlCache [ RunTime:0.000000s ]
INFO: [ app_begin ] --END-- [ RunTime:0.002000s ]
ERR: 非法操作:get_detail

