[ 2016-09-26T15:12:09+08:00 ] 127.0.0.1 /model/index.php/Home/Manage/tankInfo.html
INFO: [ app_begin ] --START--
INFO: Run Behavior\ReadHtmlCache [ RunTime:0.001000s ]
INFO: [ app_begin ] --END-- [ RunTime:0.001000s ]
NOTIC: [8192] mysql_connect(): The mysql extension is deprecated and will be removed in the future: use mysqli or PDO instead D:\wamp\www\model\ThinkPHP\Library\Think\Db\Driver\Mysql.class.php 第 52 行.
SQL: select node.id,node.name from tb_role as role,tb_role_user as user,tb_access as access ,tb_node as node where user.user_id='13' and user.role_id=role.id and ( access.role_id=role.id  or (access.role_id=role.pid and role.pid!=0 ) ) and role.status=1 and access.node_id=node.id and node.level=1 and node.status=1 [ RunTime:0.001000s ]
SQL: select node.id,node.name from tb_role as role,tb_role_user as user,tb_access as access ,tb_node as node where user.user_id='13' and user.role_id=role.id and ( access.role_id=role.id  or (access.role_id=role.pid and role.pid!=0 ) ) and role.status=1 and access.node_id=node.id and node.level=2 and node.pid=1 and node.status=1 [ RunTime:0.000000s ]
SQL: select node.id,node.name,node.status,node.title from tb_role as role,tb_role_user as user,tb_access as access ,tb_node as node where user.user_id='13' and user.role_id=role.id and ( access.role_id=role.id  or (access.role_id=role.pid and role.pid!=0 ) ) and role.status=1 and access.node_id=node.id and node.level=3 and node.pid=22 and node.status=1 [ RunTime:0.000000s ]
SQL: select node.id,node.name,node.status,node.title from tb_role as role,tb_role_user as user,tb_access as access ,tb_node as node where user.user_id='13' and user.role_id=role.id and ( access.role_id=role.id  or (access.role_id=role.pid and role.pid!=0 ) ) and role.status=1 and access.node_id=node.id and node.level=3 and node.pid=21 and node.status=1 [ RunTime:0.000000s ]
SQL: select node.id,node.name,node.status,node.title from tb_role as role,tb_role_user as user,tb_access as access ,tb_node as node where user.user_id='13' and user.role_id=role.id and ( access.role_id=role.id  or (access.role_id=role.pid and role.pid!=0 ) ) and role.status=1 and access.node_id=node.id and node.level=3 and node.pid=20 and node.status=1 [ RunTime:0.000000s ]
SQL: select node.id,node.name,node.status,node.title from tb_role as role,tb_role_user as user,tb_access as access ,tb_node as node where user.user_id='13' and user.role_id=role.id and ( access.role_id=role.id  or (access.role_id=role.pid and role.pid!=0 ) ) and role.status=1 and access.node_id=node.id and node.level=3 and node.pid=18 and node.status=1 [ RunTime:0.001000s ]
SQL: select node.id,node.name,node.status,node.title from tb_role as role,tb_role_user as user,tb_access as access ,tb_node as node where user.user_id='13' and user.role_id=role.id and ( access.role_id=role.id  or (access.role_id=role.pid and role.pid!=0 ) ) and role.status=1 and access.node_id=node.id and node.level=3 and node.pid=17 and node.status=1 [ RunTime:0.000000s ]
SQL: select node.id,node.name,node.status,node.title from tb_role as role,tb_role_user as user,tb_access as access ,tb_node as node where user.user_id='13' and user.role_id=role.id and ( access.role_id=role.id  or (access.role_id=role.pid and role.pid!=0 ) ) and role.status=1 and access.node_id=node.id and node.level=3 and node.pid=16 and node.status=1 [ RunTime:0.001000s ]
SQL: select node.id,node.name,node.status,node.title from tb_role as role,tb_role_user as user,tb_access as access ,tb_node as node where user.user_id='13' and user.role_id=role.id and ( access.role_id=role.id  or (access.role_id=role.pid and role.pid!=0 ) ) and role.status=1 and access.node_id=node.id and node.level=3 and node.pid=15 and node.status=1 [ RunTime:0.000000s ]
SQL: select node.id,node.name,node.status,node.title from tb_role as role,tb_role_user as user,tb_access as access ,tb_node as node where user.user_id='13' and user.role_id=role.id and ( access.role_id=role.id  or (access.role_id=role.pid and role.pid!=0 ) ) and role.status=1 and access.node_id=node.id and node.level=3 and node.pid=23 and node.status=1 [ RunTime:0.001000s ]
SQL: select node.id,node.name,node.status,node.title from tb_role as role,tb_role_user as user,tb_access as access ,tb_node as node where user.user_id='13' and user.role_id=role.id and ( access.role_id=role.id  or (access.role_id=role.pid and role.pid!=0 ) ) and role.status=1 and access.node_id=node.id and node.level=3 and node.pid=24 and node.status=1 [ RunTime:0.000000s ]
SQL: select node.id,node.name,node.status,node.title from tb_role as role,tb_role_user as user,tb_access as access ,tb_node as node where user.user_id='13' and user.role_id=role.id and ( access.role_id=role.id  or (access.role_id=role.pid and role.pid!=0 ) ) and role.status=1 and access.node_id=node.id and node.level=3 and node.pid=25 and node.status=1 [ RunTime:0.001000s ]
INFO: [ view_parse ] --START--
INFO: [ template_filter ] --START--
INFO: Run Behavior\ContentReplace [ RunTime:0.000000s ]
INFO: [ template_filter ] --END-- [ RunTime:0.000000s ]
INFO: Run Behavior\ParseTemplate [ RunTime:0.006001s ]
INFO: [ view_parse ] --END-- [ RunTime:0.007001s ]
INFO: [ view_filter ] --START--
INFO: Run Behavior\WriteHtmlCache [ RunTime:0.000000s ]
INFO: [ view_filter ] --END-- [ RunTime:0.000000s ]
INFO: [ app_end ] --START--
INFO: Run Behavior\ShowPageTrace [ RunTime:0.001000s ]
INFO: [ app_end ] --END-- [ RunTime:0.001000s ]

[ 2016-09-26T15:12:09+08:00 ] 127.0.0.1 /model/index.php/Home/Manage/tankInfoList.html
INFO: [ app_begin ] --START--
INFO: Run Behavior\ReadHtmlCache [ RunTime:0.000000s ]
INFO: [ app_begin ] --END-- [ RunTime:0.001000s ]
NOTIC: [8192] mysql_connect(): The mysql extension is deprecated and will be removed in the future: use mysqli or PDO instead D:\wamp\www\model\ThinkPHP\Library\Think\Db\Driver\Mysql.class.php 第 52 行.
SQL: select node.id,node.name from tb_role as role,tb_role_user as user,tb_access as access ,tb_node as node where user.user_id='13' and user.role_id=role.id and ( access.role_id=role.id  or (access.role_id=role.pid and role.pid!=0 ) ) and role.status=1 and access.node_id=node.id and node.level=1 and node.status=1 [ RunTime:0.000000s ]
SQL: select node.id,node.name from tb_role as role,tb_role_user as user,tb_access as access ,tb_node as node where user.user_id='13' and user.role_id=role.id and ( access.role_id=role.id  or (access.role_id=role.pid and role.pid!=0 ) ) and role.status=1 and access.node_id=node.id and node.level=2 and node.pid=1 and node.status=1 [ RunTime:0.001000s ]
SQL: select node.id,node.name,node.status,node.title from tb_role as role,tb_role_user as user,tb_access as access ,tb_node as node where user.user_id='13' and user.role_id=role.id and ( access.role_id=role.id  or (access.role_id=role.pid and role.pid!=0 ) ) and role.status=1 and access.node_id=node.id and node.level=3 and node.pid=22 and node.status=1 [ RunTime:0.000000s ]
SQL: select node.id,node.name,node.status,node.title from tb_role as role,tb_role_user as user,tb_access as access ,tb_node as node where user.user_id='13' and user.role_id=role.id and ( access.role_id=role.id  or (access.role_id=role.pid and role.pid!=0 ) ) and role.status=1 and access.node_id=node.id and node.level=3 and node.pid=21 and node.status=1 [ RunTime:0.001000s ]
SQL: select node.id,node.name,node.status,node.title from tb_role as role,tb_role_user as user,tb_access as access ,tb_node as node where user.user_id='13' and user.role_id=role.id and ( access.role_id=role.id  or (access.role_id=role.pid and role.pid!=0 ) ) and role.status=1 and access.node_id=node.id and node.level=3 and node.pid=20 and node.status=1 [ RunTime:0.000000s ]
SQL: select node.id,node.name,node.status,node.title from tb_role as role,tb_role_user as user,tb_access as access ,tb_node as node where user.user_id='13' and user.role_id=role.id and ( access.role_id=role.id  or (access.role_id=role.pid and role.pid!=0 ) ) and role.status=1 and access.node_id=node.id and node.level=3 and node.pid=18 and node.status=1 [ RunTime:0.000000s ]
SQL: select node.id,node.name,node.status,node.title from tb_role as role,tb_role_user as user,tb_access as access ,tb_node as node where user.user_id='13' and user.role_id=role.id and ( access.role_id=role.id  or (access.role_id=role.pid and role.pid!=0 ) ) and role.status=1 and access.node_id=node.id and node.level=3 and node.pid=17 and node.status=1 [ RunTime:0.001000s ]
SQL: select node.id,node.name,node.status,node.title from tb_role as role,tb_role_user as user,tb_access as access ,tb_node as node where user.user_id='13' and user.role_id=role.id and ( access.role_id=role.id  or (access.role_id=role.pid and role.pid!=0 ) ) and role.status=1 and access.node_id=node.id and node.level=3 and node.pid=16 and node.status=1 [ RunTime:0.000000s ]
SQL: select node.id,node.name,node.status,node.title from tb_role as role,tb_role_user as user,tb_access as access ,tb_node as node where user.user_id='13' and user.role_id=role.id and ( access.role_id=role.id  or (access.role_id=role.pid and role.pid!=0 ) ) and role.status=1 and access.node_id=node.id and node.level=3 and node.pid=15 and node.status=1 [ RunTime:0.001000s ]
SQL: select node.id,node.name,node.status,node.title from tb_role as role,tb_role_user as user,tb_access as access ,tb_node as node where user.user_id='13' and user.role_id=role.id and ( access.role_id=role.id  or (access.role_id=role.pid and role.pid!=0 ) ) and role.status=1 and access.node_id=node.id and node.level=3 and node.pid=23 and node.status=1 [ RunTime:0.000000s ]
SQL: select node.id,node.name,node.status,node.title from tb_role as role,tb_role_user as user,tb_access as access ,tb_node as node where user.user_id='13' and user.role_id=role.id and ( access.role_id=role.id  or (access.role_id=role.pid and role.pid!=0 ) ) and role.status=1 and access.node_id=node.id and node.level=3 and node.pid=24 and node.status=1 [ RunTime:0.000000s ]
SQL: select node.id,node.name,node.status,node.title from tb_role as role,tb_role_user as user,tb_access as access ,tb_node as node where user.user_id='13' and user.role_id=role.id and ( access.role_id=role.id  or (access.role_id=role.pid and role.pid!=0 ) ) and role.status=1 and access.node_id=node.id and node.level=3 and node.pid=25 and node.status=1 [ RunTime:0.000000s ]
NOTIC: [8192] mysql_connect(): The mysql extension is deprecated and will be removed in the future: use mysqli or PDO instead D:\wamp\www\model\ThinkPHP\Library\Think\Db\Driver\Mysql.class.php 第 52 行.
SQL: SHOW COLUMNS FROM `tb_plantinfo` [ RunTime:0.006001s ]
SQL: SHOW COLUMNS FROM `dic_factory` [ RunTime:0.004000s ]
SQL: SELECT * FROM `dic_factory`  [ RunTime:0.000000s ]
SQL: SELECT * FROM `tb_plantinfo`  [ RunTime:0.001000s ]
INFO: [ view_parse ] --START--
INFO: [ template_filter ] --START--
INFO: Run Behavior\ContentReplace [ RunTime:0.000000s ]
INFO: [ template_filter ] --END-- [ RunTime:0.001001s ]
NOTIC: [8] Undefined index: EDIT D:\wamp\www\model\Apps\Runtime\Cache\Home\fb1fa9b3e4a560051d051ac85e02035f.php 第 43 行.
NOTIC: [8] Undefined index: EDIT D:\wamp\www\model\Apps\Runtime\Cache\Home\fb1fa9b3e4a560051d051ac85e02035f.php 第 43 行.
NOTIC: [8] Undefined index: EDIT D:\wamp\www\model\Apps\Runtime\Cache\Home\fb1fa9b3e4a560051d051ac85e02035f.php 第 43 行.
NOTIC: [8] Undefined index: EDIT D:\wamp\www\model\Apps\Runtime\Cache\Home\fb1fa9b3e4a560051d051ac85e02035f.php 第 43 行.
NOTIC: [8] Undefined index: EDIT D:\wamp\www\model\Apps\Runtime\Cache\Home\fb1fa9b3e4a560051d051ac85e02035f.php 第 43 行.
NOTIC: [8] Undefined index: EDIT D:\wamp\www\model\Apps\Runtime\Cache\Home\fb1fa9b3e4a560051d051ac85e02035f.php 第 43 行.
NOTIC: [8] Undefined index: EDIT D:\wamp\www\model\Apps\Runtime\Cache\Home\fb1fa9b3e4a560051d051ac85e02035f.php 第 43 行.
NOTIC: [8] Undefined index: EDIT D:\wamp\www\model\Apps\Runtime\Cache\Home\fb1fa9b3e4a560051d051ac85e02035f.php 第 43 行.
NOTIC: [8] Undefined index: EDIT D:\wamp\www\model\Apps\Runtime\Cache\Home\fb1fa9b3e4a560051d051ac85e02035f.php 第 43 行.
NOTIC: [8] Undefined index: EDIT D:\wamp\www\model\Apps\Runtime\Cache\Home\fb1fa9b3e4a560051d051ac85e02035f.php 第 43 行.
NOTIC: [8] Undefined index: EDIT D:\wamp\www\model\Apps\Runtime\Cache\Home\fb1fa9b3e4a560051d051ac85e02035f.php 第 43 行.
NOTIC: [8] Undefined index: EDIT D:\wamp\www\model\Apps\Runtime\Cache\Home\fb1fa9b3e4a560051d051ac85e02035f.php 第 43 行.
NOTIC: [8] Undefined index: EDIT D:\wamp\www\model\Apps\Runtime\Cache\Home\fb1fa9b3e4a560051d051ac85e02035f.php 第 43 行.
NOTIC: [8] Undefined index: EDIT D:\wamp\www\model\Apps\Runtime\Cache\Home\fb1fa9b3e4a560051d051ac85e02035f.php 第 43 行.
NOTIC: [8] Undefined index: EDIT D:\wamp\www\model\Apps\Runtime\Cache\Home\fb1fa9b3e4a560051d051ac85e02035f.php 第 43 行.
NOTIC: [8] Undefined index: EDIT D:\wamp\www\model\Apps\Runtime\Cache\Home\fb1fa9b3e4a560051d051ac85e02035f.php 第 43 行.
NOTIC: [8] Undefined index: EDIT D:\wamp\www\model\Apps\Runtime\Cache\Home\fb1fa9b3e4a560051d051ac85e02035f.php 第 43 行.
NOTIC: [8] Undefined index: EDIT D:\wamp\www\model\Apps\Runtime\Cache\Home\fb1fa9b3e4a560051d051ac85e02035f.php 第 43 行.
NOTIC: [8] Undefined index: EDIT D:\wamp\www\model\Apps\Runtime\Cache\Home\fb1fa9b3e4a560051d051ac85e02035f.php 第 43 行.
NOTIC: [8] Undefined index: EDIT D:\wamp\www\model\Apps\Runtime\Cache\Home\fb1fa9b3e4a560051d051ac85e02035f.php 第 43 行.
NOTIC: [8] Undefined index: EDIT D:\wamp\www\model\Apps\Runtime\Cache\Home\fb1fa9b3e4a560051d051ac85e02035f.php 第 43 行.
NOTIC: [8] Undefined index: EDIT D:\wamp\www\model\Apps\Runtime\Cache\Home\fb1fa9b3e4a560051d051ac85e02035f.php 第 43 行.
NOTIC: [8] Undefined index: EDIT D:\wamp\www\model\Apps\Runtime\Cache\Home\fb1fa9b3e4a560051d051ac85e02035f.php 第 43 行.
NOTIC: [8] Undefined index: EDIT D:\wamp\www\model\Apps\Runtime\Cache\Home\fb1fa9b3e4a560051d051ac85e02035f.php 第 43 行.
NOTIC: [8] Undefined index: EDIT D:\wamp\www\model\Apps\Runtime\Cache\Home\fb1fa9b3e4a560051d051ac85e02035f.php 第 43 行.
NOTIC: [8] Undefined index: EDIT D:\wamp\www\model\Apps\Runtime\Cache\Home\fb1fa9b3e4a560051d051ac85e02035f.php 第 43 行.
INFO: Run Behavior\ParseTemplate [ RunTime:0.012001s ]
INFO: [ view_parse ] --END-- [ RunTime:0.012001s ]
INFO: [ view_filter ] --START--
INFO: Run Behavior\WriteHtmlCache [ RunTime:0.001000s ]
INFO: [ view_filter ] --END-- [ RunTime:0.001000s ]
INFO: [ app_end ] --START--
INFO: Run Behavior\ShowPageTrace [ RunTime:0.000000s ]
INFO: [ app_end ] --END-- [ RunTime:0.001000s ]

[ 2016-09-26T15:12:09+08:00 ] 127.0.0.1 /model/index.php/Home/Public/getTree.html
INFO: [ app_begin ] --START--
INFO: Run Behavior\ReadHtmlCache [ RunTime:0.000000s ]
INFO: [ app_begin ] --END-- [ RunTime:0.001000s ]
NOTIC: [8192] mysql_connect(): The mysql extension is deprecated and will be removed in the future: use mysqli or PDO instead D:\wamp\www\model\ThinkPHP\Library\Think\Db\Driver\Mysql.class.php 第 52 行.
SQL: SHOW COLUMNS FROM `tb_user` [ RunTime:0.005001s ]
SQL: SELECT * FROM `tb_user` WHERE ( `id` = 13 )  [ RunTime:0.000000s ]
SQL: SHOW COLUMNS FROM `dic_factory` [ RunTime:0.004000s ]
SQL: SELECT * FROM `dic_factory`  [ RunTime:0.000000s ]
SQL: SHOW COLUMNS FROM `dic_workshop` [ RunTime:0.007000s ]
SQL: SELECT * FROM `dic_workshop` WHERE ( `factoryId` = '燃料油总公司' ) AND ( `workshopId` = '高富分公司' )  [ RunTime:0.001001s ]
SQL: SHOW COLUMNS FROM `dic_area` [ RunTime:0.004000s ]
SQL: SELECT * FROM `dic_area` WHERE ( `factoryId` = '燃料油总公司' ) AND ( `workshopId` = '高富分公司' )  [ RunTime:0.000000s ]
SQL: SHOW COLUMNS FROM `tb_plantinfo` [ RunTime:0.006000s ]
SQL: SELECT * FROM `tb_plantinfo` WHERE ( `factoryId` = '燃料油总公司' ) AND ( `workshopId` = '高富分公司' ) AND ( `areaId` = '罐区一' )  [ RunTime:0.001000s ]
SQL: SELECT * FROM `tb_plantinfo` WHERE ( `factoryId` = '燃料油总公司' ) AND ( `workshopId` = '高富分公司' ) AND ( `areaId` = '罐区二' )  [ RunTime:0.001001s ]

[ 2016-09-26T15:12:11+08:00 ] 127.0.0.1 /model/index.php/Home/Manage/tankInfoDetail.html?id=28
INFO: [ app_begin ] --START--
INFO: Run Behavior\ReadHtmlCache [ RunTime:0.000000s ]
INFO: [ app_begin ] --END-- [ RunTime:0.001000s ]
NOTIC: [8192] mysql_connect(): The mysql extension is deprecated and will be removed in the future: use mysqli or PDO instead D:\wamp\www\model\ThinkPHP\Library\Think\Db\Driver\Mysql.class.php 第 52 行.
SQL: select node.id,node.name from tb_role as role,tb_role_user as user,tb_access as access ,tb_node as node where user.user_id='13' and user.role_id=role.id and ( access.role_id=role.id  or (access.role_id=role.pid and role.pid!=0 ) ) and role.status=1 and access.node_id=node.id and node.level=1 and node.status=1 [ RunTime:0.001000s ]
SQL: select node.id,node.name from tb_role as role,tb_role_user as user,tb_access as access ,tb_node as node where user.user_id='13' and user.role_id=role.id and ( access.role_id=role.id  or (access.role_id=role.pid and role.pid!=0 ) ) and role.status=1 and access.node_id=node.id and node.level=2 and node.pid=1 and node.status=1 [ RunTime:0.001000s ]
SQL: select node.id,node.name,node.status,node.title from tb_role as role,tb_role_user as user,tb_access as access ,tb_node as node where user.user_id='13' and user.role_id=role.id and ( access.role_id=role.id  or (access.role_id=role.pid and role.pid!=0 ) ) and role.status=1 and access.node_id=node.id and node.level=3 and node.pid=22 and node.status=1 [ RunTime:0.001000s ]
SQL: select node.id,node.name,node.status,node.title from tb_role as role,tb_role_user as user,tb_access as access ,tb_node as node where user.user_id='13' and user.role_id=role.id and ( access.role_id=role.id  or (access.role_id=role.pid and role.pid!=0 ) ) and role.status=1 and access.node_id=node.id and node.level=3 and node.pid=21 and node.status=1 [ RunTime:0.000000s ]
SQL: select node.id,node.name,node.status,node.title from tb_role as role,tb_role_user as user,tb_access as access ,tb_node as node where user.user_id='13' and user.role_id=role.id and ( access.role_id=role.id  or (access.role_id=role.pid and role.pid!=0 ) ) and role.status=1 and access.node_id=node.id and node.level=3 and node.pid=20 and node.status=1 [ RunTime:0.000000s ]
SQL: select node.id,node.name,node.status,node.title from tb_role as role,tb_role_user as user,tb_access as access ,tb_node as node where user.user_id='13' and user.role_id=role.id and ( access.role_id=role.id  or (access.role_id=role.pid and role.pid!=0 ) ) and role.status=1 and access.node_id=node.id and node.level=3 and node.pid=18 and node.status=1 [ RunTime:0.000000s ]
SQL: select node.id,node.name,node.status,node.title from tb_role as role,tb_role_user as user,tb_access as access ,tb_node as node where user.user_id='13' and user.role_id=role.id and ( access.role_id=role.id  or (access.role_id=role.pid and role.pid!=0 ) ) and role.status=1 and access.node_id=node.id and node.level=3 and node.pid=17 and node.status=1 [ RunTime:0.001000s ]
SQL: select node.id,node.name,node.status,node.title from tb_role as role,tb_role_user as user,tb_access as access ,tb_node as node where user.user_id='13' and user.role_id=role.id and ( access.role_id=role.id  or (access.role_id=role.pid and role.pid!=0 ) ) and role.status=1 and access.node_id=node.id and node.level=3 and node.pid=16 and node.status=1 [ RunTime:0.001000s ]
SQL: select node.id,node.name,node.status,node.title from tb_role as role,tb_role_user as user,tb_access as access ,tb_node as node where user.user_id='13' and user.role_id=role.id and ( access.role_id=role.id  or (access.role_id=role.pid and role.pid!=0 ) ) and role.status=1 and access.node_id=node.id and node.level=3 and node.pid=15 and node.status=1 [ RunTime:0.000000s ]
SQL: select node.id,node.name,node.status,node.title from tb_role as role,tb_role_user as user,tb_access as access ,tb_node as node where user.user_id='13' and user.role_id=role.id and ( access.role_id=role.id  or (access.role_id=role.pid and role.pid!=0 ) ) and role.status=1 and access.node_id=node.id and node.level=3 and node.pid=23 and node.status=1 [ RunTime:0.000000s ]
SQL: select node.id,node.name,node.status,node.title from tb_role as role,tb_role_user as user,tb_access as access ,tb_node as node where user.user_id='13' and user.role_id=role.id and ( access.role_id=role.id  or (access.role_id=role.pid and role.pid!=0 ) ) and role.status=1 and access.node_id=node.id and node.level=3 and node.pid=24 and node.status=1 [ RunTime:0.001000s ]
SQL: select node.id,node.name,node.status,node.title from tb_role as role,tb_role_user as user,tb_access as access ,tb_node as node where user.user_id='13' and user.role_id=role.id and ( access.role_id=role.id  or (access.role_id=role.pid and role.pid!=0 ) ) and role.status=1 and access.node_id=node.id and node.level=3 and node.pid=25 and node.status=1 [ RunTime:0.000000s ]
NOTIC: [8192] mysql_connect(): The mysql extension is deprecated and will be removed in the future: use mysqli or PDO instead D:\wamp\www\model\ThinkPHP\Library\Think\Db\Driver\Mysql.class.php 第 52 行.
SQL: SHOW COLUMNS FROM `tb_plantinfo` [ RunTime:0.007001s ]
SQL: SELECT * FROM `tb_plantinfo` WHERE ( `id` = 28 )  [ RunTime:0.000000s ]
SQL: SHOW COLUMNS FROM `tb_plantwallboardinfo` [ RunTime:0.006000s ]
SQL: SELECT * FROM `tb_plantwallboardinfo` WHERE ( 1=1 AND pid='28' )  [ RunTime:0.000000s ]
SQL: SHOW COLUMNS FROM `dic_content` [ RunTime:0.005000s ]
SQL: SELECT * FROM `dic_content`  [ RunTime:0.001000s ]
NOTIC: [8] Undefined index: id D:\wamp\www\model\Apps\Home\Controller\ManageController.class.php 第 210 行.
NOTIC: [8] Undefined index: plant D:\wamp\www\model\Apps\Home\Controller\ManageController.class.php 第 211 行.
SQL: SHOW COLUMNS FROM `tb_attachment` [ RunTime:0.006001s ]
SQL: SELECT * FROM `tb_attachment` WHERE ( `recordId` = '28' ) AND ( `tableId` = 'tb_plantinfo' )  [ RunTime:0.000000s ]
INFO: [ view_parse ] --START--
INFO: [ template_filter ] --START--
INFO: Run Behavior\ContentReplace [ RunTime:0.000000s ]
INFO: [ template_filter ] --END-- [ RunTime:0.000000s ]
NOTIC: [8] Undefined index: EDIT D:\wamp\www\model\Apps\Runtime\Cache\Home\025dd85eac59f3ecd7a29d7c0bad8cd3.php 第 46 行.
NOTIC: [8] Undefined index: pHMedium D:\wamp\www\model\Apps\Runtime\Cache\Home\025dd85eac59f3ecd7a29d7c0bad8cd3.php 第 57 行.
NOTIC: [8] Undefined index: isWallboardPaintcoat D:\wamp\www\model\Apps\Runtime\Cache\Home\025dd85eac59f3ecd7a29d7c0bad8cd3.php 第 83 行.
NOTIC: [8] Undefined index: isWallboardPaintcoat D:\wamp\www\model\Apps\Runtime\Cache\Home\025dd85eac59f3ecd7a29d7c0bad8cd3.php 第 84 行.
NOTIC: [8] Undefined index: isWallboardInstallLining D:\wamp\www\model\Apps\Runtime\Cache\Home\025dd85eac59f3ecd7a29d7c0bad8cd3.php 第 87 行.
NOTIC: [8] Undefined index: isWallboardInstallLining D:\wamp\www\model\Apps\Runtime\Cache\Home\025dd85eac59f3ecd7a29d7c0bad8cd3.php 第 88 行.
NOTIC: [8] Undefined index: isWallboardPaintcoat D:\wamp\www\model\Apps\Runtime\Cache\Home\025dd85eac59f3ecd7a29d7c0bad8cd3.php 第 92 行.
NOTIC: [8] Undefined index: isWallboardPaintcoat D:\wamp\www\model\Apps\Runtime\Cache\Home\025dd85eac59f3ecd7a29d7c0bad8cd3.php 第 94 行.
NOTIC: [8] Undefined index: isWallboardInstallLining D:\wamp\www\model\Apps\Runtime\Cache\Home\025dd85eac59f3ecd7a29d7c0bad8cd3.php 第 95 行.
NOTIC: [8] Undefined index: topTexture D:\wamp\www\model\Apps\Runtime\Cache\Home\025dd85eac59f3ecd7a29d7c0bad8cd3.php 第 115 行.
NOTIC: [8] Undefined index: isTopKeepTemp D:\wamp\www\model\Apps\Runtime\Cache\Home\025dd85eac59f3ecd7a29d7c0bad8cd3.php 第 118 行.
NOTIC: [8] Undefined index: topKeepTempMaterial D:\wamp\www\model\Apps\Runtime\Cache\Home\025dd85eac59f3ecd7a29d7c0bad8cd3.php 第 118 行.
NOTIC: [8] Undefined index: topKeepTempQuality D:\wamp\www\model\Apps\Runtime\Cache\Home\025dd85eac59f3ecd7a29d7c0bad8cd3.php 第 119 行.
NOTIC: [8] Undefined index: BottomInstallLiningDate D:\wamp\www\model\Apps\Runtime\Cache\Home\025dd85eac59f3ecd7a29d7c0bad8cd3.php 第 144 行.
NOTIC: [8] Undefined index: BottomInstallLiningDate D:\wamp\www\model\Apps\Runtime\Cache\Home\025dd85eac59f3ecd7a29d7c0bad8cd3.php 第 145 行.
INFO: Run Behavior\ParseTemplate [ RunTime:0.026001s ]
INFO: [ view_parse ] --END-- [ RunTime:0.026001s ]
INFO: [ view_filter ] --START--
INFO: Run Behavior\WriteHtmlCache [ RunTime:0.000000s ]
INFO: [ view_filter ] --END-- [ RunTime:0.000000s ]
INFO: [ app_end ] --START--
INFO: Run Behavior\ShowPageTrace [ RunTime:0.001000s ]
INFO: [ app_end ] --END-- [ RunTime:0.001000s ]

[ 2016-09-26T15:12:20+08:00 ] 127.0.0.1 /model/index.php/Home/Manage/tankInfoDetail.html?id=28
INFO: [ app_begin ] --START--
INFO: Run Behavior\ReadHtmlCache [ RunTime:0.000000s ]
INFO: [ app_begin ] --END-- [ RunTime:0.001000s ]
NOTIC: [8192] mysql_connect(): The mysql extension is deprecated and will be removed in the future: use mysqli or PDO instead D:\wamp\www\model\ThinkPHP\Library\Think\Db\Driver\Mysql.class.php 第 52 行.
SQL: select node.id,node.name from tb_role as role,tb_role_user as user,tb_access as access ,tb_node as node where user.user_id='13' and user.role_id=role.id and ( access.role_id=role.id  or (access.role_id=role.pid and role.pid!=0 ) ) and role.status=1 and access.node_id=node.id and node.level=1 and node.status=1 [ RunTime:0.001000s ]
SQL: select node.id,node.name from tb_role as role,tb_role_user as user,tb_access as access ,tb_node as node where user.user_id='13' and user.role_id=role.id and ( access.role_id=role.id  or (access.role_id=role.pid and role.pid!=0 ) ) and role.status=1 and access.node_id=node.id and node.level=2 and node.pid=1 and node.status=1 [ RunTime:0.000000s ]
SQL: select node.id,node.name,node.status,node.title from tb_role as role,tb_role_user as user,tb_access as access ,tb_node as node where user.user_id='13' and user.role_id=role.id and ( access.role_id=role.id  or (access.role_id=role.pid and role.pid!=0 ) ) and role.status=1 and access.node_id=node.id and node.level=3 and node.pid=22 and node.status=1 [ RunTime:0.000000s ]
SQL: select node.id,node.name,node.status,node.title from tb_role as role,tb_role_user as user,tb_access as access ,tb_node as node where user.user_id='13' and user.role_id=role.id and ( access.role_id=role.id  or (access.role_id=role.pid and role.pid!=0 ) ) and role.status=1 and access.node_id=node.id and node.level=3 and node.pid=21 and node.status=1 [ RunTime:0.001000s ]
SQL: select node.id,node.name,node.status,node.title from tb_role as role,tb_role_user as user,tb_access as access ,tb_node as node where user.user_id='13' and user.role_id=role.id and ( access.role_id=role.id  or (access.role_id=role.pid and role.pid!=0 ) ) and role.status=1 and access.node_id=node.id and node.level=3 and node.pid=20 and node.status=1 [ RunTime:0.001000s ]
SQL: select node.id,node.name,node.status,node.title from tb_role as role,tb_role_user as user,tb_access as access ,tb_node as node where user.user_id='13' and user.role_id=role.id and ( access.role_id=role.id  or (access.role_id=role.pid and role.pid!=0 ) ) and role.status=1 and access.node_id=node.id and node.level=3 and node.pid=18 and node.status=1 [ RunTime:0.000000s ]
SQL: select node.id,node.name,node.status,node.title from tb_role as role,tb_role_user as user,tb_access as access ,tb_node as node where user.user_id='13' and user.role_id=role.id and ( access.role_id=role.id  or (access.role_id=role.pid and role.pid!=0 ) ) and role.status=1 and access.node_id=node.id and node.level=3 and node.pid=17 and node.status=1 [ RunTime:0.001000s ]
SQL: select node.id,node.name,node.status,node.title from tb_role as role,tb_role_user as user,tb_access as access ,tb_node as node where user.user_id='13' and user.role_id=role.id and ( access.role_id=role.id  or (access.role_id=role.pid and role.pid!=0 ) ) and role.status=1 and access.node_id=node.id and node.level=3 and node.pid=16 and node.status=1 [ RunTime:0.000000s ]
SQL: select node.id,node.name,node.status,node.title from tb_role as role,tb_role_user as user,tb_access as access ,tb_node as node where user.user_id='13' and user.role_id=role.id and ( access.role_id=role.id  or (access.role_id=role.pid and role.pid!=0 ) ) and role.status=1 and access.node_id=node.id and node.level=3 and node.pid=15 and node.status=1 [ RunTime:0.000000s ]
SQL: select node.id,node.name,node.status,node.title from tb_role as role,tb_role_user as user,tb_access as access ,tb_node as node where user.user_id='13' and user.role_id=role.id and ( access.role_id=role.id  or (access.role_id=role.pid and role.pid!=0 ) ) and role.status=1 and access.node_id=node.id and node.level=3 and node.pid=23 and node.status=1 [ RunTime:0.000000s ]
SQL: select node.id,node.name,node.status,node.title from tb_role as role,tb_role_user as user,tb_access as access ,tb_node as node where user.user_id='13' and user.role_id=role.id and ( access.role_id=role.id  or (access.role_id=role.pid and role.pid!=0 ) ) and role.status=1 and access.node_id=node.id and node.level=3 and node.pid=24 and node.status=1 [ RunTime:0.000000s ]
SQL: select node.id,node.name,node.status,node.title from tb_role as role,tb_role_user as user,tb_access as access ,tb_node as node where user.user_id='13' and user.role_id=role.id and ( access.role_id=role.id  or (access.role_id=role.pid and role.pid!=0 ) ) and role.status=1 and access.node_id=node.id and node.level=3 and node.pid=25 and node.status=1 [ RunTime:0.000000s ]
NOTIC: [8192] mysql_connect(): The mysql extension is deprecated and will be removed in the future: use mysqli or PDO instead D:\wamp\www\model\ThinkPHP\Library\Think\Db\Driver\Mysql.class.php 第 52 行.
SQL: SHOW COLUMNS FROM `tb_plantinfo` [ RunTime:0.007001s ]
SQL: SELECT * FROM `tb_plantinfo` WHERE ( `id` = 28 )  [ RunTime:0.000000s ]
SQL: SHOW COLUMNS FROM `tb_plantwallboardinfo` [ RunTime:0.006000s ]
SQL: SELECT * FROM `tb_plantwallboardinfo` WHERE ( 1=1 AND pid='28' )  [ RunTime:0.001000s ]
SQL: SHOW COLUMNS FROM `dic_content` [ RunTime:0.005001s ]
SQL: SELECT * FROM `dic_content`  [ RunTime:0.001000s ]
NOTIC: [8] Undefined index: id D:\wamp\www\model\Apps\Home\Controller\ManageController.class.php 第 210 行.
NOTIC: [8] Undefined index: plant D:\wamp\www\model\Apps\Home\Controller\ManageController.class.php 第 211 行.
SQL: SHOW COLUMNS FROM `tb_attachment` [ RunTime:0.004000s ]
SQL: SELECT * FROM `tb_attachment` WHERE ( `recordId` = '28' ) AND ( `tableId` = 'tb_plantinfo' )  [ RunTime:0.000000s ]
INFO: [ view_parse ] --START--
INFO: [ template_filter ] --START--
INFO: Run Behavior\ContentReplace [ RunTime:0.000000s ]
INFO: [ template_filter ] --END-- [ RunTime:0.000000s ]
NOTIC: [8] Undefined index: EDIT D:\wamp\www\model\Apps\Runtime\Cache\Home\025dd85eac59f3ecd7a29d7c0bad8cd3.php 第 46 行.
NOTIC: [8] Undefined index: pHMedium D:\wamp\www\model\Apps\Runtime\Cache\Home\025dd85eac59f3ecd7a29d7c0bad8cd3.php 第 57 行.
NOTIC: [8] Undefined index: isWallboardPaintcoat D:\wamp\www\model\Apps\Runtime\Cache\Home\025dd85eac59f3ecd7a29d7c0bad8cd3.php 第 83 行.
NOTIC: [8] Undefined index: isWallboardPaintcoat D:\wamp\www\model\Apps\Runtime\Cache\Home\025dd85eac59f3ecd7a29d7c0bad8cd3.php 第 84 行.
NOTIC: [8] Undefined index: isWallboardInstallLining D:\wamp\www\model\Apps\Runtime\Cache\Home\025dd85eac59f3ecd7a29d7c0bad8cd3.php 第 87 行.
NOTIC: [8] Undefined index: isWallboardInstallLining D:\wamp\www\model\Apps\Runtime\Cache\Home\025dd85eac59f3ecd7a29d7c0bad8cd3.php 第 88 行.
NOTIC: [8] Undefined index: isWallboardPaintcoat D:\wamp\www\model\Apps\Runtime\Cache\Home\025dd85eac59f3ecd7a29d7c0bad8cd3.php 第 92 行.
NOTIC: [8] Undefined index: isWallboardPaintcoat D:\wamp\www\model\Apps\Runtime\Cache\Home\025dd85eac59f3ecd7a29d7c0bad8cd3.php 第 94 行.
NOTIC: [8] Undefined index: isWallboardInstallLining D:\wamp\www\model\Apps\Runtime\Cache\Home\025dd85eac59f3ecd7a29d7c0bad8cd3.php 第 95 行.
NOTIC: [8] Undefined index: topTexture D:\wamp\www\model\Apps\Runtime\Cache\Home\025dd85eac59f3ecd7a29d7c0bad8cd3.php 第 115 行.
NOTIC: [8] Undefined index: isTopKeepTemp D:\wamp\www\model\Apps\Runtime\Cache\Home\025dd85eac59f3ecd7a29d7c0bad8cd3.php 第 118 行.
NOTIC: [8] Undefined index: topKeepTempMaterial D:\wamp\www\model\Apps\Runtime\Cache\Home\025dd85eac59f3ecd7a29d7c0bad8cd3.php 第 118 行.
NOTIC: [8] Undefined index: topKeepTempQuality D:\wamp\www\model\Apps\Runtime\Cache\Home\025dd85eac59f3ecd7a29d7c0bad8cd3.php 第 119 行.
NOTIC: [8] Undefined index: BottomInstallLiningDate D:\wamp\www\model\Apps\Runtime\Cache\Home\025dd85eac59f3ecd7a29d7c0bad8cd3.php 第 144 行.
NOTIC: [8] Undefined index: BottomInstallLiningDate D:\wamp\www\model\Apps\Runtime\Cache\Home\025dd85eac59f3ecd7a29d7c0bad8cd3.php 第 145 行.
INFO: Run Behavior\ParseTemplate [ RunTime:0.028002s ]
INFO: [ view_parse ] --END-- [ RunTime:0.028002s ]
INFO: [ view_filter ] --START--
INFO: Run Behavior\WriteHtmlCache [ RunTime:0.000000s ]
INFO: [ view_filter ] --END-- [ RunTime:0.000000s ]
INFO: [ app_end ] --START--
INFO: Run Behavior\ShowPageTrace [ RunTime:0.000000s ]
INFO: [ app_end ] --END-- [ RunTime:0.000000s ]

[ 2016-09-26T15:12:22+08:00 ] 127.0.0.1 /model/index.php/Home/Manage/tankInfoDetail.html?id=28
INFO: [ app_begin ] --START--
INFO: Run Behavior\ReadHtmlCache [ RunTime:0.000000s ]
INFO: [ app_begin ] --END-- [ RunTime:0.001000s ]
NOTIC: [8192] mysql_connect(): The mysql extension is deprecated and will be removed in the future: use mysqli or PDO instead D:\wamp\www\model\ThinkPHP\Library\Think\Db\Driver\Mysql.class.php 第 52 行.
SQL: select node.id,node.name from tb_role as role,tb_role_user as user,tb_access as access ,tb_node as node where user.user_id='13' and user.role_id=role.id and ( access.role_id=role.id  or (access.role_id=role.pid and role.pid!=0 ) ) and role.status=1 and access.node_id=node.id and node.level=1 and node.status=1 [ RunTime:0.001000s ]
SQL: select node.id,node.name from tb_role as role,tb_role_user as user,tb_access as access ,tb_node as node where user.user_id='13' and user.role_id=role.id and ( access.role_id=role.id  or (access.role_id=role.pid and role.pid!=0 ) ) and role.status=1 and access.node_id=node.id and node.level=2 and node.pid=1 and node.status=1 [ RunTime:0.000000s ]
SQL: select node.id,node.name,node.status,node.title from tb_role as role,tb_role_user as user,tb_access as access ,tb_node as node where user.user_id='13' and user.role_id=role.id and ( access.role_id=role.id  or (access.role_id=role.pid and role.pid!=0 ) ) and role.status=1 and access.node_id=node.id and node.level=3 and node.pid=22 and node.status=1 [ RunTime:0.001000s ]
SQL: select node.id,node.name,node.status,node.title from tb_role as role,tb_role_user as user,tb_access as access ,tb_node as node where user.user_id='13' and user.role_id=role.id and ( access.role_id=role.id  or (access.role_id=role.pid and role.pid!=0 ) ) and role.status=1 and access.node_id=node.id and node.level=3 and node.pid=21 and node.status=1 [ RunTime:0.000000s ]
SQL: select node.id,node.name,node.status,node.title from tb_role as role,tb_role_user as user,tb_access as access ,tb_node as node where user.user_id='13' and user.role_id=role.id and ( access.role_id=role.id  or (access.role_id=role.pid and role.pid!=0 ) ) and role.status=1 and access.node_id=node.id and node.level=3 and node.pid=20 and node.status=1 [ RunTime:0.001000s ]
SQL: select node.id,node.name,node.status,node.title from tb_role as role,tb_role_user as user,tb_access as access ,tb_node as node where user.user_id='13' and user.role_id=role.id and ( access.role_id=role.id  or (access.role_id=role.pid and role.pid!=0 ) ) and role.status=1 and access.node_id=node.id and node.level=3 and node.pid=18 and node.status=1 [ RunTime:0.000000s ]
SQL: select node.id,node.name,node.status,node.title from tb_role as role,tb_role_user as user,tb_access as access ,tb_node as node where user.user_id='13' and user.role_id=role.id and ( access.role_id=role.id  or (access.role_id=role.pid and role.pid!=0 ) ) and role.status=1 and access.node_id=node.id and node.level=3 and node.pid=17 and node.status=1 [ RunTime:0.001000s ]
SQL: select node.id,node.name,node.status,node.title from tb_role as role,tb_role_user as user,tb_access as access ,tb_node as node where user.user_id='13' and user.role_id=role.id and ( access.role_id=role.id  or (access.role_id=role.pid and role.pid!=0 ) ) and role.status=1 and access.node_id=node.id and node.level=3 and node.pid=16 and node.status=1 [ RunTime:0.000000s ]
SQL: select node.id,node.name,node.status,node.title from tb_role as role,tb_role_user as user,tb_access as access ,tb_node as node where user.user_id='13' and user.role_id=role.id and ( access.role_id=role.id  or (access.role_id=role.pid and role.pid!=0 ) ) and role.status=1 and access.node_id=node.id and node.level=3 and node.pid=15 and node.status=1 [ RunTime:0.001000s ]
SQL: select node.id,node.name,node.status,node.title from tb_role as role,tb_role_user as user,tb_access as access ,tb_node as node where user.user_id='13' and user.role_id=role.id and ( access.role_id=role.id  or (access.role_id=role.pid and role.pid!=0 ) ) and role.status=1 and access.node_id=node.id and node.level=3 and node.pid=23 and node.status=1 [ RunTime:0.000000s ]
SQL: select node.id,node.name,node.status,node.title from tb_role as role,tb_role_user as user,tb_access as access ,tb_node as node where user.user_id='13' and user.role_id=role.id and ( access.role_id=role.id  or (access.role_id=role.pid and role.pid!=0 ) ) and role.status=1 and access.node_id=node.id and node.level=3 and node.pid=24 and node.status=1 [ RunTime:0.000000s ]
SQL: select node.id,node.name,node.status,node.title from tb_role as role,tb_role_user as user,tb_access as access ,tb_node as node where user.user_id='13' and user.role_id=role.id and ( access.role_id=role.id  or (access.role_id=role.pid and role.pid!=0 ) ) and role.status=1 and access.node_id=node.id and node.level=3 and node.pid=25 and node.status=1 [ RunTime:0.000000s ]
NOTIC: [8192] mysql_connect(): The mysql extension is deprecated and will be removed in the future: use mysqli or PDO instead D:\wamp\www\model\ThinkPHP\Library\Think\Db\Driver\Mysql.class.php 第 52 行.
SQL: SHOW COLUMNS FROM `tb_plantinfo` [ RunTime:0.005000s ]
SQL: SELECT * FROM `tb_plantinfo` WHERE ( `id` = 28 )  [ RunTime:0.000000s ]
SQL: SHOW COLUMNS FROM `tb_plantwallboardinfo` [ RunTime:0.004000s ]
SQL: SELECT * FROM `tb_plantwallboardinfo` WHERE ( 1=1 AND pid='28' )  [ RunTime:0.000000s ]
SQL: SHOW COLUMNS FROM `dic_content` [ RunTime:0.004000s ]
SQL: SELECT * FROM `dic_content`  [ RunTime:0.001000s ]
NOTIC: [8] Undefined index: id D:\wamp\www\model\Apps\Home\Controller\ManageController.class.php 第 210 行.
NOTIC: [8] Undefined index: plant D:\wamp\www\model\Apps\Home\Controller\ManageController.class.php 第 211 行.
SQL: SHOW COLUMNS FROM `tb_attachment` [ RunTime:0.004001s ]
SQL: SELECT * FROM `tb_attachment` WHERE ( `recordId` = '28' ) AND ( `tableId` = 'tb_plantinfo' )  [ RunTime:0.001000s ]
INFO: [ view_parse ] --START--
INFO: [ template_filter ] --START--
INFO: Run Behavior\ContentReplace [ RunTime:0.000000s ]
INFO: [ template_filter ] --END-- [ RunTime:0.000000s ]
NOTIC: [8] Undefined index: EDIT D:\wamp\www\model\Apps\Runtime\Cache\Home\025dd85eac59f3ecd7a29d7c0bad8cd3.php 第 46 行.
NOTIC: [8] Undefined index: pHMedium D:\wamp\www\model\Apps\Runtime\Cache\Home\025dd85eac59f3ecd7a29d7c0bad8cd3.php 第 57 行.
NOTIC: [8] Undefined index: isWallboardPaintcoat D:\wamp\www\model\Apps\Runtime\Cache\Home\025dd85eac59f3ecd7a29d7c0bad8cd3.php 第 83 行.
NOTIC: [8] Undefined index: isWallboardPaintcoat D:\wamp\www\model\Apps\Runtime\Cache\Home\025dd85eac59f3ecd7a29d7c0bad8cd3.php 第 84 行.
NOTIC: [8] Undefined index: isWallboardInstallLining D:\wamp\www\model\Apps\Runtime\Cache\Home\025dd85eac59f3ecd7a29d7c0bad8cd3.php 第 87 行.
NOTIC: [8] Undefined index: isWallboardInstallLining D:\wamp\www\model\Apps\Runtime\Cache\Home\025dd85eac59f3ecd7a29d7c0bad8cd3.php 第 88 行.
NOTIC: [8] Undefined index: isWallboardPaintcoat D:\wamp\www\model\Apps\Runtime\Cache\Home\025dd85eac59f3ecd7a29d7c0bad8cd3.php 第 92 行.
NOTIC: [8] Undefined index: isWallboardPaintcoat D:\wamp\www\model\Apps\Runtime\Cache\Home\025dd85eac59f3ecd7a29d7c0bad8cd3.php 第 94 行.
NOTIC: [8] Undefined index: isWallboardInstallLining D:\wamp\www\model\Apps\Runtime\Cache\Home\025dd85eac59f3ecd7a29d7c0bad8cd3.php 第 95 行.
NOTIC: [8] Undefined index: topTexture D:\wamp\www\model\Apps\Runtime\Cache\Home\025dd85eac59f3ecd7a29d7c0bad8cd3.php 第 115 行.
NOTIC: [8] Undefined index: isTopKeepTemp D:\wamp\www\model\Apps\Runtime\Cache\Home\025dd85eac59f3ecd7a29d7c0bad8cd3.php 第 118 行.
NOTIC: [8] Undefined index: topKeepTempMaterial D:\wamp\www\model\Apps\Runtime\Cache\Home\025dd85eac59f3ecd7a29d7c0bad8cd3.php 第 118 行.
NOTIC: [8] Undefined index: topKeepTempQuality D:\wamp\www\model\Apps\Runtime\Cache\Home\025dd85eac59f3ecd7a29d7c0bad8cd3.php 第 119 行.
NOTIC: [8] Undefined index: BottomInstallLiningDate D:\wamp\www\model\Apps\Runtime\Cache\Home\025dd85eac59f3ecd7a29d7c0bad8cd3.php 第 144 行.
NOTIC: [8] Undefined index: BottomInstallLiningDate D:\wamp\www\model\Apps\Runtime\Cache\Home\025dd85eac59f3ecd7a29d7c0bad8cd3.php 第 145 行.
INFO: Run Behavior\ParseTemplate [ RunTime:0.026001s ]
INFO: [ view_parse ] --END-- [ RunTime:0.026001s ]
INFO: [ view_filter ] --START--
INFO: Run Behavior\WriteHtmlCache [ RunTime:0.001000s ]
INFO: [ view_filter ] --END-- [ RunTime:0.001000s ]
INFO: [ app_end ] --START--
INFO: Run Behavior\ShowPageTrace [ RunTime:0.000000s ]
INFO: [ app_end ] --END-- [ RunTime:0.000000s ]

