[ 2016-11-02T21:46:51+08:00 ] 127.0.0.1 /model/
INFO: [ app_begin ] --START--
INFO: Run Behavior\ReadHtmlCache [ RunTime:0.001000s ]
INFO: [ app_begin ] --END-- [ RunTime:0.004000s ]
INFO: [ view_parse ] --START--
INFO: [ template_filter ] --START--
INFO: Run Behavior\ContentReplace [ RunTime:0.000000s ]
INFO: [ template_filter ] --END-- [ RunTime:0.000000s ]
INFO: Run Behavior\ParseTemplate [ RunTime:0.026002s ]
INFO: [ view_parse ] --END-- [ RunTime:0.026002s ]
INFO: [ view_filter ] --START--
INFO: Run Behavior\WriteHtmlCache [ RunTime:0.001000s ]
INFO: [ view_filter ] --END-- [ RunTime:0.001000s ]
INFO: [ app_end ] --START--
INFO: Run Behavior\ShowPageTrace [ RunTime:0.001000s ]
INFO: [ app_end ] --END-- [ RunTime:0.001000s ]

[ 2016-11-02T21:47:35+08:00 ] 127.0.0.1 /model/index.php/Admin/Index/checkUser
INFO: [ app_begin ] --START--
INFO: Run Behavior\ReadHtmlCache [ RunTime:0.001000s ]
INFO: [ app_begin ] --END-- [ RunTime:0.001000s ]
NOTIC: [8192] mysql_connect(): The mysql extension is deprecated and will be removed in the future: use mysqli or PDO instead D:\wamp\www\model\ThinkPHP\Library\Think\Db\Driver\Mysql.class.php 第 52 行.
SQL: SHOW COLUMNS FROM `tb_user` [ RunTime:0.033002s ]
SQL: SELECT `id`,`username`,`password`,`workshopId`,`realname` FROM `tb_user` WHERE ( `username` = 'user3' ) LIMIT 1   [ RunTime:0.001000s ]
NOTIC: [8192] mysql_connect(): The mysql extension is deprecated and will be removed in the future: use mysqli or PDO instead D:\wamp\www\model\ThinkPHP\Library\Think\Db\Driver\Mysql.class.php 第 52 行.
SQL: select role_id from tb_role_user as user where user.user_id='4' [ RunTime:0.020001s ]
SQL: select * from  tb_role  as role where role.id = '3'  [ RunTime:0.023002s ]

[ 2016-11-02T21:47:35+08:00 ] 127.0.0.1 /model/index.php/Admin/Index/checkUser
INFO: [ app_begin ] --START--
INFO: Run Behavior\ReadHtmlCache [ RunTime:0.001000s ]
INFO: [ app_begin ] --END-- [ RunTime:0.001000s ]
NOTIC: [8192] mysql_connect(): The mysql extension is deprecated and will be removed in the future: use mysqli or PDO instead D:\wamp\www\model\ThinkPHP\Library\Think\Db\Driver\Mysql.class.php 第 52 行.
SQL: SHOW COLUMNS FROM `tb_user` [ RunTime:0.005000s ]
SQL: SELECT `id`,`username`,`password`,`workshopId`,`realname` FROM `tb_user` WHERE ( `username` = 'user3' ) LIMIT 1   [ RunTime:0.000000s ]
NOTIC: [8192] mysql_connect(): The mysql extension is deprecated and will be removed in the future: use mysqli or PDO instead D:\wamp\www\model\ThinkPHP\Library\Think\Db\Driver\Mysql.class.php 第 52 行.
SQL: select role_id from tb_role_user as user where user.user_id='4' [ RunTime:0.000000s ]
SQL: select * from  tb_role  as role where role.id = '3'  [ RunTime:0.000000s ]

[ 2016-11-02T21:47:40+08:00 ] 127.0.0.1 /model/index.php/Home/Manage/index.html
INFO: [ app_begin ] --START--
INFO: Run Behavior\ReadHtmlCache [ RunTime:0.001000s ]
INFO: [ app_begin ] --END-- [ RunTime:0.001000s ]
NOTIC: [8192] mysql_connect(): The mysql extension is deprecated and will be removed in the future: use mysqli or PDO instead D:\wamp\www\model\ThinkPHP\Library\Think\Db\Driver\Mysql.class.php 第 52 行.
SQL: select node.id,node.name from tb_role as role,tb_role_user as user,tb_access as access ,tb_node as node where user.user_id='4' and user.role_id=role.id and ( access.role_id=role.id  or (access.role_id=role.pid and role.pid!=0 ) ) and role.status=1 and access.node_id=node.id and node.level=1 and node.status=1 [ RunTime:0.040003s ]
SQL: select node.id,node.name from tb_role as role,tb_role_user as user,tb_access as access ,tb_node as node where user.user_id='4' and user.role_id=role.id and ( access.role_id=role.id  or (access.role_id=role.pid and role.pid!=0 ) ) and role.status=1 and access.node_id=node.id and node.level=2 and node.pid=1 and node.status=1 [ RunTime:0.002000s ]
SQL: select node.id,node.name,node.status,node.title from tb_role as role,tb_role_user as user,tb_access as access ,tb_node as node where user.user_id='4' and user.role_id=role.id and ( access.role_id=role.id  or (access.role_id=role.pid and role.pid!=0 ) ) and role.status=1 and access.node_id=node.id and node.level=3 and node.pid=22 and node.status=1 [ RunTime:0.002000s ]
SQL: select node.id,node.name,node.status,node.title from tb_role as role,tb_role_user as user,tb_access as access ,tb_node as node where user.user_id='4' and user.role_id=role.id and ( access.role_id=role.id  or (access.role_id=role.pid and role.pid!=0 ) ) and role.status=1 and access.node_id=node.id and node.level=3 and node.pid=21 and node.status=1 [ RunTime:0.003000s ]
SQL: select node.id,node.name,node.status,node.title from tb_role as role,tb_role_user as user,tb_access as access ,tb_node as node where user.user_id='4' and user.role_id=role.id and ( access.role_id=role.id  or (access.role_id=role.pid and role.pid!=0 ) ) and role.status=1 and access.node_id=node.id and node.level=3 and node.pid=20 and node.status=1 [ RunTime:0.003000s ]
SQL: select node.id,node.name,node.status,node.title from tb_role as role,tb_role_user as user,tb_access as access ,tb_node as node where user.user_id='4' and user.role_id=role.id and ( access.role_id=role.id  or (access.role_id=role.pid and role.pid!=0 ) ) and role.status=1 and access.node_id=node.id and node.level=3 and node.pid=18 and node.status=1 [ RunTime:0.003001s ]
SQL: select node.id,node.name,node.status,node.title from tb_role as role,tb_role_user as user,tb_access as access ,tb_node as node where user.user_id='4' and user.role_id=role.id and ( access.role_id=role.id  or (access.role_id=role.pid and role.pid!=0 ) ) and role.status=1 and access.node_id=node.id and node.level=3 and node.pid=17 and node.status=1 [ RunTime:0.003000s ]
SQL: select node.id,node.name,node.status,node.title from tb_role as role,tb_role_user as user,tb_access as access ,tb_node as node where user.user_id='4' and user.role_id=role.id and ( access.role_id=role.id  or (access.role_id=role.pid and role.pid!=0 ) ) and role.status=1 and access.node_id=node.id and node.level=3 and node.pid=16 and node.status=1 [ RunTime:0.002000s ]
SQL: select node.id,node.name,node.status,node.title from tb_role as role,tb_role_user as user,tb_access as access ,tb_node as node where user.user_id='4' and user.role_id=role.id and ( access.role_id=role.id  or (access.role_id=role.pid and role.pid!=0 ) ) and role.status=1 and access.node_id=node.id and node.level=3 and node.pid=15 and node.status=1 [ RunTime:0.003000s ]
SQL: select node.id,node.name,node.status,node.title from tb_role as role,tb_role_user as user,tb_access as access ,tb_node as node where user.user_id='4' and user.role_id=role.id and ( access.role_id=role.id  or (access.role_id=role.pid and role.pid!=0 ) ) and role.status=1 and access.node_id=node.id and node.level=3 and node.pid=23 and node.status=1 [ RunTime:0.003000s ]
SQL: select node.id,node.name,node.status,node.title from tb_role as role,tb_role_user as user,tb_access as access ,tb_node as node where user.user_id='4' and user.role_id=role.id and ( access.role_id=role.id  or (access.role_id=role.pid and role.pid!=0 ) ) and role.status=1 and access.node_id=node.id and node.level=3 and node.pid=24 and node.status=1 [ RunTime:0.002000s ]
SQL: select node.id,node.name,node.status,node.title from tb_role as role,tb_role_user as user,tb_access as access ,tb_node as node where user.user_id='4' and user.role_id=role.id and ( access.role_id=role.id  or (access.role_id=role.pid and role.pid!=0 ) ) and role.status=1 and access.node_id=node.id and node.level=3 and node.pid=25 and node.status=1 [ RunTime:0.001000s ]
SQL: select node.id,node.name,node.status,node.title from tb_role as role,tb_role_user as user,tb_access as access ,tb_node as node where user.user_id='4' and user.role_id=role.id and ( access.role_id=role.id  or (access.role_id=role.pid and role.pid!=0 ) ) and role.status=1 and access.node_id=node.id and node.level=3 and node.pid=97 and node.status=1 [ RunTime:0.001000s ]
SQL: select node.id,node.name,node.status,node.title from tb_role as role,tb_role_user as user,tb_access as access ,tb_node as node where user.user_id='4' and user.role_id=role.id and ( access.role_id=role.id  or (access.role_id=role.pid and role.pid!=0 ) ) and role.status=1 and access.node_id=node.id and node.level=3 and node.pid=117 and node.status=1 [ RunTime:0.001000s ]
NOTIC: [8192] mysql_connect(): The mysql extension is deprecated and will be removed in the future: use mysqli or PDO instead D:\wamp\www\model\ThinkPHP\Library\Think\Db\Driver\Mysql.class.php 第 52 行.
SQL: SHOW COLUMNS FROM `tb_plantalarm` [ RunTime:0.009001s ]
SQL: SELECT COUNT(*) AS tp_count FROM `tb_plantalarm` WHERE ( `workshopId` = '青岛分公司' ) LIMIT 1   [ RunTime:0.000000s ]
SQL: SELECT COUNT(*) AS tp_count FROM `tb_plantalarm` WHERE ( status=0 ) LIMIT 1   [ RunTime:0.000000s ]
SQL: select node.id,node.name from tb_role as role,tb_role_user as user,tb_access as access ,tb_node as node where user.user_id='4' and user.role_id=role.id and ( access.role_id=role.id  or (access.role_id=role.pid and role.pid!=0 ) ) and role.status=1 and access.node_id=node.id and node.level=1 and node.status=1 [ RunTime:0.000000s ]
SQL: select node.id,node.name from tb_role as role,tb_role_user as user,tb_access as access ,tb_node as node where user.user_id='4' and user.role_id=role.id and ( access.role_id=role.id  or (access.role_id=role.pid and role.pid!=0 ) ) and role.status=1 and access.node_id=node.id and node.level=2 and node.pid=1 and node.status=1 [ RunTime:0.000000s ]
SQL: select node.id,node.name,node.status,node.title from tb_role as role,tb_role_user as user,tb_access as access ,tb_node as node where user.user_id='4' and user.role_id=role.id and ( access.role_id=role.id  or (access.role_id=role.pid and role.pid!=0 ) ) and role.status=1 and access.node_id=node.id and node.level=3 and node.pid=22 and node.status=1 [ RunTime:0.001000s ]
SQL: select node.id,node.name,node.status,node.title from tb_role as role,tb_role_user as user,tb_access as access ,tb_node as node where user.user_id='4' and user.role_id=role.id and ( access.role_id=role.id  or (access.role_id=role.pid and role.pid!=0 ) ) and role.status=1 and access.node_id=node.id and node.level=3 and node.pid=21 and node.status=1 [ RunTime:0.000000s ]
SQL: select node.id,node.name,node.status,node.title from tb_role as role,tb_role_user as user,tb_access as access ,tb_node as node where user.user_id='4' and user.role_id=role.id and ( access.role_id=role.id  or (access.role_id=role.pid and role.pid!=0 ) ) and role.status=1 and access.node_id=node.id and node.level=3 and node.pid=20 and node.status=1 [ RunTime:0.000000s ]
SQL: select node.id,node.name,node.status,node.title from tb_role as role,tb_role_user as user,tb_access as access ,tb_node as node where user.user_id='4' and user.role_id=role.id and ( access.role_id=role.id  or (access.role_id=role.pid and role.pid!=0 ) ) and role.status=1 and access.node_id=node.id and node.level=3 and node.pid=18 and node.status=1 [ RunTime:0.001000s ]
SQL: select node.id,node.name,node.status,node.title from tb_role as role,tb_role_user as user,tb_access as access ,tb_node as node where user.user_id='4' and user.role_id=role.id and ( access.role_id=role.id  or (access.role_id=role.pid and role.pid!=0 ) ) and role.status=1 and access.node_id=node.id and node.level=3 and node.pid=17 and node.status=1 [ RunTime:0.001000s ]
SQL: select node.id,node.name,node.status,node.title from tb_role as role,tb_role_user as user,tb_access as access ,tb_node as node where user.user_id='4' and user.role_id=role.id and ( access.role_id=role.id  or (access.role_id=role.pid and role.pid!=0 ) ) and role.status=1 and access.node_id=node.id and node.level=3 and node.pid=16 and node.status=1 [ RunTime:0.001000s ]
SQL: select node.id,node.name,node.status,node.title from tb_role as role,tb_role_user as user,tb_access as access ,tb_node as node where user.user_id='4' and user.role_id=role.id and ( access.role_id=role.id  or (access.role_id=role.pid and role.pid!=0 ) ) and role.status=1 and access.node_id=node.id and node.level=3 and node.pid=15 and node.status=1 [ RunTime:0.000000s ]
SQL: select node.id,node.name,node.status,node.title from tb_role as role,tb_role_user as user,tb_access as access ,tb_node as node where user.user_id='4' and user.role_id=role.id and ( access.role_id=role.id  or (access.role_id=role.pid and role.pid!=0 ) ) and role.status=1 and access.node_id=node.id and node.level=3 and node.pid=23 and node.status=1 [ RunTime:0.000000s ]
SQL: select node.id,node.name,node.status,node.title from tb_role as role,tb_role_user as user,tb_access as access ,tb_node as node where user.user_id='4' and user.role_id=role.id and ( access.role_id=role.id  or (access.role_id=role.pid and role.pid!=0 ) ) and role.status=1 and access.node_id=node.id and node.level=3 and node.pid=24 and node.status=1 [ RunTime:0.000000s ]
SQL: select node.id,node.name,node.status,node.title from tb_role as role,tb_role_user as user,tb_access as access ,tb_node as node where user.user_id='4' and user.role_id=role.id and ( access.role_id=role.id  or (access.role_id=role.pid and role.pid!=0 ) ) and role.status=1 and access.node_id=node.id and node.level=3 and node.pid=25 and node.status=1 [ RunTime:0.001000s ]
SQL: select node.id,node.name,node.status,node.title from tb_role as role,tb_role_user as user,tb_access as access ,tb_node as node where user.user_id='4' and user.role_id=role.id and ( access.role_id=role.id  or (access.role_id=role.pid and role.pid!=0 ) ) and role.status=1 and access.node_id=node.id and node.level=3 and node.pid=97 and node.status=1 [ RunTime:0.001000s ]
SQL: select node.id,node.name,node.status,node.title from tb_role as role,tb_role_user as user,tb_access as access ,tb_node as node where user.user_id='4' and user.role_id=role.id and ( access.role_id=role.id  or (access.role_id=role.pid and role.pid!=0 ) ) and role.status=1 and access.node_id=node.id and node.level=3 and node.pid=117 and node.status=1 [ RunTime:0.001000s ]
SQL: SELECT  PlantInfo.plantNO,PlantInfo.id,PlantInfo.handleType,PlantInfo.verifyResult,PlantInfo.handler,
                          PlantInfo.HandleDate,PlantInfo.handleType
                  FROM    tb_plantinfo AS PlantInfo
                  WHERE   PlantInfo.workshopId="青岛分公司"
                  AND     PlantInfo.verifyResult= 0 [ RunTime:0.038003s ]
SQL: SELECT     PlantInfo.plantNO,PlantInfo.id,
                             ThicknessOrigin.handleType,ThicknessOrigin.handler,ThicknessOrigin.HandleDate,ThicknessOrigin.verifyResult
                  FROM       tb_plantinfo AS PlantInfo
                  LEFT JOIN  tb_measurethicknessrecord_origin AS ThicknessOrigin
                  ON         PlantInfo.id  =  thicknessOrigin.pid
                  WHERE      PlantInfo.workshopId="青岛分公司"
                  AND        ThicknessOrigin.verifyResult=0  [ RunTime:0.010000s ]
SQL: SELECT     PlantInfo.plantNO,PlantInfo.id,
                             Thickness.handleType,Thickness.handler,Thickness.HandleDate,Thickness.verifyResult
                  FROM       tb_plantinfo AS PlantInfo
                  LEFT JOIN  tb_measurethicknessrecord AS Thickness
                  ON         PlantInfo.id  =  Thickness.pid
                  WHERE      PlantInfo.workshopId="青岛分公司"
                  AND        Thickness.verifyResult= 0 [ RunTime:0.002000s ]
SQL: SELECT     PlantInfo.plantNO,PlantInfo.id,
                             RunRecord.handleType,RunRecord.handler,RunRecord.HandleDate,RunRecord.verifyResult
                  FROM       tb_plantinfo       AS   PlantInfo
                  LEFT JOIN  tb_runrecordlist   AS   RunRecord
                  ON         PlantInfo.id            =  RunRecord.pid
                  WHERE      PlantInfo.workshopId    ="青岛分公司"
                  AND        RunRecord.verifyResult  = 0 [ RunTime:0.012001s ]
SQL: SELECT     PlantInfo.plantNO,PlantInfo.id,
                             DailyRecord.handleType,DailyRecord.handler,DailyRecord.HandleDate,DailyRecord.verifyResult
                  FROM       tb_plantinfo                      AS   PlantInfo
                  LEFT JOIN  tb_plantdailymaintainancerecord   AS   DailyRecord
                  ON         PlantInfo.id            =  DailyRecord.pid
                  WHERE      PlantInfo.workshopId    ="青岛分公司"
                  AND        DailyRecord.verifyResult  = 0 [ RunTime:0.002000s ]
SQL: SELECT     PlantInfo.plantNO,PlantInfo.id,
                             TestRecord.handleType,TestRecord.handler,TestRecord.HandleDate,TestRecord.verifyResult
                  FROM       tb_plantinfo                      AS   PlantInfo
                  LEFT JOIN  tb_planttestrecord                AS   TestRecord
                  ON         PlantInfo.id            =  TestRecord.pid
                  WHERE      PlantInfo.workshopId    ="青岛分公司"
                  AND        TestRecord.verifyResult  = 0 [ RunTime:0.018001s ]
SQL: SELECT     PlantInfo.plantNO,PlantInfo.id,
                             MaintanceRecord.handleType,MaintanceRecord.handler,MaintanceRecord.HandleDate,MaintanceRecord.verifyResult
                  FROM       tb_plantinfo                      AS   PlantInfo
                  LEFT JOIN  tb_plantmaintancerecord           AS   MaintanceRecord
                  ON         PlantInfo.id            =  MaintanceRecord.pid
                  WHERE      PlantInfo.workshopId    ="青岛分公司"
                  AND        MaintanceRecord.verifyResult  = 0 [ RunTime:0.007001s ]
NOTIC: [8] Undefined variable: schedule2 D:\wamp\www\model\Apps\Home\Controller\ManageController.class.php 第 256 行.
NOTIC: [2] Invalid argument supplied for foreach() D:\wamp\www\model\Apps\Home\Controller\ManageController.class.php 第 256 行.
INFO: [ view_parse ] --START--
INFO: [ template_filter ] --START--
INFO: Run Behavior\ContentReplace [ RunTime:0.000000s ]
INFO: [ template_filter ] --END-- [ RunTime:0.001000s ]
INFO: Run Behavior\ParseTemplate [ RunTime:0.046003s ]
INFO: [ view_parse ] --END-- [ RunTime:0.046003s ]
INFO: [ view_filter ] --START--
INFO: Run Behavior\WriteHtmlCache [ RunTime:0.000000s ]
INFO: [ view_filter ] --END-- [ RunTime:0.000000s ]
INFO: [ app_end ] --START--
INFO: Run Behavior\ShowPageTrace [ RunTime:0.001000s ]
INFO: [ app_end ] --END-- [ RunTime:0.001000s ]

[ 2016-11-02T21:47:40+08:00 ] 127.0.0.1 /model/index.php/Home/Visualization/oneLevelMap.html
INFO: [ app_begin ] --START--
INFO: Run Behavior\ReadHtmlCache [ RunTime:0.001000s ]
INFO: [ app_begin ] --END-- [ RunTime:0.001000s ]
NOTIC: [8192] mysql_connect(): The mysql extension is deprecated and will be removed in the future: use mysqli or PDO instead D:\wamp\www\model\ThinkPHP\Library\Think\Db\Driver\Mysql.class.php 第 52 行.
SQL: SELECT     *
                  FROM       tb_gisdata    AS  GisData
                  WHERE      GisData.level=1  [ RunTime:0.056003s ]
SQL: SELECT    PlantAlarm.addTime,PlantAlarm.alarmSource,PlantInfo.plantNO
                  FROM       tb_plantalarm AS  PlantAlarm
                  RIGHT JOIN tb_plantinfo  AS PlantInfo
                  ON         PlantInfo.id   =  PlantAlarm.plantId
                  WHERE      PlantInfo.workshopId="青岛分公司" and PlantAlarm.status=0 [ RunTime:0.000000s ]
SQL: SELECT    PlantAlarm.addTime,PlantAlarm.alarmSource,PlantInfo.plantNO
                  FROM       tb_plantalarm AS  PlantAlarm
                  RIGHT JOIN tb_plantinfo  AS PlantInfo
                  ON         PlantInfo.id   =  PlantAlarm.plantId
                  WHERE      PlantInfo.workshopId="宁波分公司" and PlantAlarm.status=0 [ RunTime:0.001000s ]
NOTIC: [8] Undefined offset: 1 D:\wamp\www\model\Apps\Home\Controller\VisualizationController.class.php 第 51 行.
SQL: SELECT    PlantAlarm.addTime,PlantAlarm.alarmSource,PlantInfo.plantNO
                  FROM       tb_plantalarm AS  PlantAlarm
                  RIGHT JOIN tb_plantinfo  AS PlantInfo
                  ON         PlantInfo.id   =  PlantAlarm.plantId
                  WHERE      PlantInfo.workshopId="高富分公司" and PlantAlarm.status=0 [ RunTime:0.000000s ]
SQL: SELECT    PlantAlarm.addTime,PlantAlarm.alarmSource,PlantInfo.plantNO
                  FROM       tb_plantalarm AS  PlantAlarm
                  RIGHT JOIN tb_plantinfo  AS PlantInfo
                  ON         PlantInfo.id   =  PlantAlarm.plantId
                  WHERE      PlantInfo.workshopId="江苏分公司" and PlantAlarm.status=0 [ RunTime:0.001000s ]
NOTIC: [8] Undefined offset: 3 D:\wamp\www\model\Apps\Home\Controller\VisualizationController.class.php 第 51 行.
SQL: SELECT    PlantAlarm.addTime,PlantAlarm.alarmSource,PlantInfo.plantNO
                  FROM       tb_plantalarm AS  PlantAlarm
                  RIGHT JOIN tb_plantinfo  AS PlantInfo
                  ON         PlantInfo.id   =  PlantAlarm.plantId
                  WHERE      PlantInfo.workshopId="秦皇岛分公司" and PlantAlarm.status=0 [ RunTime:0.000000s ]
NOTIC: [8] Undefined offset: 4 D:\wamp\www\model\Apps\Home\Controller\VisualizationController.class.php 第 51 行.
SQL: SELECT    PlantAlarm.addTime,PlantAlarm.alarmSource,PlantInfo.plantNO
                  FROM       tb_plantalarm AS  PlantAlarm
                  RIGHT JOIN tb_plantinfo  AS PlantInfo
                  ON         PlantInfo.id   =  PlantAlarm.plantId
                  WHERE      PlantInfo.workshopId="湛江分公司" and PlantAlarm.status=0 [ RunTime:0.001000s ]
NOTIC: [8] Undefined offset: 5 D:\wamp\www\model\Apps\Home\Controller\VisualizationController.class.php 第 51 行.
NOTIC: [8192] mysql_connect(): The mysql extension is deprecated and will be removed in the future: use mysqli or PDO instead D:\wamp\www\model\ThinkPHP\Library\Think\Db\Driver\Mysql.class.php 第 52 行.
SQL: SHOW COLUMNS FROM `dic_workshop` [ RunTime:0.026002s ]
SQL: SELECT `workshopId` FROM `dic_workshop`  [ RunTime:0.001000s ]
INFO: [ view_parse ] --START--
INFO: [ template_filter ] --START--
INFO: Run Behavior\ContentReplace [ RunTime:0.000000s ]
INFO: [ template_filter ] --END-- [ RunTime:0.000000s ]
INFO: Run Behavior\ParseTemplate [ RunTime:0.023001s ]
INFO: [ view_parse ] --END-- [ RunTime:0.024001s ]
INFO: [ view_filter ] --START--
INFO: Run Behavior\WriteHtmlCache [ RunTime:0.000000s ]
INFO: [ view_filter ] --END-- [ RunTime:0.000000s ]
INFO: [ app_end ] --START--
INFO: Run Behavior\ShowPageTrace [ RunTime:0.001001s ]
INFO: [ app_end ] --END-- [ RunTime:0.001001s ]

[ 2016-11-02T21:47:40+08:00 ] 127.0.0.1 /model/index.php/Home/Schedule/missionNotice.html
INFO: [ app_begin ] --START--
INFO: Run Behavior\ReadHtmlCache [ RunTime:0.000000s ]
INFO: [ app_begin ] --END-- [ RunTime:0.001000s ]
NOTIC: [8192] mysql_connect(): The mysql extension is deprecated and will be removed in the future: use mysqli or PDO instead D:\wamp\www\model\ThinkPHP\Library\Think\Db\Driver\Mysql.class.php 第 52 行.
SQL: select node.id,node.name from tb_role as role,tb_role_user as user,tb_access as access ,tb_node as node where user.user_id='4' and user.role_id=role.id and ( access.role_id=role.id  or (access.role_id=role.pid and role.pid!=0 ) ) and role.status=1 and access.node_id=node.id and node.level=1 and node.status=1 [ RunTime:0.001000s ]
SQL: select node.id,node.name from tb_role as role,tb_role_user as user,tb_access as access ,tb_node as node where user.user_id='4' and user.role_id=role.id and ( access.role_id=role.id  or (access.role_id=role.pid and role.pid!=0 ) ) and role.status=1 and access.node_id=node.id and node.level=2 and node.pid=1 and node.status=1 [ RunTime:0.001000s ]
SQL: select node.id,node.name,node.status,node.title from tb_role as role,tb_role_user as user,tb_access as access ,tb_node as node where user.user_id='4' and user.role_id=role.id and ( access.role_id=role.id  or (access.role_id=role.pid and role.pid!=0 ) ) and role.status=1 and access.node_id=node.id and node.level=3 and node.pid=22 and node.status=1 [ RunTime:0.000000s ]
SQL: select node.id,node.name,node.status,node.title from tb_role as role,tb_role_user as user,tb_access as access ,tb_node as node where user.user_id='4' and user.role_id=role.id and ( access.role_id=role.id  or (access.role_id=role.pid and role.pid!=0 ) ) and role.status=1 and access.node_id=node.id and node.level=3 and node.pid=21 and node.status=1 [ RunTime:0.000000s ]
SQL: select node.id,node.name,node.status,node.title from tb_role as role,tb_role_user as user,tb_access as access ,tb_node as node where user.user_id='4' and user.role_id=role.id and ( access.role_id=role.id  or (access.role_id=role.pid and role.pid!=0 ) ) and role.status=1 and access.node_id=node.id and node.level=3 and node.pid=20 and node.status=1 [ RunTime:0.001000s ]
SQL: select node.id,node.name,node.status,node.title from tb_role as role,tb_role_user as user,tb_access as access ,tb_node as node where user.user_id='4' and user.role_id=role.id and ( access.role_id=role.id  or (access.role_id=role.pid and role.pid!=0 ) ) and role.status=1 and access.node_id=node.id and node.level=3 and node.pid=18 and node.status=1 [ RunTime:0.001000s ]
SQL: select node.id,node.name,node.status,node.title from tb_role as role,tb_role_user as user,tb_access as access ,tb_node as node where user.user_id='4' and user.role_id=role.id and ( access.role_id=role.id  or (access.role_id=role.pid and role.pid!=0 ) ) and role.status=1 and access.node_id=node.id and node.level=3 and node.pid=17 and node.status=1 [ RunTime:0.000000s ]
SQL: select node.id,node.name,node.status,node.title from tb_role as role,tb_role_user as user,tb_access as access ,tb_node as node where user.user_id='4' and user.role_id=role.id and ( access.role_id=role.id  or (access.role_id=role.pid and role.pid!=0 ) ) and role.status=1 and access.node_id=node.id and node.level=3 and node.pid=16 and node.status=1 [ RunTime:0.001000s ]
SQL: select node.id,node.name,node.status,node.title from tb_role as role,tb_role_user as user,tb_access as access ,tb_node as node where user.user_id='4' and user.role_id=role.id and ( access.role_id=role.id  or (access.role_id=role.pid and role.pid!=0 ) ) and role.status=1 and access.node_id=node.id and node.level=3 and node.pid=15 and node.status=1 [ RunTime:0.000000s ]
SQL: select node.id,node.name,node.status,node.title from tb_role as role,tb_role_user as user,tb_access as access ,tb_node as node where user.user_id='4' and user.role_id=role.id and ( access.role_id=role.id  or (access.role_id=role.pid and role.pid!=0 ) ) and role.status=1 and access.node_id=node.id and node.level=3 and node.pid=23 and node.status=1 [ RunTime:0.000000s ]
SQL: select node.id,node.name,node.status,node.title from tb_role as role,tb_role_user as user,tb_access as access ,tb_node as node where user.user_id='4' and user.role_id=role.id and ( access.role_id=role.id  or (access.role_id=role.pid and role.pid!=0 ) ) and role.status=1 and access.node_id=node.id and node.level=3 and node.pid=24 and node.status=1 [ RunTime:0.000000s ]
SQL: select node.id,node.name,node.status,node.title from tb_role as role,tb_role_user as user,tb_access as access ,tb_node as node where user.user_id='4' and user.role_id=role.id and ( access.role_id=role.id  or (access.role_id=role.pid and role.pid!=0 ) ) and role.status=1 and access.node_id=node.id and node.level=3 and node.pid=25 and node.status=1 [ RunTime:0.001000s ]
SQL: select node.id,node.name,node.status,node.title from tb_role as role,tb_role_user as user,tb_access as access ,tb_node as node where user.user_id='4' and user.role_id=role.id and ( access.role_id=role.id  or (access.role_id=role.pid and role.pid!=0 ) ) and role.status=1 and access.node_id=node.id and node.level=3 and node.pid=97 and node.status=1 [ RunTime:0.001000s ]
SQL: select node.id,node.name,node.status,node.title from tb_role as role,tb_role_user as user,tb_access as access ,tb_node as node where user.user_id='4' and user.role_id=role.id and ( access.role_id=role.id  or (access.role_id=role.pid and role.pid!=0 ) ) and role.status=1 and access.node_id=node.id and node.level=3 and node.pid=117 and node.status=1 [ RunTime:0.001000s ]
NOTIC: [8192] mysql_connect(): The mysql extension is deprecated and will be removed in the future: use mysqli or PDO instead D:\wamp\www\model\ThinkPHP\Library\Think\Db\Driver\Mysql.class.php 第 52 行.
SQL: SHOW COLUMNS FROM `tb_mission` [ RunTime:0.039002s ]
SQL: SELECT * FROM `tb_mission` WHERE ( status=1 )  [ RunTime:0.001000s ]
SQL: UPDATE `tb_mission` SET `nextDate`='2016-11-03' WHERE ( `id` = 5 ) [ RunTime:0.059004s ]
INFO: [ view_parse ] --START--
INFO: [ template_filter ] --START--
INFO: Run Behavior\ContentReplace [ RunTime:0.000000s ]
INFO: [ template_filter ] --END-- [ RunTime:0.000000s ]
NOTIC: [8] Undefined index: id D:\wamp\www\model\Apps\Runtime\Cache\Home\6e1ac3f03b69671368b31f0797f128ef.php 第 23 行.
NOTIC: [8] Undefined index: id D:\wamp\www\model\Apps\Runtime\Cache\Home\6e1ac3f03b69671368b31f0797f128ef.php 第 23 行.
NOTIC: [8] Undefined index: id D:\wamp\www\model\Apps\Runtime\Cache\Home\6e1ac3f03b69671368b31f0797f128ef.php 第 23 行.
INFO: Run Behavior\ParseTemplate [ RunTime:0.035002s ]
INFO: [ view_parse ] --END-- [ RunTime:0.035002s ]
INFO: [ view_filter ] --START--
INFO: Run Behavior\WriteHtmlCache [ RunTime:0.001000s ]
INFO: [ view_filter ] --END-- [ RunTime:0.001000s ]
INFO: [ app_end ] --START--
INFO: Run Behavior\ShowPageTrace [ RunTime:0.001000s ]
INFO: [ app_end ] --END-- [ RunTime:0.001000s ]

[ 2016-11-02T21:48:20+08:00 ] 127.0.0.1 /model/index.php/Home/Manage/tankInfo.html
INFO: [ app_begin ] --START--
INFO: Run Behavior\ReadHtmlCache [ RunTime:0.000000s ]
INFO: [ app_begin ] --END-- [ RunTime:0.000000s ]
NOTIC: [8192] mysql_connect(): The mysql extension is deprecated and will be removed in the future: use mysqli or PDO instead D:\wamp\www\model\ThinkPHP\Library\Think\Db\Driver\Mysql.class.php 第 52 行.
SQL: select node.id,node.name from tb_role as role,tb_role_user as user,tb_access as access ,tb_node as node where user.user_id='4' and user.role_id=role.id and ( access.role_id=role.id  or (access.role_id=role.pid and role.pid!=0 ) ) and role.status=1 and access.node_id=node.id and node.level=1 and node.status=1 [ RunTime:0.000000s ]
SQL: select node.id,node.name from tb_role as role,tb_role_user as user,tb_access as access ,tb_node as node where user.user_id='4' and user.role_id=role.id and ( access.role_id=role.id  or (access.role_id=role.pid and role.pid!=0 ) ) and role.status=1 and access.node_id=node.id and node.level=2 and node.pid=1 and node.status=1 [ RunTime:0.000000s ]
SQL: select node.id,node.name,node.status,node.title from tb_role as role,tb_role_user as user,tb_access as access ,tb_node as node where user.user_id='4' and user.role_id=role.id and ( access.role_id=role.id  or (access.role_id=role.pid and role.pid!=0 ) ) and role.status=1 and access.node_id=node.id and node.level=3 and node.pid=22 and node.status=1 [ RunTime:0.000000s ]
SQL: select node.id,node.name,node.status,node.title from tb_role as role,tb_role_user as user,tb_access as access ,tb_node as node where user.user_id='4' and user.role_id=role.id and ( access.role_id=role.id  or (access.role_id=role.pid and role.pid!=0 ) ) and role.status=1 and access.node_id=node.id and node.level=3 and node.pid=21 and node.status=1 [ RunTime:0.000000s ]
SQL: select node.id,node.name,node.status,node.title from tb_role as role,tb_role_user as user,tb_access as access ,tb_node as node where user.user_id='4' and user.role_id=role.id and ( access.role_id=role.id  or (access.role_id=role.pid and role.pid!=0 ) ) and role.status=1 and access.node_id=node.id and node.level=3 and node.pid=20 and node.status=1 [ RunTime:0.000000s ]
SQL: select node.id,node.name,node.status,node.title from tb_role as role,tb_role_user as user,tb_access as access ,tb_node as node where user.user_id='4' and user.role_id=role.id and ( access.role_id=role.id  or (access.role_id=role.pid and role.pid!=0 ) ) and role.status=1 and access.node_id=node.id and node.level=3 and node.pid=18 and node.status=1 [ RunTime:0.000000s ]
SQL: select node.id,node.name,node.status,node.title from tb_role as role,tb_role_user as user,tb_access as access ,tb_node as node where user.user_id='4' and user.role_id=role.id and ( access.role_id=role.id  or (access.role_id=role.pid and role.pid!=0 ) ) and role.status=1 and access.node_id=node.id and node.level=3 and node.pid=17 and node.status=1 [ RunTime:0.000000s ]
SQL: select node.id,node.name,node.status,node.title from tb_role as role,tb_role_user as user,tb_access as access ,tb_node as node where user.user_id='4' and user.role_id=role.id and ( access.role_id=role.id  or (access.role_id=role.pid and role.pid!=0 ) ) and role.status=1 and access.node_id=node.id and node.level=3 and node.pid=16 and node.status=1 [ RunTime:0.000000s ]
SQL: select node.id,node.name,node.status,node.title from tb_role as role,tb_role_user as user,tb_access as access ,tb_node as node where user.user_id='4' and user.role_id=role.id and ( access.role_id=role.id  or (access.role_id=role.pid and role.pid!=0 ) ) and role.status=1 and access.node_id=node.id and node.level=3 and node.pid=15 and node.status=1 [ RunTime:0.000000s ]
SQL: select node.id,node.name,node.status,node.title from tb_role as role,tb_role_user as user,tb_access as access ,tb_node as node where user.user_id='4' and user.role_id=role.id and ( access.role_id=role.id  or (access.role_id=role.pid and role.pid!=0 ) ) and role.status=1 and access.node_id=node.id and node.level=3 and node.pid=23 and node.status=1 [ RunTime:0.000000s ]
SQL: select node.id,node.name,node.status,node.title from tb_role as role,tb_role_user as user,tb_access as access ,tb_node as node where user.user_id='4' and user.role_id=role.id and ( access.role_id=role.id  or (access.role_id=role.pid and role.pid!=0 ) ) and role.status=1 and access.node_id=node.id and node.level=3 and node.pid=24 and node.status=1 [ RunTime:0.000000s ]
SQL: select node.id,node.name,node.status,node.title from tb_role as role,tb_role_user as user,tb_access as access ,tb_node as node where user.user_id='4' and user.role_id=role.id and ( access.role_id=role.id  or (access.role_id=role.pid and role.pid!=0 ) ) and role.status=1 and access.node_id=node.id and node.level=3 and node.pid=25 and node.status=1 [ RunTime:0.000000s ]
SQL: select node.id,node.name,node.status,node.title from tb_role as role,tb_role_user as user,tb_access as access ,tb_node as node where user.user_id='4' and user.role_id=role.id and ( access.role_id=role.id  or (access.role_id=role.pid and role.pid!=0 ) ) and role.status=1 and access.node_id=node.id and node.level=3 and node.pid=97 and node.status=1 [ RunTime:0.000000s ]
SQL: select node.id,node.name,node.status,node.title from tb_role as role,tb_role_user as user,tb_access as access ,tb_node as node where user.user_id='4' and user.role_id=role.id and ( access.role_id=role.id  or (access.role_id=role.pid and role.pid!=0 ) ) and role.status=1 and access.node_id=node.id and node.level=3 and node.pid=117 and node.status=1 [ RunTime:0.000000s ]
INFO: [ view_parse ] --START--
INFO: [ template_filter ] --START--
INFO: Run Behavior\ContentReplace [ RunTime:0.000000s ]
INFO: [ template_filter ] --END-- [ RunTime:0.000000s ]
INFO: Run Behavior\ParseTemplate [ RunTime:0.020000s ]
INFO: [ view_parse ] --END-- [ RunTime:0.020000s ]
INFO: [ view_filter ] --START--
INFO: Run Behavior\WriteHtmlCache [ RunTime:0.000000s ]
INFO: [ view_filter ] --END-- [ RunTime:0.000000s ]
INFO: [ app_end ] --START--
INFO: Run Behavior\ShowPageTrace [ RunTime:0.000000s ]
INFO: [ app_end ] --END-- [ RunTime:0.000000s ]

[ 2016-11-02T21:48:20+08:00 ] 127.0.0.1 /model/index.php/Home/Manage/tankInfoList.html
INFO: [ app_begin ] --START--
INFO: Run Behavior\ReadHtmlCache [ RunTime:0.000000s ]
INFO: [ app_begin ] --END-- [ RunTime:0.010000s ]
NOTIC: [8192] mysql_connect(): The mysql extension is deprecated and will be removed in the future: use mysqli or PDO instead D:\wamp\www\model\ThinkPHP\Library\Think\Db\Driver\Mysql.class.php 第 52 行.
SQL: select node.id,node.name from tb_role as role,tb_role_user as user,tb_access as access ,tb_node as node where user.user_id='4' and user.role_id=role.id and ( access.role_id=role.id  or (access.role_id=role.pid and role.pid!=0 ) ) and role.status=1 and access.node_id=node.id and node.level=1 and node.status=1 [ RunTime:0.000000s ]
SQL: select node.id,node.name from tb_role as role,tb_role_user as user,tb_access as access ,tb_node as node where user.user_id='4' and user.role_id=role.id and ( access.role_id=role.id  or (access.role_id=role.pid and role.pid!=0 ) ) and role.status=1 and access.node_id=node.id and node.level=2 and node.pid=1 and node.status=1 [ RunTime:0.000000s ]
SQL: select node.id,node.name,node.status,node.title from tb_role as role,tb_role_user as user,tb_access as access ,tb_node as node where user.user_id='4' and user.role_id=role.id and ( access.role_id=role.id  or (access.role_id=role.pid and role.pid!=0 ) ) and role.status=1 and access.node_id=node.id and node.level=3 and node.pid=22 and node.status=1 [ RunTime:0.000000s ]
SQL: select node.id,node.name,node.status,node.title from tb_role as role,tb_role_user as user,tb_access as access ,tb_node as node where user.user_id='4' and user.role_id=role.id and ( access.role_id=role.id  or (access.role_id=role.pid and role.pid!=0 ) ) and role.status=1 and access.node_id=node.id and node.level=3 and node.pid=21 and node.status=1 [ RunTime:0.000000s ]
SQL: select node.id,node.name,node.status,node.title from tb_role as role,tb_role_user as user,tb_access as access ,tb_node as node where user.user_id='4' and user.role_id=role.id and ( access.role_id=role.id  or (access.role_id=role.pid and role.pid!=0 ) ) and role.status=1 and access.node_id=node.id and node.level=3 and node.pid=20 and node.status=1 [ RunTime:0.000000s ]
SQL: select node.id,node.name,node.status,node.title from tb_role as role,tb_role_user as user,tb_access as access ,tb_node as node where user.user_id='4' and user.role_id=role.id and ( access.role_id=role.id  or (access.role_id=role.pid and role.pid!=0 ) ) and role.status=1 and access.node_id=node.id and node.level=3 and node.pid=18 and node.status=1 [ RunTime:0.000000s ]
SQL: select node.id,node.name,node.status,node.title from tb_role as role,tb_role_user as user,tb_access as access ,tb_node as node where user.user_id='4' and user.role_id=role.id and ( access.role_id=role.id  or (access.role_id=role.pid and role.pid!=0 ) ) and role.status=1 and access.node_id=node.id and node.level=3 and node.pid=17 and node.status=1 [ RunTime:0.000000s ]
SQL: select node.id,node.name,node.status,node.title from tb_role as role,tb_role_user as user,tb_access as access ,tb_node as node where user.user_id='4' and user.role_id=role.id and ( access.role_id=role.id  or (access.role_id=role.pid and role.pid!=0 ) ) and role.status=1 and access.node_id=node.id and node.level=3 and node.pid=16 and node.status=1 [ RunTime:0.000000s ]
SQL: select node.id,node.name,node.status,node.title from tb_role as role,tb_role_user as user,tb_access as access ,tb_node as node where user.user_id='4' and user.role_id=role.id and ( access.role_id=role.id  or (access.role_id=role.pid and role.pid!=0 ) ) and role.status=1 and access.node_id=node.id and node.level=3 and node.pid=15 and node.status=1 [ RunTime:0.000000s ]
SQL: select node.id,node.name,node.status,node.title from tb_role as role,tb_role_user as user,tb_access as access ,tb_node as node where user.user_id='4' and user.role_id=role.id and ( access.role_id=role.id  or (access.role_id=role.pid and role.pid!=0 ) ) and role.status=1 and access.node_id=node.id and node.level=3 and node.pid=23 and node.status=1 [ RunTime:0.010000s ]
SQL: select node.id,node.name,node.status,node.title from tb_role as role,tb_role_user as user,tb_access as access ,tb_node as node where user.user_id='4' and user.role_id=role.id and ( access.role_id=role.id  or (access.role_id=role.pid and role.pid!=0 ) ) and role.status=1 and access.node_id=node.id and node.level=3 and node.pid=24 and node.status=1 [ RunTime:0.000000s ]
SQL: select node.id,node.name,node.status,node.title from tb_role as role,tb_role_user as user,tb_access as access ,tb_node as node where user.user_id='4' and user.role_id=role.id and ( access.role_id=role.id  or (access.role_id=role.pid and role.pid!=0 ) ) and role.status=1 and access.node_id=node.id and node.level=3 and node.pid=25 and node.status=1 [ RunTime:0.000000s ]
SQL: select node.id,node.name,node.status,node.title from tb_role as role,tb_role_user as user,tb_access as access ,tb_node as node where user.user_id='4' and user.role_id=role.id and ( access.role_id=role.id  or (access.role_id=role.pid and role.pid!=0 ) ) and role.status=1 and access.node_id=node.id and node.level=3 and node.pid=97 and node.status=1 [ RunTime:0.000000s ]
SQL: select node.id,node.name,node.status,node.title from tb_role as role,tb_role_user as user,tb_access as access ,tb_node as node where user.user_id='4' and user.role_id=role.id and ( access.role_id=role.id  or (access.role_id=role.pid and role.pid!=0 ) ) and role.status=1 and access.node_id=node.id and node.level=3 and node.pid=117 and node.status=1 [ RunTime:0.000000s ]
NOTIC: [8192] mysql_connect(): The mysql extension is deprecated and will be removed in the future: use mysqli or PDO instead D:\wamp\www\model\ThinkPHP\Library\Think\Db\Driver\Mysql.class.php 第 52 行.
SQL: SHOW COLUMNS FROM `tb_plantinfo` [ RunTime:0.000000s ]
SQL: SHOW COLUMNS FROM `dic_factory` [ RunTime:0.070000s ]
SQL: SELECT * FROM `dic_factory`  [ RunTime:0.000000s ]
SQL: SELECT * FROM `tb_plantinfo` WHERE ( `workshopId` = '青岛分公司' )  [ RunTime:0.000000s ]
INFO: [ view_parse ] --START--
INFO: [ template_filter ] --START--
INFO: Run Behavior\ContentReplace [ RunTime:0.000000s ]
INFO: [ template_filter ] --END-- [ RunTime:0.000000s ]
NOTIC: [8] Undefined index: EDIT D:\wamp\www\model\Apps\Runtime\Cache\Home\fb1fa9b3e4a560051d051ac85e02035f.php 第 63 行.
NOTIC: [8] Undefined index: EDIT D:\wamp\www\model\Apps\Runtime\Cache\Home\fb1fa9b3e4a560051d051ac85e02035f.php 第 63 行.
NOTIC: [8] Undefined index: DELETE D:\wamp\www\model\Apps\Runtime\Cache\Home\fb1fa9b3e4a560051d051ac85e02035f.php 第 64 行.
NOTIC: [8] Undefined index: DELETE D:\wamp\www\model\Apps\Runtime\Cache\Home\fb1fa9b3e4a560051d051ac85e02035f.php 第 64 行.
NOTIC: [8] Undefined index: EDIT D:\wamp\www\model\Apps\Runtime\Cache\Home\fb1fa9b3e4a560051d051ac85e02035f.php 第 63 行.
NOTIC: [8] Undefined index: EDIT D:\wamp\www\model\Apps\Runtime\Cache\Home\fb1fa9b3e4a560051d051ac85e02035f.php 第 63 行.
NOTIC: [8] Undefined index: DELETE D:\wamp\www\model\Apps\Runtime\Cache\Home\fb1fa9b3e4a560051d051ac85e02035f.php 第 64 行.
NOTIC: [8] Undefined index: DELETE D:\wamp\www\model\Apps\Runtime\Cache\Home\fb1fa9b3e4a560051d051ac85e02035f.php 第 64 行.
NOTIC: [8] Undefined index: EDIT D:\wamp\www\model\Apps\Runtime\Cache\Home\fb1fa9b3e4a560051d051ac85e02035f.php 第 63 行.
NOTIC: [8] Undefined index: EDIT D:\wamp\www\model\Apps\Runtime\Cache\Home\fb1fa9b3e4a560051d051ac85e02035f.php 第 63 行.
NOTIC: [8] Undefined index: DELETE D:\wamp\www\model\Apps\Runtime\Cache\Home\fb1fa9b3e4a560051d051ac85e02035f.php 第 64 行.
NOTIC: [8] Undefined index: DELETE D:\wamp\www\model\Apps\Runtime\Cache\Home\fb1fa9b3e4a560051d051ac85e02035f.php 第 64 行.
NOTIC: [8] Undefined index: EDIT D:\wamp\www\model\Apps\Runtime\Cache\Home\fb1fa9b3e4a560051d051ac85e02035f.php 第 63 行.
NOTIC: [8] Undefined index: EDIT D:\wamp\www\model\Apps\Runtime\Cache\Home\fb1fa9b3e4a560051d051ac85e02035f.php 第 63 行.
NOTIC: [8] Undefined index: DELETE D:\wamp\www\model\Apps\Runtime\Cache\Home\fb1fa9b3e4a560051d051ac85e02035f.php 第 64 行.
NOTIC: [8] Undefined index: DELETE D:\wamp\www\model\Apps\Runtime\Cache\Home\fb1fa9b3e4a560051d051ac85e02035f.php 第 64 行.
NOTIC: [8] Undefined index: EDIT D:\wamp\www\model\Apps\Runtime\Cache\Home\fb1fa9b3e4a560051d051ac85e02035f.php 第 63 行.
NOTIC: [8] Undefined index: EDIT D:\wamp\www\model\Apps\Runtime\Cache\Home\fb1fa9b3e4a560051d051ac85e02035f.php 第 63 行.
NOTIC: [8] Undefined index: DELETE D:\wamp\www\model\Apps\Runtime\Cache\Home\fb1fa9b3e4a560051d051ac85e02035f.php 第 64 行.
NOTIC: [8] Undefined index: DELETE D:\wamp\www\model\Apps\Runtime\Cache\Home\fb1fa9b3e4a560051d051ac85e02035f.php 第 64 行.
NOTIC: [8] Undefined index: EDIT D:\wamp\www\model\Apps\Runtime\Cache\Home\fb1fa9b3e4a560051d051ac85e02035f.php 第 63 行.
NOTIC: [8] Undefined index: EDIT D:\wamp\www\model\Apps\Runtime\Cache\Home\fb1fa9b3e4a560051d051ac85e02035f.php 第 63 行.
NOTIC: [8] Undefined index: DELETE D:\wamp\www\model\Apps\Runtime\Cache\Home\fb1fa9b3e4a560051d051ac85e02035f.php 第 64 行.
NOTIC: [8] Undefined index: DELETE D:\wamp\www\model\Apps\Runtime\Cache\Home\fb1fa9b3e4a560051d051ac85e02035f.php 第 64 行.
NOTIC: [8] Undefined index: EDIT D:\wamp\www\model\Apps\Runtime\Cache\Home\fb1fa9b3e4a560051d051ac85e02035f.php 第 63 行.
NOTIC: [8] Undefined index: EDIT D:\wamp\www\model\Apps\Runtime\Cache\Home\fb1fa9b3e4a560051d051ac85e02035f.php 第 63 行.
NOTIC: [8] Undefined index: DELETE D:\wamp\www\model\Apps\Runtime\Cache\Home\fb1fa9b3e4a560051d051ac85e02035f.php 第 64 行.
NOTIC: [8] Undefined index: DELETE D:\wamp\www\model\Apps\Runtime\Cache\Home\fb1fa9b3e4a560051d051ac85e02035f.php 第 64 行.
INFO: Run Behavior\ParseTemplate [ RunTime:0.030000s ]
INFO: [ view_parse ] --END-- [ RunTime:0.030000s ]
INFO: [ view_filter ] --START--
INFO: Run Behavior\WriteHtmlCache [ RunTime:0.000000s ]
INFO: [ view_filter ] --END-- [ RunTime:0.000000s ]
INFO: [ app_end ] --START--
INFO: Run Behavior\ShowPageTrace [ RunTime:0.000000s ]
INFO: [ app_end ] --END-- [ RunTime:0.000000s ]

[ 2016-11-02T21:48:20+08:00 ] 127.0.0.1 /model/index.php/Home/Public/getTree.html
INFO: [ app_begin ] --START--
INFO: Run Behavior\ReadHtmlCache [ RunTime:0.000000s ]
INFO: [ app_begin ] --END-- [ RunTime:0.000000s ]
NOTIC: [8192] mysql_connect(): The mysql extension is deprecated and will be removed in the future: use mysqli or PDO instead D:\wamp\www\model\ThinkPHP\Library\Think\Db\Driver\Mysql.class.php 第 52 行.
SQL: SHOW COLUMNS FROM `tb_user` [ RunTime:0.010000s ]
SQL: SELECT * FROM `tb_user` WHERE ( `id` = 4 )  [ RunTime:0.000000s ]
SQL: SHOW COLUMNS FROM `dic_factory` [ RunTime:0.000000s ]
SQL: SELECT * FROM `dic_factory`  [ RunTime:0.000000s ]
SQL: SHOW COLUMNS FROM `dic_workshop` [ RunTime:0.000000s ]
SQL: SELECT * FROM `dic_workshop` WHERE ( `factoryId` = '燃料油总公司' ) AND ( `workshopId` = '青岛分公司' )  [ RunTime:0.000000s ]
SQL: SHOW COLUMNS FROM `dic_area` [ RunTime:0.030000s ]
SQL: SELECT * FROM `dic_area` WHERE ( `factoryId` = '燃料油总公司' ) AND ( `workshopId` = '青岛分公司' )  [ RunTime:0.000000s ]
SQL: SHOW COLUMNS FROM `tb_plantinfo` [ RunTime:0.010000s ]
SQL: SELECT * FROM `tb_plantinfo` WHERE ( `factoryId` = '燃料油总公司' ) AND ( `workshopId` = '青岛分公司' ) AND ( `areaId` = '罐区一' )  [ RunTime:0.000000s ]
SQL: SELECT * FROM `tb_plantinfo` WHERE ( `factoryId` = '燃料油总公司' ) AND ( `workshopId` = '青岛分公司' ) AND ( `areaId` = '罐区二' )  [ RunTime:0.000000s ]
NOTIC: [2] Invalid argument supplied for foreach() D:\wamp\www\model\Apps\Home\Controller\PublicController.class.php 第 79 行.

[ 2016-11-02T21:48:51+08:00 ] 127.0.0.1 /model/index.php/Home/RiskStatistics/index.html
INFO: [ app_begin ] --START--
INFO: Run Behavior\ReadHtmlCache [ RunTime:0.000000s ]
INFO: [ app_begin ] --END-- [ RunTime:0.000000s ]
NOTIC: [8192] mysql_connect(): The mysql extension is deprecated and will be removed in the future: use mysqli or PDO instead D:\wamp\www\model\ThinkPHP\Library\Think\Db\Driver\Mysql.class.php 第 52 行.
SQL: select node.id,node.name from tb_role as role,tb_role_user as user,tb_access as access ,tb_node as node where user.user_id='4' and user.role_id=role.id and ( access.role_id=role.id  or (access.role_id=role.pid and role.pid!=0 ) ) and role.status=1 and access.node_id=node.id and node.level=1 and node.status=1 [ RunTime:0.000000s ]
SQL: select node.id,node.name from tb_role as role,tb_role_user as user,tb_access as access ,tb_node as node where user.user_id='4' and user.role_id=role.id and ( access.role_id=role.id  or (access.role_id=role.pid and role.pid!=0 ) ) and role.status=1 and access.node_id=node.id and node.level=2 and node.pid=1 and node.status=1 [ RunTime:0.000000s ]
SQL: select node.id,node.name,node.status,node.title from tb_role as role,tb_role_user as user,tb_access as access ,tb_node as node where user.user_id='4' and user.role_id=role.id and ( access.role_id=role.id  or (access.role_id=role.pid and role.pid!=0 ) ) and role.status=1 and access.node_id=node.id and node.level=3 and node.pid=22 and node.status=1 [ RunTime:0.000000s ]
SQL: select node.id,node.name,node.status,node.title from tb_role as role,tb_role_user as user,tb_access as access ,tb_node as node where user.user_id='4' and user.role_id=role.id and ( access.role_id=role.id  or (access.role_id=role.pid and role.pid!=0 ) ) and role.status=1 and access.node_id=node.id and node.level=3 and node.pid=21 and node.status=1 [ RunTime:0.000000s ]
SQL: select node.id,node.name,node.status,node.title from tb_role as role,tb_role_user as user,tb_access as access ,tb_node as node where user.user_id='4' and user.role_id=role.id and ( access.role_id=role.id  or (access.role_id=role.pid and role.pid!=0 ) ) and role.status=1 and access.node_id=node.id and node.level=3 and node.pid=20 and node.status=1 [ RunTime:0.000000s ]
SQL: select node.id,node.name,node.status,node.title from tb_role as role,tb_role_user as user,tb_access as access ,tb_node as node where user.user_id='4' and user.role_id=role.id and ( access.role_id=role.id  or (access.role_id=role.pid and role.pid!=0 ) ) and role.status=1 and access.node_id=node.id and node.level=3 and node.pid=18 and node.status=1 [ RunTime:0.000000s ]
SQL: select node.id,node.name,node.status,node.title from tb_role as role,tb_role_user as user,tb_access as access ,tb_node as node where user.user_id='4' and user.role_id=role.id and ( access.role_id=role.id  or (access.role_id=role.pid and role.pid!=0 ) ) and role.status=1 and access.node_id=node.id and node.level=3 and node.pid=17 and node.status=1 [ RunTime:0.000000s ]
SQL: select node.id,node.name,node.status,node.title from tb_role as role,tb_role_user as user,tb_access as access ,tb_node as node where user.user_id='4' and user.role_id=role.id and ( access.role_id=role.id  or (access.role_id=role.pid and role.pid!=0 ) ) and role.status=1 and access.node_id=node.id and node.level=3 and node.pid=16 and node.status=1 [ RunTime:0.000000s ]
SQL: select node.id,node.name,node.status,node.title from tb_role as role,tb_role_user as user,tb_access as access ,tb_node as node where user.user_id='4' and user.role_id=role.id and ( access.role_id=role.id  or (access.role_id=role.pid and role.pid!=0 ) ) and role.status=1 and access.node_id=node.id and node.level=3 and node.pid=15 and node.status=1 [ RunTime:0.000000s ]
SQL: select node.id,node.name,node.status,node.title from tb_role as role,tb_role_user as user,tb_access as access ,tb_node as node where user.user_id='4' and user.role_id=role.id and ( access.role_id=role.id  or (access.role_id=role.pid and role.pid!=0 ) ) and role.status=1 and access.node_id=node.id and node.level=3 and node.pid=23 and node.status=1 [ RunTime:0.000000s ]
SQL: select node.id,node.name,node.status,node.title from tb_role as role,tb_role_user as user,tb_access as access ,tb_node as node where user.user_id='4' and user.role_id=role.id and ( access.role_id=role.id  or (access.role_id=role.pid and role.pid!=0 ) ) and role.status=1 and access.node_id=node.id and node.level=3 and node.pid=24 and node.status=1 [ RunTime:0.000000s ]
SQL: select node.id,node.name,node.status,node.title from tb_role as role,tb_role_user as user,tb_access as access ,tb_node as node where user.user_id='4' and user.role_id=role.id and ( access.role_id=role.id  or (access.role_id=role.pid and role.pid!=0 ) ) and role.status=1 and access.node_id=node.id and node.level=3 and node.pid=25 and node.status=1 [ RunTime:0.000000s ]
SQL: select node.id,node.name,node.status,node.title from tb_role as role,tb_role_user as user,tb_access as access ,tb_node as node where user.user_id='4' and user.role_id=role.id and ( access.role_id=role.id  or (access.role_id=role.pid and role.pid!=0 ) ) and role.status=1 and access.node_id=node.id and node.level=3 and node.pid=97 and node.status=1 [ RunTime:0.000000s ]
SQL: select node.id,node.name,node.status,node.title from tb_role as role,tb_role_user as user,tb_access as access ,tb_node as node where user.user_id='4' and user.role_id=role.id and ( access.role_id=role.id  or (access.role_id=role.pid and role.pid!=0 ) ) and role.status=1 and access.node_id=node.id and node.level=3 and node.pid=117 and node.status=1 [ RunTime:0.000000s ]
INFO: [ view_parse ] --START--
INFO: [ template_filter ] --START--
INFO: Run Behavior\ContentReplace [ RunTime:0.000000s ]
INFO: [ template_filter ] --END-- [ RunTime:0.000000s ]
INFO: Run Behavior\ParseTemplate [ RunTime:0.020000s ]
INFO: [ view_parse ] --END-- [ RunTime:0.020000s ]
INFO: [ view_filter ] --START--
INFO: Run Behavior\WriteHtmlCache [ RunTime:0.000000s ]
INFO: [ view_filter ] --END-- [ RunTime:0.000000s ]
INFO: [ app_end ] --START--
INFO: Run Behavior\ShowPageTrace [ RunTime:0.000000s ]
INFO: [ app_end ] --END-- [ RunTime:0.000000s ]

[ 2016-11-02T21:48:51+08:00 ] 127.0.0.1 /model/index.php/Home/RiskStatistics/RiskStatisticsFig.html
INFO: [ app_begin ] --START--
INFO: Run Behavior\ReadHtmlCache [ RunTime:0.000000s ]
INFO: [ app_begin ] --END-- [ RunTime:0.000000s ]
NOTIC: [8192] mysql_connect(): The mysql extension is deprecated and will be removed in the future: use mysqli or PDO instead D:\wamp\www\model\ThinkPHP\Library\Think\Db\Driver\Mysql.class.php 第 52 行.
SQL: select node.id,node.name from tb_role as role,tb_role_user as user,tb_access as access ,tb_node as node where user.user_id='4' and user.role_id=role.id and ( access.role_id=role.id  or (access.role_id=role.pid and role.pid!=0 ) ) and role.status=1 and access.node_id=node.id and node.level=1 and node.status=1 [ RunTime:0.000000s ]
SQL: select node.id,node.name from tb_role as role,tb_role_user as user,tb_access as access ,tb_node as node where user.user_id='4' and user.role_id=role.id and ( access.role_id=role.id  or (access.role_id=role.pid and role.pid!=0 ) ) and role.status=1 and access.node_id=node.id and node.level=2 and node.pid=1 and node.status=1 [ RunTime:0.000000s ]
SQL: select node.id,node.name,node.status,node.title from tb_role as role,tb_role_user as user,tb_access as access ,tb_node as node where user.user_id='4' and user.role_id=role.id and ( access.role_id=role.id  or (access.role_id=role.pid and role.pid!=0 ) ) and role.status=1 and access.node_id=node.id and node.level=3 and node.pid=22 and node.status=1 [ RunTime:0.000000s ]
SQL: select node.id,node.name,node.status,node.title from tb_role as role,tb_role_user as user,tb_access as access ,tb_node as node where user.user_id='4' and user.role_id=role.id and ( access.role_id=role.id  or (access.role_id=role.pid and role.pid!=0 ) ) and role.status=1 and access.node_id=node.id and node.level=3 and node.pid=21 and node.status=1 [ RunTime:0.000000s ]
SQL: select node.id,node.name,node.status,node.title from tb_role as role,tb_role_user as user,tb_access as access ,tb_node as node where user.user_id='4' and user.role_id=role.id and ( access.role_id=role.id  or (access.role_id=role.pid and role.pid!=0 ) ) and role.status=1 and access.node_id=node.id and node.level=3 and node.pid=20 and node.status=1 [ RunTime:0.000000s ]
SQL: select node.id,node.name,node.status,node.title from tb_role as role,tb_role_user as user,tb_access as access ,tb_node as node where user.user_id='4' and user.role_id=role.id and ( access.role_id=role.id  or (access.role_id=role.pid and role.pid!=0 ) ) and role.status=1 and access.node_id=node.id and node.level=3 and node.pid=18 and node.status=1 [ RunTime:0.000000s ]
SQL: select node.id,node.name,node.status,node.title from tb_role as role,tb_role_user as user,tb_access as access ,tb_node as node where user.user_id='4' and user.role_id=role.id and ( access.role_id=role.id  or (access.role_id=role.pid and role.pid!=0 ) ) and role.status=1 and access.node_id=node.id and node.level=3 and node.pid=17 and node.status=1 [ RunTime:0.000000s ]
SQL: select node.id,node.name,node.status,node.title from tb_role as role,tb_role_user as user,tb_access as access ,tb_node as node where user.user_id='4' and user.role_id=role.id and ( access.role_id=role.id  or (access.role_id=role.pid and role.pid!=0 ) ) and role.status=1 and access.node_id=node.id and node.level=3 and node.pid=16 and node.status=1 [ RunTime:0.000000s ]
SQL: select node.id,node.name,node.status,node.title from tb_role as role,tb_role_user as user,tb_access as access ,tb_node as node where user.user_id='4' and user.role_id=role.id and ( access.role_id=role.id  or (access.role_id=role.pid and role.pid!=0 ) ) and role.status=1 and access.node_id=node.id and node.level=3 and node.pid=15 and node.status=1 [ RunTime:0.000000s ]
SQL: select node.id,node.name,node.status,node.title from tb_role as role,tb_role_user as user,tb_access as access ,tb_node as node where user.user_id='4' and user.role_id=role.id and ( access.role_id=role.id  or (access.role_id=role.pid and role.pid!=0 ) ) and role.status=1 and access.node_id=node.id and node.level=3 and node.pid=23 and node.status=1 [ RunTime:0.000000s ]
SQL: select node.id,node.name,node.status,node.title from tb_role as role,tb_role_user as user,tb_access as access ,tb_node as node where user.user_id='4' and user.role_id=role.id and ( access.role_id=role.id  or (access.role_id=role.pid and role.pid!=0 ) ) and role.status=1 and access.node_id=node.id and node.level=3 and node.pid=24 and node.status=1 [ RunTime:0.000000s ]
SQL: select node.id,node.name,node.status,node.title from tb_role as role,tb_role_user as user,tb_access as access ,tb_node as node where user.user_id='4' and user.role_id=role.id and ( access.role_id=role.id  or (access.role_id=role.pid and role.pid!=0 ) ) and role.status=1 and access.node_id=node.id and node.level=3 and node.pid=25 and node.status=1 [ RunTime:0.000000s ]
SQL: select node.id,node.name,node.status,node.title from tb_role as role,tb_role_user as user,tb_access as access ,tb_node as node where user.user_id='4' and user.role_id=role.id and ( access.role_id=role.id  or (access.role_id=role.pid and role.pid!=0 ) ) and role.status=1 and access.node_id=node.id and node.level=3 and node.pid=97 and node.status=1 [ RunTime:0.000000s ]
SQL: select node.id,node.name,node.status,node.title from tb_role as role,tb_role_user as user,tb_access as access ,tb_node as node where user.user_id='4' and user.role_id=role.id and ( access.role_id=role.id  or (access.role_id=role.pid and role.pid!=0 ) ) and role.status=1 and access.node_id=node.id and node.level=3 and node.pid=117 and node.status=1 [ RunTime:0.000000s ]
NOTIC: [8192] mysql_connect(): The mysql extension is deprecated and will be removed in the future: use mysqli or PDO instead D:\wamp\www\model\ThinkPHP\Library\Think\Db\Driver\Mysql.class.php 第 52 行.
SQL: SHOW COLUMNS FROM `tb_plantinfo` [ RunTime:0.000000s ]
SQL: SHOW COLUMNS FROM `tb_user` [ RunTime:0.000000s ]
SQL: SELECT * FROM `tb_user` WHERE ( `id` = 4 )  [ RunTime:0.000000s ]
SQL: SELECT `id` FROM `tb_plantinfo` WHERE ( `workshopId` = '青岛分公司' )  [ RunTime:0.000000s ]
SQL: SHOW COLUMNS FROM `tb_risklist` [ RunTime:0.010000s ]
SQL: SELECT * FROM `tb_risklist` WHERE ( `pid` = '28' ) ORDER BY countDate desc LIMIT 1   [ RunTime:0.010000s ]
SQL: SELECT * FROM `tb_risklist` WHERE ( `pid` = '29' ) ORDER BY countDate desc LIMIT 1   [ RunTime:0.000000s ]
SQL: SELECT * FROM `tb_risklist` WHERE ( `pid` = '30' ) ORDER BY countDate desc LIMIT 1   [ RunTime:0.000000s ]
SQL: SELECT * FROM `tb_risklist` WHERE ( `pid` = '532' ) ORDER BY countDate desc LIMIT 1   [ RunTime:0.000000s ]
SQL: SELECT * FROM `tb_risklist` WHERE ( `pid` = '533' ) ORDER BY countDate desc LIMIT 1   [ RunTime:0.000000s ]
SQL: SELECT * FROM `tb_risklist` WHERE ( `pid` = '535' ) ORDER BY countDate desc LIMIT 1   [ RunTime:0.000000s ]
SQL: SELECT * FROM `tb_risklist` WHERE ( `pid` = '536' ) ORDER BY countDate desc LIMIT 1   [ RunTime:0.000000s ]
SQL: SHOW COLUMNS FROM `tb_attachment` [ RunTime:0.010000s ]
SQL: SELECT * FROM `tb_attachment` WHERE ( `tableId` = 'RiskList' ) ORDER BY addTime  [ RunTime:0.000000s ]
INFO: [ view_parse ] --START--
INFO: [ template_filter ] --START--
INFO: Run Behavior\ContentReplace [ RunTime:0.000000s ]
INFO: [ template_filter ] --END-- [ RunTime:0.000000s ]
NOTIC: [8] Undefined offset: 5 D:\wamp\www\model\Apps\Runtime\Cache\Home\75d42c02e43f647ef996618b84d67e73.php 第 104 行.
NOTIC: [8] Undefined offset: 5 D:\wamp\www\model\Apps\Runtime\Cache\Home\75d42c02e43f647ef996618b84d67e73.php 第 106 行.
NOTIC: [8] Undefined variable: PlantmaintanceRecord D:\wamp\www\model\Apps\Runtime\Cache\Home\75d42c02e43f647ef996618b84d67e73.php 第 214 行.
INFO: Run Behavior\ParseTemplate [ RunTime:0.030001s ]
INFO: [ view_parse ] --END-- [ RunTime:0.030001s ]
INFO: [ view_filter ] --START--
INFO: Run Behavior\WriteHtmlCache [ RunTime:0.000000s ]
INFO: [ view_filter ] --END-- [ RunTime:0.000000s ]
INFO: [ app_end ] --START--
INFO: Run Behavior\ShowPageTrace [ RunTime:0.000000s ]
INFO: [ app_end ] --END-- [ RunTime:0.000000s ]

[ 2016-11-02T21:48:51+08:00 ] 127.0.0.1 /model/index.php/Home/Public/getTree.html
INFO: [ app_begin ] --START--
INFO: Run Behavior\ReadHtmlCache [ RunTime:0.000000s ]
INFO: [ app_begin ] --END-- [ RunTime:0.000000s ]
NOTIC: [8192] mysql_connect(): The mysql extension is deprecated and will be removed in the future: use mysqli or PDO instead D:\wamp\www\model\ThinkPHP\Library\Think\Db\Driver\Mysql.class.php 第 52 行.
SQL: SHOW COLUMNS FROM `tb_user` [ RunTime:0.000000s ]
SQL: SELECT * FROM `tb_user` WHERE ( `id` = 4 )  [ RunTime:0.010000s ]
SQL: SHOW COLUMNS FROM `dic_factory` [ RunTime:0.000000s ]
SQL: SELECT * FROM `dic_factory`  [ RunTime:0.000000s ]
SQL: SHOW COLUMNS FROM `dic_workshop` [ RunTime:0.010000s ]
SQL: SELECT * FROM `dic_workshop` WHERE ( `factoryId` = '燃料油总公司' ) AND ( `workshopId` = '青岛分公司' )  [ RunTime:0.000000s ]
SQL: SHOW COLUMNS FROM `dic_area` [ RunTime:0.000000s ]
SQL: SELECT * FROM `dic_area` WHERE ( `factoryId` = '燃料油总公司' ) AND ( `workshopId` = '青岛分公司' )  [ RunTime:0.010000s ]
SQL: SHOW COLUMNS FROM `tb_plantinfo` [ RunTime:0.000000s ]
SQL: SELECT * FROM `tb_plantinfo` WHERE ( `factoryId` = '燃料油总公司' ) AND ( `workshopId` = '青岛分公司' ) AND ( `areaId` = '罐区一' )  [ RunTime:0.000000s ]
SQL: SELECT * FROM `tb_plantinfo` WHERE ( `factoryId` = '燃料油总公司' ) AND ( `workshopId` = '青岛分公司' ) AND ( `areaId` = '罐区二' )  [ RunTime:0.000000s ]
NOTIC: [2] Invalid argument supplied for foreach() D:\wamp\www\model\Apps\Home\Controller\PublicController.class.php 第 79 行.

[ 2016-11-02T21:48:51+08:00 ] 127.0.0.1 /model/index.php/Home/RiskStatistics/get_detail
INFO: [ app_begin ] --START--
INFO: Run Behavior\ReadHtmlCache [ RunTime:0.000000s ]
INFO: [ app_begin ] --END-- [ RunTime:0.000000s ]
NOTIC: [8192] mysql_connect(): The mysql extension is deprecated and will be removed in the future: use mysqli or PDO instead D:\wamp\www\model\ThinkPHP\Library\Think\Db\Driver\Mysql.class.php 第 52 行.
SQL: select node.id,node.name from tb_role as role,tb_role_user as user,tb_access as access ,tb_node as node where user.user_id='4' and user.role_id=role.id and ( access.role_id=role.id  or (access.role_id=role.pid and role.pid!=0 ) ) and role.status=1 and access.node_id=node.id and node.level=1 and node.status=1 [ RunTime:0.000000s ]
SQL: select node.id,node.name from tb_role as role,tb_role_user as user,tb_access as access ,tb_node as node where user.user_id='4' and user.role_id=role.id and ( access.role_id=role.id  or (access.role_id=role.pid and role.pid!=0 ) ) and role.status=1 and access.node_id=node.id and node.level=2 and node.pid=1 and node.status=1 [ RunTime:0.000000s ]
SQL: select node.id,node.name,node.status,node.title from tb_role as role,tb_role_user as user,tb_access as access ,tb_node as node where user.user_id='4' and user.role_id=role.id and ( access.role_id=role.id  or (access.role_id=role.pid and role.pid!=0 ) ) and role.status=1 and access.node_id=node.id and node.level=3 and node.pid=22 and node.status=1 [ RunTime:0.000000s ]
SQL: select node.id,node.name,node.status,node.title from tb_role as role,tb_role_user as user,tb_access as access ,tb_node as node where user.user_id='4' and user.role_id=role.id and ( access.role_id=role.id  or (access.role_id=role.pid and role.pid!=0 ) ) and role.status=1 and access.node_id=node.id and node.level=3 and node.pid=21 and node.status=1 [ RunTime:0.000000s ]
SQL: select node.id,node.name,node.status,node.title from tb_role as role,tb_role_user as user,tb_access as access ,tb_node as node where user.user_id='4' and user.role_id=role.id and ( access.role_id=role.id  or (access.role_id=role.pid and role.pid!=0 ) ) and role.status=1 and access.node_id=node.id and node.level=3 and node.pid=20 and node.status=1 [ RunTime:0.000000s ]
SQL: select node.id,node.name,node.status,node.title from tb_role as role,tb_role_user as user,tb_access as access ,tb_node as node where user.user_id='4' and user.role_id=role.id and ( access.role_id=role.id  or (access.role_id=role.pid and role.pid!=0 ) ) and role.status=1 and access.node_id=node.id and node.level=3 and node.pid=18 and node.status=1 [ RunTime:0.000000s ]
SQL: select node.id,node.name,node.status,node.title from tb_role as role,tb_role_user as user,tb_access as access ,tb_node as node where user.user_id='4' and user.role_id=role.id and ( access.role_id=role.id  or (access.role_id=role.pid and role.pid!=0 ) ) and role.status=1 and access.node_id=node.id and node.level=3 and node.pid=17 and node.status=1 [ RunTime:0.000000s ]
SQL: select node.id,node.name,node.status,node.title from tb_role as role,tb_role_user as user,tb_access as access ,tb_node as node where user.user_id='4' and user.role_id=role.id and ( access.role_id=role.id  or (access.role_id=role.pid and role.pid!=0 ) ) and role.status=1 and access.node_id=node.id and node.level=3 and node.pid=16 and node.status=1 [ RunTime:0.000000s ]
SQL: select node.id,node.name,node.status,node.title from tb_role as role,tb_role_user as user,tb_access as access ,tb_node as node where user.user_id='4' and user.role_id=role.id and ( access.role_id=role.id  or (access.role_id=role.pid and role.pid!=0 ) ) and role.status=1 and access.node_id=node.id and node.level=3 and node.pid=15 and node.status=1 [ RunTime:0.000000s ]
SQL: select node.id,node.name,node.status,node.title from tb_role as role,tb_role_user as user,tb_access as access ,tb_node as node where user.user_id='4' and user.role_id=role.id and ( access.role_id=role.id  or (access.role_id=role.pid and role.pid!=0 ) ) and role.status=1 and access.node_id=node.id and node.level=3 and node.pid=23 and node.status=1 [ RunTime:0.000000s ]
SQL: select node.id,node.name,node.status,node.title from tb_role as role,tb_role_user as user,tb_access as access ,tb_node as node where user.user_id='4' and user.role_id=role.id and ( access.role_id=role.id  or (access.role_id=role.pid and role.pid!=0 ) ) and role.status=1 and access.node_id=node.id and node.level=3 and node.pid=24 and node.status=1 [ RunTime:0.000000s ]
SQL: select node.id,node.name,node.status,node.title from tb_role as role,tb_role_user as user,tb_access as access ,tb_node as node where user.user_id='4' and user.role_id=role.id and ( access.role_id=role.id  or (access.role_id=role.pid and role.pid!=0 ) ) and role.status=1 and access.node_id=node.id and node.level=3 and node.pid=25 and node.status=1 [ RunTime:0.000000s ]
SQL: select node.id,node.name,node.status,node.title from tb_role as role,tb_role_user as user,tb_access as access ,tb_node as node where user.user_id='4' and user.role_id=role.id and ( access.role_id=role.id  or (access.role_id=role.pid and role.pid!=0 ) ) and role.status=1 and access.node_id=node.id and node.level=3 and node.pid=97 and node.status=1 [ RunTime:0.000000s ]
SQL: select node.id,node.name,node.status,node.title from tb_role as role,tb_role_user as user,tb_access as access ,tb_node as node where user.user_id='4' and user.role_id=role.id and ( access.role_id=role.id  or (access.role_id=role.pid and role.pid!=0 ) ) and role.status=1 and access.node_id=node.id and node.level=3 and node.pid=117 and node.status=1 [ RunTime:0.000000s ]
ERR: 非法操作:get_detail

