[ 2016-11-21T23:03:45+08:00 ] 127.0.0.1 /model/index.php/Home/RiskCalculation/getRiskFigPara.html
INFO: [ app_begin ] --START--
INFO: Run Behavior\ReadHtmlCache [ RunTime:0.001000s ]
INFO: [ app_begin ] --END-- [ RunTime:0.001000s ]
NOTIC: [8192] mysql_connect(): The mysql extension is deprecated and will be removed in the future: use mysqli or PDO instead D:\wamp\www\model\ThinkPHP\Library\Think\Db\Driver\Mysql.class.php 第 52 行.
SQL: select node.id,node.name from tb_role as role,tb_role_user as user,tb_access as access ,tb_node as node where user.user_id='16' and user.role_id=role.id and ( access.role_id=role.id  or (access.role_id=role.pid and role.pid!=0 ) ) and role.status=1 and access.node_id=node.id and node.level=1 and node.status=1 [ RunTime:0.001000s ]
SQL: select node.id,node.name from tb_role as role,tb_role_user as user,tb_access as access ,tb_node as node where user.user_id='16' and user.role_id=role.id and ( access.role_id=role.id  or (access.role_id=role.pid and role.pid!=0 ) ) and role.status=1 and access.node_id=node.id and node.level=2 and node.pid=1 and node.status=1 [ RunTime:0.001000s ]
SQL: select node.id,node.name,node.status,node.title from tb_role as role,tb_role_user as user,tb_access as access ,tb_node as node where user.user_id='16' and user.role_id=role.id and ( access.role_id=role.id  or (access.role_id=role.pid and role.pid!=0 ) ) and role.status=1 and access.node_id=node.id and node.level=3 and node.pid=22 and node.status=1 [ RunTime:0.001000s ]
SQL: select node.id,node.name,node.status,node.title from tb_role as role,tb_role_user as user,tb_access as access ,tb_node as node where user.user_id='16' and user.role_id=role.id and ( access.role_id=role.id  or (access.role_id=role.pid and role.pid!=0 ) ) and role.status=1 and access.node_id=node.id and node.level=3 and node.pid=21 and node.status=1 [ RunTime:0.004000s ]
SQL: select node.id,node.name,node.status,node.title from tb_role as role,tb_role_user as user,tb_access as access ,tb_node as node where user.user_id='16' and user.role_id=role.id and ( access.role_id=role.id  or (access.role_id=role.pid and role.pid!=0 ) ) and role.status=1 and access.node_id=node.id and node.level=3 and node.pid=20 and node.status=1 [ RunTime:0.001000s ]
SQL: select node.id,node.name,node.status,node.title from tb_role as role,tb_role_user as user,tb_access as access ,tb_node as node where user.user_id='16' and user.role_id=role.id and ( access.role_id=role.id  or (access.role_id=role.pid and role.pid!=0 ) ) and role.status=1 and access.node_id=node.id and node.level=3 and node.pid=18 and node.status=1 [ RunTime:0.001000s ]
SQL: select node.id,node.name,node.status,node.title from tb_role as role,tb_role_user as user,tb_access as access ,tb_node as node where user.user_id='16' and user.role_id=role.id and ( access.role_id=role.id  or (access.role_id=role.pid and role.pid!=0 ) ) and role.status=1 and access.node_id=node.id and node.level=3 and node.pid=17 and node.status=1 [ RunTime:0.001000s ]
SQL: select node.id,node.name,node.status,node.title from tb_role as role,tb_role_user as user,tb_access as access ,tb_node as node where user.user_id='16' and user.role_id=role.id and ( access.role_id=role.id  or (access.role_id=role.pid and role.pid!=0 ) ) and role.status=1 and access.node_id=node.id and node.level=3 and node.pid=16 and node.status=1 [ RunTime:0.001000s ]
SQL: select node.id,node.name,node.status,node.title from tb_role as role,tb_role_user as user,tb_access as access ,tb_node as node where user.user_id='16' and user.role_id=role.id and ( access.role_id=role.id  or (access.role_id=role.pid and role.pid!=0 ) ) and role.status=1 and access.node_id=node.id and node.level=3 and node.pid=15 and node.status=1 [ RunTime:0.001000s ]
SQL: select node.id,node.name,node.status,node.title from tb_role as role,tb_role_user as user,tb_access as access ,tb_node as node where user.user_id='16' and user.role_id=role.id and ( access.role_id=role.id  or (access.role_id=role.pid and role.pid!=0 ) ) and role.status=1 and access.node_id=node.id and node.level=3 and node.pid=23 and node.status=1 [ RunTime:0.002000s ]
SQL: select node.id,node.name,node.status,node.title from tb_role as role,tb_role_user as user,tb_access as access ,tb_node as node where user.user_id='16' and user.role_id=role.id and ( access.role_id=role.id  or (access.role_id=role.pid and role.pid!=0 ) ) and role.status=1 and access.node_id=node.id and node.level=3 and node.pid=25 and node.status=1 [ RunTime:0.001000s ]
SQL: select node.id,node.name,node.status,node.title from tb_role as role,tb_role_user as user,tb_access as access ,tb_node as node where user.user_id='16' and user.role_id=role.id and ( access.role_id=role.id  or (access.role_id=role.pid and role.pid!=0 ) ) and role.status=1 and access.node_id=node.id and node.level=3 and node.pid=97 and node.status=1 [ RunTime:0.001000s ]
SQL: select node.id,node.name,node.status,node.title from tb_role as role,tb_role_user as user,tb_access as access ,tb_node as node where user.user_id='16' and user.role_id=role.id and ( access.role_id=role.id  or (access.role_id=role.pid and role.pid!=0 ) ) and role.status=1 and access.node_id=node.id and node.level=3 and node.pid=117 and node.status=1 [ RunTime:0.001000s ]
NOTIC: [8192] mysql_connect(): The mysql extension is deprecated and will be removed in the future: use mysqli or PDO instead D:\wamp\www\model\ThinkPHP\Library\Think\Db\Driver\Mysql.class.php 第 52 行.
SQL: SHOW COLUMNS FROM `tb_risklist` [ RunTime:0.004001s ]
SQL: SELECT * FROM `tb_risklist` WHERE ( id= )  [ RunTime:0.000000s ]
ERR: 1064:You have an error in your SQL syntax; check the manual that corresponds to your MySQL server version for the right syntax to use near ')' at line 1
 [ SQL语句 ] : SELECT * FROM `tb_risklist` WHERE ( id= ) 

[ 2016-11-21T23:03:48+08:00 ] 127.0.0.1 /model/index.php/Home/RiskStatistics/index.html
INFO: [ app_begin ] --START--
INFO: Run Behavior\ReadHtmlCache [ RunTime:0.001001s ]
INFO: [ app_begin ] --END-- [ RunTime:0.001001s ]
NOTIC: [8192] mysql_connect(): The mysql extension is deprecated and will be removed in the future: use mysqli or PDO instead D:\wamp\www\model\ThinkPHP\Library\Think\Db\Driver\Mysql.class.php 第 52 行.
SQL: select node.id,node.name from tb_role as role,tb_role_user as user,tb_access as access ,tb_node as node where user.user_id='16' and user.role_id=role.id and ( access.role_id=role.id  or (access.role_id=role.pid and role.pid!=0 ) ) and role.status=1 and access.node_id=node.id and node.level=1 and node.status=1 [ RunTime:0.001000s ]
SQL: select node.id,node.name from tb_role as role,tb_role_user as user,tb_access as access ,tb_node as node where user.user_id='16' and user.role_id=role.id and ( access.role_id=role.id  or (access.role_id=role.pid and role.pid!=0 ) ) and role.status=1 and access.node_id=node.id and node.level=2 and node.pid=1 and node.status=1 [ RunTime:0.001000s ]
SQL: select node.id,node.name,node.status,node.title from tb_role as role,tb_role_user as user,tb_access as access ,tb_node as node where user.user_id='16' and user.role_id=role.id and ( access.role_id=role.id  or (access.role_id=role.pid and role.pid!=0 ) ) and role.status=1 and access.node_id=node.id and node.level=3 and node.pid=22 and node.status=1 [ RunTime:0.001000s ]
SQL: select node.id,node.name,node.status,node.title from tb_role as role,tb_role_user as user,tb_access as access ,tb_node as node where user.user_id='16' and user.role_id=role.id and ( access.role_id=role.id  or (access.role_id=role.pid and role.pid!=0 ) ) and role.status=1 and access.node_id=node.id and node.level=3 and node.pid=21 and node.status=1 [ RunTime:0.000000s ]
SQL: select node.id,node.name,node.status,node.title from tb_role as role,tb_role_user as user,tb_access as access ,tb_node as node where user.user_id='16' and user.role_id=role.id and ( access.role_id=role.id  or (access.role_id=role.pid and role.pid!=0 ) ) and role.status=1 and access.node_id=node.id and node.level=3 and node.pid=20 and node.status=1 [ RunTime:0.000000s ]
SQL: select node.id,node.name,node.status,node.title from tb_role as role,tb_role_user as user,tb_access as access ,tb_node as node where user.user_id='16' and user.role_id=role.id and ( access.role_id=role.id  or (access.role_id=role.pid and role.pid!=0 ) ) and role.status=1 and access.node_id=node.id and node.level=3 and node.pid=18 and node.status=1 [ RunTime:0.000000s ]
SQL: select node.id,node.name,node.status,node.title from tb_role as role,tb_role_user as user,tb_access as access ,tb_node as node where user.user_id='16' and user.role_id=role.id and ( access.role_id=role.id  or (access.role_id=role.pid and role.pid!=0 ) ) and role.status=1 and access.node_id=node.id and node.level=3 and node.pid=17 and node.status=1 [ RunTime:0.000000s ]
SQL: select node.id,node.name,node.status,node.title from tb_role as role,tb_role_user as user,tb_access as access ,tb_node as node where user.user_id='16' and user.role_id=role.id and ( access.role_id=role.id  or (access.role_id=role.pid and role.pid!=0 ) ) and role.status=1 and access.node_id=node.id and node.level=3 and node.pid=16 and node.status=1 [ RunTime:0.001000s ]
SQL: select node.id,node.name,node.status,node.title from tb_role as role,tb_role_user as user,tb_access as access ,tb_node as node where user.user_id='16' and user.role_id=role.id and ( access.role_id=role.id  or (access.role_id=role.pid and role.pid!=0 ) ) and role.status=1 and access.node_id=node.id and node.level=3 and node.pid=15 and node.status=1 [ RunTime:0.001000s ]
SQL: select node.id,node.name,node.status,node.title from tb_role as role,tb_role_user as user,tb_access as access ,tb_node as node where user.user_id='16' and user.role_id=role.id and ( access.role_id=role.id  or (access.role_id=role.pid and role.pid!=0 ) ) and role.status=1 and access.node_id=node.id and node.level=3 and node.pid=23 and node.status=1 [ RunTime:0.001000s ]
SQL: select node.id,node.name,node.status,node.title from tb_role as role,tb_role_user as user,tb_access as access ,tb_node as node where user.user_id='16' and user.role_id=role.id and ( access.role_id=role.id  or (access.role_id=role.pid and role.pid!=0 ) ) and role.status=1 and access.node_id=node.id and node.level=3 and node.pid=25 and node.status=1 [ RunTime:0.001000s ]
SQL: select node.id,node.name,node.status,node.title from tb_role as role,tb_role_user as user,tb_access as access ,tb_node as node where user.user_id='16' and user.role_id=role.id and ( access.role_id=role.id  or (access.role_id=role.pid and role.pid!=0 ) ) and role.status=1 and access.node_id=node.id and node.level=3 and node.pid=97 and node.status=1 [ RunTime:0.001000s ]
SQL: select node.id,node.name,node.status,node.title from tb_role as role,tb_role_user as user,tb_access as access ,tb_node as node where user.user_id='16' and user.role_id=role.id and ( access.role_id=role.id  or (access.role_id=role.pid and role.pid!=0 ) ) and role.status=1 and access.node_id=node.id and node.level=3 and node.pid=117 and node.status=1 [ RunTime:0.000000s ]
INFO: [ view_parse ] --START--
INFO: [ template_filter ] --START--
INFO: Run Behavior\ContentReplace [ RunTime:0.000000s ]
INFO: [ template_filter ] --END-- [ RunTime:0.000000s ]
INFO: Run Behavior\ParseTemplate [ RunTime:0.006001s ]
INFO: [ view_parse ] --END-- [ RunTime:0.006001s ]
INFO: [ view_filter ] --START--
INFO: Run Behavior\WriteHtmlCache [ RunTime:0.000000s ]
INFO: [ view_filter ] --END-- [ RunTime:0.000000s ]
INFO: [ app_end ] --START--
INFO: Run Behavior\ShowPageTrace [ RunTime:0.001000s ]
INFO: [ app_end ] --END-- [ RunTime:0.001000s ]

[ 2016-11-21T23:03:48+08:00 ] 127.0.0.1 /model/index.php/Home/RiskStatistics/RiskStatisticsFig.html
INFO: [ app_begin ] --START--
INFO: Run Behavior\ReadHtmlCache [ RunTime:0.000000s ]
INFO: [ app_begin ] --END-- [ RunTime:0.001000s ]
NOTIC: [8192] mysql_connect(): The mysql extension is deprecated and will be removed in the future: use mysqli or PDO instead D:\wamp\www\model\ThinkPHP\Library\Think\Db\Driver\Mysql.class.php 第 52 行.
SQL: select node.id,node.name from tb_role as role,tb_role_user as user,tb_access as access ,tb_node as node where user.user_id='16' and user.role_id=role.id and ( access.role_id=role.id  or (access.role_id=role.pid and role.pid!=0 ) ) and role.status=1 and access.node_id=node.id and node.level=1 and node.status=1 [ RunTime:0.000000s ]
SQL: select node.id,node.name from tb_role as role,tb_role_user as user,tb_access as access ,tb_node as node where user.user_id='16' and user.role_id=role.id and ( access.role_id=role.id  or (access.role_id=role.pid and role.pid!=0 ) ) and role.status=1 and access.node_id=node.id and node.level=2 and node.pid=1 and node.status=1 [ RunTime:0.000000s ]
SQL: select node.id,node.name,node.status,node.title from tb_role as role,tb_role_user as user,tb_access as access ,tb_node as node where user.user_id='16' and user.role_id=role.id and ( access.role_id=role.id  or (access.role_id=role.pid and role.pid!=0 ) ) and role.status=1 and access.node_id=node.id and node.level=3 and node.pid=22 and node.status=1 [ RunTime:0.000000s ]
SQL: select node.id,node.name,node.status,node.title from tb_role as role,tb_role_user as user,tb_access as access ,tb_node as node where user.user_id='16' and user.role_id=role.id and ( access.role_id=role.id  or (access.role_id=role.pid and role.pid!=0 ) ) and role.status=1 and access.node_id=node.id and node.level=3 and node.pid=21 and node.status=1 [ RunTime:0.001000s ]
SQL: select node.id,node.name,node.status,node.title from tb_role as role,tb_role_user as user,tb_access as access ,tb_node as node where user.user_id='16' and user.role_id=role.id and ( access.role_id=role.id  or (access.role_id=role.pid and role.pid!=0 ) ) and role.status=1 and access.node_id=node.id and node.level=3 and node.pid=20 and node.status=1 [ RunTime:0.001000s ]
SQL: select node.id,node.name,node.status,node.title from tb_role as role,tb_role_user as user,tb_access as access ,tb_node as node where user.user_id='16' and user.role_id=role.id and ( access.role_id=role.id  or (access.role_id=role.pid and role.pid!=0 ) ) and role.status=1 and access.node_id=node.id and node.level=3 and node.pid=18 and node.status=1 [ RunTime:0.001000s ]
SQL: select node.id,node.name,node.status,node.title from tb_role as role,tb_role_user as user,tb_access as access ,tb_node as node where user.user_id='16' and user.role_id=role.id and ( access.role_id=role.id  or (access.role_id=role.pid and role.pid!=0 ) ) and role.status=1 and access.node_id=node.id and node.level=3 and node.pid=17 and node.status=1 [ RunTime:0.001000s ]
SQL: select node.id,node.name,node.status,node.title from tb_role as role,tb_role_user as user,tb_access as access ,tb_node as node where user.user_id='16' and user.role_id=role.id and ( access.role_id=role.id  or (access.role_id=role.pid and role.pid!=0 ) ) and role.status=1 and access.node_id=node.id and node.level=3 and node.pid=16 and node.status=1 [ RunTime:0.001000s ]
SQL: select node.id,node.name,node.status,node.title from tb_role as role,tb_role_user as user,tb_access as access ,tb_node as node where user.user_id='16' and user.role_id=role.id and ( access.role_id=role.id  or (access.role_id=role.pid and role.pid!=0 ) ) and role.status=1 and access.node_id=node.id and node.level=3 and node.pid=15 and node.status=1 [ RunTime:0.001000s ]
SQL: select node.id,node.name,node.status,node.title from tb_role as role,tb_role_user as user,tb_access as access ,tb_node as node where user.user_id='16' and user.role_id=role.id and ( access.role_id=role.id  or (access.role_id=role.pid and role.pid!=0 ) ) and role.status=1 and access.node_id=node.id and node.level=3 and node.pid=23 and node.status=1 [ RunTime:0.001000s ]
SQL: select node.id,node.name,node.status,node.title from tb_role as role,tb_role_user as user,tb_access as access ,tb_node as node where user.user_id='16' and user.role_id=role.id and ( access.role_id=role.id  or (access.role_id=role.pid and role.pid!=0 ) ) and role.status=1 and access.node_id=node.id and node.level=3 and node.pid=25 and node.status=1 [ RunTime:0.000000s ]
SQL: select node.id,node.name,node.status,node.title from tb_role as role,tb_role_user as user,tb_access as access ,tb_node as node where user.user_id='16' and user.role_id=role.id and ( access.role_id=role.id  or (access.role_id=role.pid and role.pid!=0 ) ) and role.status=1 and access.node_id=node.id and node.level=3 and node.pid=97 and node.status=1 [ RunTime:0.001000s ]
SQL: select node.id,node.name,node.status,node.title from tb_role as role,tb_role_user as user,tb_access as access ,tb_node as node where user.user_id='16' and user.role_id=role.id and ( access.role_id=role.id  or (access.role_id=role.pid and role.pid!=0 ) ) and role.status=1 and access.node_id=node.id and node.level=3 and node.pid=117 and node.status=1 [ RunTime:0.001000s ]
NOTIC: [8192] mysql_connect(): The mysql extension is deprecated and will be removed in the future: use mysqli or PDO instead D:\wamp\www\model\ThinkPHP\Library\Think\Db\Driver\Mysql.class.php 第 52 行.
SQL: SHOW COLUMNS FROM `tb_plantinfo` [ RunTime:0.007000s ]
SQL: SHOW COLUMNS FROM `tb_user` [ RunTime:0.004000s ]
SQL: SELECT * FROM `tb_user` WHERE ( `id` = 16 )  [ RunTime:0.000000s ]
NOTIC: [8] Undefined variable: where D:\wamp\www\model\Apps\Home\Controller\RiskStatisticsController.class.php 第 39 行.
SQL: SELECT `id` FROM `tb_plantinfo`  [ RunTime:0.000000s ]
SQL: SHOW COLUMNS FROM `tb_risklist` [ RunTime:0.007000s ]
SQL: SELECT * FROM `tb_risklist` WHERE ( `pid` = '545' ) ORDER BY countDate desc,id desc LIMIT 1   [ RunTime:0.001000s ]
SQL: SELECT * FROM `tb_risklist` WHERE ( `pid` = '546' ) ORDER BY countDate desc,id desc LIMIT 1   [ RunTime:0.001000s ]
SQL: SELECT * FROM `tb_risklist` WHERE ( `pid` = '547' ) ORDER BY countDate desc,id desc LIMIT 1   [ RunTime:0.001001s ]
SQL: SELECT * FROM `tb_risklist` WHERE ( `pid` = '548' ) ORDER BY countDate desc,id desc LIMIT 1   [ RunTime:0.001000s ]
SQL: SELECT * FROM `tb_risklist` WHERE ( `pid` = '549' ) ORDER BY countDate desc,id desc LIMIT 1   [ RunTime:0.002000s ]
SQL: SELECT * FROM `tb_risklist` WHERE ( `pid` = '550' ) ORDER BY countDate desc,id desc LIMIT 1   [ RunTime:0.002000s ]
SQL: SELECT * FROM `tb_risklist` WHERE ( `pid` = '551' ) ORDER BY countDate desc,id desc LIMIT 1   [ RunTime:0.001000s ]
NOTIC: [8] Undefined variable: RiskStatistics D:\wamp\www\model\Apps\Home\Controller\RiskStatisticsController.class.php 第 62 行.
NOTIC: [2] Invalid argument supplied for foreach() D:\wamp\www\model\Apps\Home\Controller\RiskStatisticsController.class.php 第 62 行.
NOTIC: [8] Undefined variable: RiskStatistics D:\wamp\www\model\Apps\Home\Controller\RiskStatisticsController.class.php 第 62 行.
NOTIC: [2] Invalid argument supplied for foreach() D:\wamp\www\model\Apps\Home\Controller\RiskStatisticsController.class.php 第 62 行.
NOTIC: [8] Undefined variable: RiskStatistics D:\wamp\www\model\Apps\Home\Controller\RiskStatisticsController.class.php 第 62 行.
NOTIC: [2] Invalid argument supplied for foreach() D:\wamp\www\model\Apps\Home\Controller\RiskStatisticsController.class.php 第 62 行.
NOTIC: [8] Undefined variable: RiskStatistics D:\wamp\www\model\Apps\Home\Controller\RiskStatisticsController.class.php 第 62 行.
NOTIC: [2] Invalid argument supplied for foreach() D:\wamp\www\model\Apps\Home\Controller\RiskStatisticsController.class.php 第 62 行.
NOTIC: [8] Undefined variable: RiskStatistics D:\wamp\www\model\Apps\Home\Controller\RiskStatisticsController.class.php 第 62 行.
NOTIC: [2] Invalid argument supplied for foreach() D:\wamp\www\model\Apps\Home\Controller\RiskStatisticsController.class.php 第 62 行.
NOTIC: [8] Undefined variable: RiskStatistics D:\wamp\www\model\Apps\Home\Controller\RiskStatisticsController.class.php 第 62 行.
NOTIC: [2] Invalid argument supplied for foreach() D:\wamp\www\model\Apps\Home\Controller\RiskStatisticsController.class.php 第 62 行.
NOTIC: [8] Undefined variable: RiskStatistics D:\wamp\www\model\Apps\Home\Controller\RiskStatisticsController.class.php 第 62 行.
NOTIC: [2] Invalid argument supplied for foreach() D:\wamp\www\model\Apps\Home\Controller\RiskStatisticsController.class.php 第 62 行.
NOTIC: [8] Undefined variable: RiskStatistics D:\wamp\www\model\Apps\Home\Controller\RiskStatisticsController.class.php 第 62 行.
NOTIC: [2] Invalid argument supplied for foreach() D:\wamp\www\model\Apps\Home\Controller\RiskStatisticsController.class.php 第 62 行.
NOTIC: [8] Undefined variable: RiskStatistics D:\wamp\www\model\Apps\Home\Controller\RiskStatisticsController.class.php 第 62 行.
NOTIC: [2] Invalid argument supplied for foreach() D:\wamp\www\model\Apps\Home\Controller\RiskStatisticsController.class.php 第 62 行.
NOTIC: [8] Undefined variable: RiskStatistics D:\wamp\www\model\Apps\Home\Controller\RiskStatisticsController.class.php 第 62 行.
NOTIC: [2] Invalid argument supplied for foreach() D:\wamp\www\model\Apps\Home\Controller\RiskStatisticsController.class.php 第 62 行.
NOTIC: [8] Undefined variable: RiskStatistics D:\wamp\www\model\Apps\Home\Controller\RiskStatisticsController.class.php 第 62 行.
NOTIC: [2] Invalid argument supplied for foreach() D:\wamp\www\model\Apps\Home\Controller\RiskStatisticsController.class.php 第 62 行.
NOTIC: [8] Undefined variable: RiskStatistics D:\wamp\www\model\Apps\Home\Controller\RiskStatisticsController.class.php 第 62 行.
NOTIC: [2] Invalid argument supplied for foreach() D:\wamp\www\model\Apps\Home\Controller\RiskStatisticsController.class.php 第 62 行.
NOTIC: [8] Undefined variable: RiskStatistics D:\wamp\www\model\Apps\Home\Controller\RiskStatisticsController.class.php 第 62 行.
NOTIC: [2] Invalid argument supplied for foreach() D:\wamp\www\model\Apps\Home\Controller\RiskStatisticsController.class.php 第 62 行.
NOTIC: [8] Undefined variable: RiskStatistics D:\wamp\www\model\Apps\Home\Controller\RiskStatisticsController.class.php 第 62 行.
NOTIC: [2] Invalid argument supplied for foreach() D:\wamp\www\model\Apps\Home\Controller\RiskStatisticsController.class.php 第 62 行.
NOTIC: [8] Undefined variable: RiskStatistics D:\wamp\www\model\Apps\Home\Controller\RiskStatisticsController.class.php 第 62 行.
NOTIC: [2] Invalid argument supplied for foreach() D:\wamp\www\model\Apps\Home\Controller\RiskStatisticsController.class.php 第 62 行.
NOTIC: [8] Undefined variable: RiskStatistics D:\wamp\www\model\Apps\Home\Controller\RiskStatisticsController.class.php 第 62 行.
NOTIC: [2] Invalid argument supplied for foreach() D:\wamp\www\model\Apps\Home\Controller\RiskStatisticsController.class.php 第 62 行.
NOTIC: [8] Undefined variable: RiskStatistics D:\wamp\www\model\Apps\Home\Controller\RiskStatisticsController.class.php 第 62 行.
NOTIC: [2] Invalid argument supplied for foreach() D:\wamp\www\model\Apps\Home\Controller\RiskStatisticsController.class.php 第 62 行.
NOTIC: [8] Undefined variable: RiskStatistics D:\wamp\www\model\Apps\Home\Controller\RiskStatisticsController.class.php 第 62 行.
NOTIC: [2] Invalid argument supplied for foreach() D:\wamp\www\model\Apps\Home\Controller\RiskStatisticsController.class.php 第 62 行.
NOTIC: [8] Undefined variable: RiskStatistics D:\wamp\www\model\Apps\Home\Controller\RiskStatisticsController.class.php 第 62 行.
NOTIC: [2] Invalid argument supplied for foreach() D:\wamp\www\model\Apps\Home\Controller\RiskStatisticsController.class.php 第 62 行.
NOTIC: [8] Undefined variable: RiskStatistics D:\wamp\www\model\Apps\Home\Controller\RiskStatisticsController.class.php 第 62 行.
NOTIC: [2] Invalid argument supplied for foreach() D:\wamp\www\model\Apps\Home\Controller\RiskStatisticsController.class.php 第 62 行.
NOTIC: [8] Undefined variable: RiskStatistics D:\wamp\www\model\Apps\Home\Controller\RiskStatisticsController.class.php 第 62 行.
NOTIC: [2] Invalid argument supplied for foreach() D:\wamp\www\model\Apps\Home\Controller\RiskStatisticsController.class.php 第 62 行.
NOTIC: [8] Undefined variable: RiskStatistics D:\wamp\www\model\Apps\Home\Controller\RiskStatisticsController.class.php 第 62 行.
NOTIC: [2] Invalid argument supplied for foreach() D:\wamp\www\model\Apps\Home\Controller\RiskStatisticsController.class.php 第 62 行.
NOTIC: [8] Undefined variable: RiskStatistics D:\wamp\www\model\Apps\Home\Controller\RiskStatisticsController.class.php 第 62 行.
NOTIC: [2] Invalid argument supplied for foreach() D:\wamp\www\model\Apps\Home\Controller\RiskStatisticsController.class.php 第 62 行.
NOTIC: [8] Undefined variable: RiskStatistics D:\wamp\www\model\Apps\Home\Controller\RiskStatisticsController.class.php 第 62 行.
NOTIC: [2] Invalid argument supplied for foreach() D:\wamp\www\model\Apps\Home\Controller\RiskStatisticsController.class.php 第 62 行.
NOTIC: [8] Undefined variable: RiskStatistics D:\wamp\www\model\Apps\Home\Controller\RiskStatisticsController.class.php 第 62 行.
NOTIC: [2] Invalid argument supplied for foreach() D:\wamp\www\model\Apps\Home\Controller\RiskStatisticsController.class.php 第 62 行.
NOTIC: [8] Undefined variable: RiskStatistics D:\wamp\www\model\Apps\Home\Controller\RiskStatisticsController.class.php 第 77 行.
NOTIC: [2] Invalid argument supplied for foreach() D:\wamp\www\model\Apps\Home\Controller\RiskStatisticsController.class.php 第 77 行.
NOTIC: [8] Undefined variable: RiskStatistics D:\wamp\www\model\Apps\Home\Controller\RiskStatisticsController.class.php 第 77 行.
NOTIC: [2] Invalid argument supplied for foreach() D:\wamp\www\model\Apps\Home\Controller\RiskStatisticsController.class.php 第 77 行.
NOTIC: [8] Undefined variable: RiskStatistics D:\wamp\www\model\Apps\Home\Controller\RiskStatisticsController.class.php 第 77 行.
NOTIC: [2] Invalid argument supplied for foreach() D:\wamp\www\model\Apps\Home\Controller\RiskStatisticsController.class.php 第 77 行.
NOTIC: [8] Undefined variable: RiskStatistics D:\wamp\www\model\Apps\Home\Controller\RiskStatisticsController.class.php 第 77 行.
NOTIC: [2] Invalid argument supplied for foreach() D:\wamp\www\model\Apps\Home\Controller\RiskStatisticsController.class.php 第 77 行.
NOTIC: [8] Undefined variable: RiskStatistics D:\wamp\www\model\Apps\Home\Controller\RiskStatisticsController.class.php 第 77 行.
NOTIC: [2] Invalid argument supplied for foreach() D:\wamp\www\model\Apps\Home\Controller\RiskStatisticsController.class.php 第 77 行.
NOTIC: [8] Undefined variable: RiskStatistics D:\wamp\www\model\Apps\Home\Controller\RiskStatisticsController.class.php 第 77 行.
NOTIC: [2] Invalid argument supplied for foreach() D:\wamp\www\model\Apps\Home\Controller\RiskStatisticsController.class.php 第 77 行.
NOTIC: [8] Undefined variable: RiskStatistics D:\wamp\www\model\Apps\Home\Controller\RiskStatisticsController.class.php 第 77 行.
NOTIC: [2] Invalid argument supplied for foreach() D:\wamp\www\model\Apps\Home\Controller\RiskStatisticsController.class.php 第 77 行.
NOTIC: [8] Undefined variable: RiskStatistics D:\wamp\www\model\Apps\Home\Controller\RiskStatisticsController.class.php 第 77 行.
NOTIC: [2] Invalid argument supplied for foreach() D:\wamp\www\model\Apps\Home\Controller\RiskStatisticsController.class.php 第 77 行.
NOTIC: [8] Undefined variable: RiskStatistics D:\wamp\www\model\Apps\Home\Controller\RiskStatisticsController.class.php 第 77 行.
NOTIC: [2] Invalid argument supplied for foreach() D:\wamp\www\model\Apps\Home\Controller\RiskStatisticsController.class.php 第 77 行.
NOTIC: [8] Undefined variable: RiskStatistics D:\wamp\www\model\Apps\Home\Controller\RiskStatisticsController.class.php 第 77 行.
NOTIC: [2] Invalid argument supplied for foreach() D:\wamp\www\model\Apps\Home\Controller\RiskStatisticsController.class.php 第 77 行.
NOTIC: [8] Undefined variable: RiskStatistics D:\wamp\www\model\Apps\Home\Controller\RiskStatisticsController.class.php 第 77 行.
NOTIC: [2] Invalid argument supplied for foreach() D:\wamp\www\model\Apps\Home\Controller\RiskStatisticsController.class.php 第 77 行.
NOTIC: [8] Undefined variable: RiskStatistics D:\wamp\www\model\Apps\Home\Controller\RiskStatisticsController.class.php 第 77 行.
NOTIC: [2] Invalid argument supplied for foreach() D:\wamp\www\model\Apps\Home\Controller\RiskStatisticsController.class.php 第 77 行.
NOTIC: [8] Undefined variable: RiskStatistics D:\wamp\www\model\Apps\Home\Controller\RiskStatisticsController.class.php 第 77 行.
NOTIC: [2] Invalid argument supplied for foreach() D:\wamp\www\model\Apps\Home\Controller\RiskStatisticsController.class.php 第 77 行.
NOTIC: [8] Undefined variable: RiskStatistics D:\wamp\www\model\Apps\Home\Controller\RiskStatisticsController.class.php 第 77 行.
NOTIC: [2] Invalid argument supplied for foreach() D:\wamp\www\model\Apps\Home\Controller\RiskStatisticsController.class.php 第 77 行.
NOTIC: [8] Undefined variable: RiskStatistics D:\wamp\www\model\Apps\Home\Controller\RiskStatisticsController.class.php 第 77 行.
NOTIC: [2] Invalid argument supplied for foreach() D:\wamp\www\model\Apps\Home\Controller\RiskStatisticsController.class.php 第 77 行.
NOTIC: [8] Undefined variable: RiskStatistics D:\wamp\www\model\Apps\Home\Controller\RiskStatisticsController.class.php 第 77 行.
NOTIC: [2] Invalid argument supplied for foreach() D:\wamp\www\model\Apps\Home\Controller\RiskStatisticsController.class.php 第 77 行.
NOTIC: [8] Undefined variable: RiskStatistics D:\wamp\www\model\Apps\Home\Controller\RiskStatisticsController.class.php 第 77 行.
NOTIC: [2] Invalid argument supplied for foreach() D:\wamp\www\model\Apps\Home\Controller\RiskStatisticsController.class.php 第 77 行.
NOTIC: [8] Undefined variable: RiskStatistics D:\wamp\www\model\Apps\Home\Controller\RiskStatisticsController.class.php 第 77 行.
NOTIC: [2] Invalid argument supplied for foreach() D:\wamp\www\model\Apps\Home\Controller\RiskStatisticsController.class.php 第 77 行.
NOTIC: [8] Undefined variable: RiskStatistics D:\wamp\www\model\Apps\Home\Controller\RiskStatisticsController.class.php 第 77 行.
NOTIC: [2] Invalid argument supplied for foreach() D:\wamp\www\model\Apps\Home\Controller\RiskStatisticsController.class.php 第 77 行.
NOTIC: [8] Undefined variable: RiskStatistics D:\wamp\www\model\Apps\Home\Controller\RiskStatisticsController.class.php 第 77 行.
NOTIC: [2] Invalid argument supplied for foreach() D:\wamp\www\model\Apps\Home\Controller\RiskStatisticsController.class.php 第 77 行.
NOTIC: [8] Undefined variable: RiskStatistics D:\wamp\www\model\Apps\Home\Controller\RiskStatisticsController.class.php 第 77 行.
NOTIC: [2] Invalid argument supplied for foreach() D:\wamp\www\model\Apps\Home\Controller\RiskStatisticsController.class.php 第 77 行.
NOTIC: [8] Undefined variable: RiskStatistics D:\wamp\www\model\Apps\Home\Controller\RiskStatisticsController.class.php 第 77 行.
NOTIC: [2] Invalid argument supplied for foreach() D:\wamp\www\model\Apps\Home\Controller\RiskStatisticsController.class.php 第 77 行.
NOTIC: [8] Undefined variable: RiskStatistics D:\wamp\www\model\Apps\Home\Controller\RiskStatisticsController.class.php 第 77 行.
NOTIC: [2] Invalid argument supplied for foreach() D:\wamp\www\model\Apps\Home\Controller\RiskStatisticsController.class.php 第 77 行.
NOTIC: [8] Undefined variable: RiskStatistics D:\wamp\www\model\Apps\Home\Controller\RiskStatisticsController.class.php 第 77 行.
NOTIC: [2] Invalid argument supplied for foreach() D:\wamp\www\model\Apps\Home\Controller\RiskStatisticsController.class.php 第 77 行.
NOTIC: [8] Undefined variable: RiskStatistics D:\wamp\www\model\Apps\Home\Controller\RiskStatisticsController.class.php 第 77 行.
NOTIC: [2] Invalid argument supplied for foreach() D:\wamp\www\model\Apps\Home\Controller\RiskStatisticsController.class.php 第 77 行.
NOTIC: [8] Undefined variable: RiskStatistics D:\wamp\www\model\Apps\Home\Controller\RiskStatisticsController.class.php 第 92 行.
NOTIC: [2] Invalid argument supplied for foreach() D:\wamp\www\model\Apps\Home\Controller\RiskStatisticsController.class.php 第 92 行.
NOTIC: [8] Undefined variable: RiskStatistics D:\wamp\www\model\Apps\Home\Controller\RiskStatisticsController.class.php 第 96 行.
NOTIC: [2] Invalid argument supplied for foreach() D:\wamp\www\model\Apps\Home\Controller\RiskStatisticsController.class.php 第 96 行.
NOTIC: [8] Undefined variable: RiskStatistics D:\wamp\www\model\Apps\Home\Controller\RiskStatisticsController.class.php 第 92 行.
NOTIC: [2] Invalid argument supplied for foreach() D:\wamp\www\model\Apps\Home\Controller\RiskStatisticsController.class.php 第 92 行.
NOTIC: [8] Undefined variable: RiskStatistics D:\wamp\www\model\Apps\Home\Controller\RiskStatisticsController.class.php 第 96 行.
NOTIC: [2] Invalid argument supplied for foreach() D:\wamp\www\model\Apps\Home\Controller\RiskStatisticsController.class.php 第 96 行.
NOTIC: [8] Undefined variable: RiskStatistics D:\wamp\www\model\Apps\Home\Controller\RiskStatisticsController.class.php 第 92 行.
NOTIC: [2] Invalid argument supplied for foreach() D:\wamp\www\model\Apps\Home\Controller\RiskStatisticsController.class.php 第 92 行.
NOTIC: [8] Undefined variable: RiskStatistics D:\wamp\www\model\Apps\Home\Controller\RiskStatisticsController.class.php 第 96 行.
NOTIC: [2] Invalid argument supplied for foreach() D:\wamp\www\model\Apps\Home\Controller\RiskStatisticsController.class.php 第 96 行.
NOTIC: [8] Undefined variable: RiskStatistics D:\wamp\www\model\Apps\Home\Controller\RiskStatisticsController.class.php 第 92 行.
NOTIC: [2] Invalid argument supplied for foreach() D:\wamp\www\model\Apps\Home\Controller\RiskStatisticsController.class.php 第 92 行.
NOTIC: [8] Undefined variable: RiskStatistics D:\wamp\www\model\Apps\Home\Controller\RiskStatisticsController.class.php 第 96 行.
NOTIC: [2] Invalid argument supplied for foreach() D:\wamp\www\model\Apps\Home\Controller\RiskStatisticsController.class.php 第 96 行.
NOTIC: [8] Undefined variable: RiskStatistics D:\wamp\www\model\Apps\Home\Controller\RiskStatisticsController.class.php 第 109 行.
NOTIC: [2] Invalid argument supplied for foreach() D:\wamp\www\model\Apps\Home\Controller\RiskStatisticsController.class.php 第 109 行.
NOTIC: [8] Undefined variable: inspectYear_fuWall D:\wamp\www\model\Apps\Home\Controller\RiskStatisticsController.class.php 第 126 行.
NOTIC: [2] Invalid argument supplied for foreach() D:\wamp\www\model\Apps\Home\Controller\RiskStatisticsController.class.php 第 126 行.
NOTIC: [8] Undefined variable: inspectYear_fuBottom D:\wamp\www\model\Apps\Home\Controller\RiskStatisticsController.class.php 第 131 行.
NOTIC: [2] Invalid argument supplied for foreach() D:\wamp\www\model\Apps\Home\Controller\RiskStatisticsController.class.php 第 131 行.
NOTIC: [8] Undefined variable: inspectYear_fuWall D:\wamp\www\model\Apps\Home\Controller\RiskStatisticsController.class.php 第 126 行.
NOTIC: [2] Invalid argument supplied for foreach() D:\wamp\www\model\Apps\Home\Controller\RiskStatisticsController.class.php 第 126 行.
NOTIC: [8] Undefined variable: inspectYear_fuBottom D:\wamp\www\model\Apps\Home\Controller\RiskStatisticsController.class.php 第 131 行.
NOTIC: [2] Invalid argument supplied for foreach() D:\wamp\www\model\Apps\Home\Controller\RiskStatisticsController.class.php 第 131 行.
NOTIC: [8] Undefined variable: inspectYear_fuWall D:\wamp\www\model\Apps\Home\Controller\RiskStatisticsController.class.php 第 126 行.
NOTIC: [2] Invalid argument supplied for foreach() D:\wamp\www\model\Apps\Home\Controller\RiskStatisticsController.class.php 第 126 行.
NOTIC: [8] Undefined variable: inspectYear_fuBottom D:\wamp\www\model\Apps\Home\Controller\RiskStatisticsController.class.php 第 131 行.
NOTIC: [2] Invalid argument supplied for foreach() D:\wamp\www\model\Apps\Home\Controller\RiskStatisticsController.class.php 第 131 行.
NOTIC: [8] Undefined variable: inspectYear_fuWall D:\wamp\www\model\Apps\Home\Controller\RiskStatisticsController.class.php 第 126 行.
NOTIC: [2] Invalid argument supplied for foreach() D:\wamp\www\model\Apps\Home\Controller\RiskStatisticsController.class.php 第 126 行.
NOTIC: [8] Undefined variable: inspectYear_fuBottom D:\wamp\www\model\Apps\Home\Controller\RiskStatisticsController.class.php 第 131 行.
NOTIC: [2] Invalid argument supplied for foreach() D:\wamp\www\model\Apps\Home\Controller\RiskStatisticsController.class.php 第 131 行.
NOTIC: [8] Undefined variable: inspectYear_fuWall D:\wamp\www\model\Apps\Home\Controller\RiskStatisticsController.class.php 第 126 行.
NOTIC: [2] Invalid argument supplied for foreach() D:\wamp\www\model\Apps\Home\Controller\RiskStatisticsController.class.php 第 126 行.
NOTIC: [8] Undefined variable: inspectYear_fuBottom D:\wamp\www\model\Apps\Home\Controller\RiskStatisticsController.class.php 第 131 行.
NOTIC: [2] Invalid argument supplied for foreach() D:\wamp\www\model\Apps\Home\Controller\RiskStatisticsController.class.php 第 131 行.
NOTIC: [8] Undefined variable: inspectYear_fuWall D:\wamp\www\model\Apps\Home\Controller\RiskStatisticsController.class.php 第 141 行.
NOTIC: [2] Invalid argument supplied for foreach() D:\wamp\www\model\Apps\Home\Controller\RiskStatisticsController.class.php 第 141 行.
NOTIC: [8] Undefined variable: inspectYear_fuBottom D:\wamp\www\model\Apps\Home\Controller\RiskStatisticsController.class.php 第 146 行.
NOTIC: [2] Invalid argument supplied for foreach() D:\wamp\www\model\Apps\Home\Controller\RiskStatisticsController.class.php 第 146 行.
NOTIC: [8] Undefined variable: RiskStatistics D:\wamp\www\model\Apps\Home\Controller\RiskStatisticsController.class.php 第 158 行.
SQL: SHOW COLUMNS FROM `tb_attachment` [ RunTime:0.004001s ]
SQL: SELECT * FROM `tb_attachment` WHERE ( `tableId` = 'RiskList' ) ORDER BY addTime  [ RunTime:0.000000s ]
INFO: [ view_parse ] --START--
INFO: [ template_filter ] --START--
INFO: Run Behavior\ContentReplace [ RunTime:0.000000s ]
INFO: [ template_filter ] --END-- [ RunTime:0.000000s ]
NOTIC: [8] Undefined offset: 5 D:\wamp\www\model\Apps\Runtime\Cache\Home\75d42c02e43f647ef996618b84d67e73.php 第 105 行.
NOTIC: [8] Undefined offset: 5 D:\wamp\www\model\Apps\Runtime\Cache\Home\75d42c02e43f647ef996618b84d67e73.php 第 107 行.
NOTIC: [8] Undefined variable: PlantmaintanceRecord D:\wamp\www\model\Apps\Runtime\Cache\Home\75d42c02e43f647ef996618b84d67e73.php 第 260 行.
INFO: Run Behavior\ParseTemplate [ RunTime:0.023001s ]
INFO: [ view_parse ] --END-- [ RunTime:0.023001s ]
INFO: [ view_filter ] --START--
INFO: Run Behavior\WriteHtmlCache [ RunTime:0.000000s ]
INFO: [ view_filter ] --END-- [ RunTime:0.000000s ]
INFO: [ app_end ] --START--
INFO: Run Behavior\ShowPageTrace [ RunTime:0.000000s ]
INFO: [ app_end ] --END-- [ RunTime:0.001000s ]

[ 2016-11-21T23:03:48+08:00 ] 127.0.0.1 /model/index.php/Home/Public/getTree.html
INFO: [ app_begin ] --START--
INFO: Run Behavior\ReadHtmlCache [ RunTime:0.000000s ]
INFO: [ app_begin ] --END-- [ RunTime:0.000000s ]
NOTIC: [8192] mysql_connect(): The mysql extension is deprecated and will be removed in the future: use mysqli or PDO instead D:\wamp\www\model\ThinkPHP\Library\Think\Db\Driver\Mysql.class.php 第 52 行.
SQL: SHOW COLUMNS FROM `tb_user` [ RunTime:0.005000s ]
SQL: SELECT * FROM `tb_user` WHERE ( `id` = 16 )  [ RunTime:0.001000s ]
SQL: SHOW COLUMNS FROM `dic_factory` [ RunTime:0.006000s ]
SQL: SELECT * FROM `dic_factory`  [ RunTime:0.002000s ]
SQL: SHOW COLUMNS FROM `dic_workshop` [ RunTime:0.006000s ]
SQL: SELECT * FROM `dic_workshop` WHERE ( `factoryId` = '中石化燃料油总公司' )  [ RunTime:0.002000s ]
SQL: SHOW COLUMNS FROM `dic_area` [ RunTime:0.006001s ]
SQL: SELECT * FROM `dic_area` WHERE ( `factoryId` = '中石化燃料油总公司' ) AND ( `workshopId` = '青岛分公司' )  [ RunTime:0.001000s ]
SQL: SHOW COLUMNS FROM `tb_plantinfo` [ RunTime:0.006001s ]
SQL: SELECT * FROM `tb_plantinfo` WHERE ( `factoryId` = '中石化燃料油总公司' ) AND ( `workshopId` = '青岛分公司' ) AND ( `areaId` = '罐区一' )  [ RunTime:0.001000s ]
SQL: SELECT * FROM `dic_area` WHERE ( `factoryId` = '中石化燃料油总公司' ) AND ( `workshopId` = '江苏分公司' )  [ RunTime:0.001000s ]
SQL: SELECT * FROM `tb_plantinfo` WHERE ( `factoryId` = '中石化燃料油总公司' ) AND ( `workshopId` = '江苏分公司' ) AND ( `areaId` = '罐区一' )  [ RunTime:0.001000s ]
SQL: SELECT * FROM `dic_area` WHERE ( `factoryId` = '中石化燃料油总公司' ) AND ( `workshopId` = '秦皇岛分公司' )  [ RunTime:0.000000s ]
SQL: SELECT * FROM `tb_plantinfo` WHERE ( `factoryId` = '中石化燃料油总公司' ) AND ( `workshopId` = '秦皇岛分公司' ) AND ( `areaId` = '罐区一' )  [ RunTime:0.001000s ]
SQL: SELECT * FROM `dic_area` WHERE ( `factoryId` = '中石化燃料油总公司' ) AND ( `workshopId` = '湛江分公司' )  [ RunTime:0.001000s ]
SQL: SELECT * FROM `tb_plantinfo` WHERE ( `factoryId` = '中石化燃料油总公司' ) AND ( `workshopId` = '湛江分公司' ) AND ( `areaId` = '罐区一' )  [ RunTime:0.001000s ]
SQL: SELECT * FROM `dic_area` WHERE ( `factoryId` = '中石化燃料油总公司' ) AND ( `workshopId` = '高富分公司' )  [ RunTime:0.001000s ]
SQL: SELECT * FROM `tb_plantinfo` WHERE ( `factoryId` = '中石化燃料油总公司' ) AND ( `workshopId` = '高富分公司' ) AND ( `areaId` = '罐区一' )  [ RunTime:0.000000s ]
SQL: SELECT * FROM `dic_area` WHERE ( `factoryId` = '中石化燃料油总公司' ) AND ( `workshopId` = '温州分公司' )  [ RunTime:0.000000s ]
SQL: SELECT * FROM `tb_plantinfo` WHERE ( `factoryId` = '中石化燃料油总公司' ) AND ( `workshopId` = '温州分公司' ) AND ( `areaId` = '罐区一' )  [ RunTime:0.001001s ]
SQL: SELECT * FROM `dic_area` WHERE ( `factoryId` = '中石化燃料油总公司' ) AND ( `workshopId` = '宁波分公司' )  [ RunTime:0.001000s ]
SQL: SELECT * FROM `tb_plantinfo` WHERE ( `factoryId` = '中石化燃料油总公司' ) AND ( `workshopId` = '宁波分公司' ) AND ( `areaId` = '罐区一' )  [ RunTime:0.001000s ]

[ 2016-11-21T23:03:49+08:00 ] 127.0.0.1 /model/index.php/Home/RiskStatistics/get_detail
INFO: [ app_begin ] --START--
INFO: Run Behavior\ReadHtmlCache [ RunTime:0.000000s ]
INFO: [ app_begin ] --END-- [ RunTime:0.000000s ]
NOTIC: [8192] mysql_connect(): The mysql extension is deprecated and will be removed in the future: use mysqli or PDO instead D:\wamp\www\model\ThinkPHP\Library\Think\Db\Driver\Mysql.class.php 第 52 行.
SQL: select node.id,node.name from tb_role as role,tb_role_user as user,tb_access as access ,tb_node as node where user.user_id='16' and user.role_id=role.id and ( access.role_id=role.id  or (access.role_id=role.pid and role.pid!=0 ) ) and role.status=1 and access.node_id=node.id and node.level=1 and node.status=1 [ RunTime:0.001000s ]
SQL: select node.id,node.name from tb_role as role,tb_role_user as user,tb_access as access ,tb_node as node where user.user_id='16' and user.role_id=role.id and ( access.role_id=role.id  or (access.role_id=role.pid and role.pid!=0 ) ) and role.status=1 and access.node_id=node.id and node.level=2 and node.pid=1 and node.status=1 [ RunTime:0.001001s ]
SQL: select node.id,node.name,node.status,node.title from tb_role as role,tb_role_user as user,tb_access as access ,tb_node as node where user.user_id='16' and user.role_id=role.id and ( access.role_id=role.id  or (access.role_id=role.pid and role.pid!=0 ) ) and role.status=1 and access.node_id=node.id and node.level=3 and node.pid=22 and node.status=1 [ RunTime:0.001000s ]
SQL: select node.id,node.name,node.status,node.title from tb_role as role,tb_role_user as user,tb_access as access ,tb_node as node where user.user_id='16' and user.role_id=role.id and ( access.role_id=role.id  or (access.role_id=role.pid and role.pid!=0 ) ) and role.status=1 and access.node_id=node.id and node.level=3 and node.pid=21 and node.status=1 [ RunTime:0.001000s ]
SQL: select node.id,node.name,node.status,node.title from tb_role as role,tb_role_user as user,tb_access as access ,tb_node as node where user.user_id='16' and user.role_id=role.id and ( access.role_id=role.id  or (access.role_id=role.pid and role.pid!=0 ) ) and role.status=1 and access.node_id=node.id and node.level=3 and node.pid=20 and node.status=1 [ RunTime:0.001000s ]
SQL: select node.id,node.name,node.status,node.title from tb_role as role,tb_role_user as user,tb_access as access ,tb_node as node where user.user_id='16' and user.role_id=role.id and ( access.role_id=role.id  or (access.role_id=role.pid and role.pid!=0 ) ) and role.status=1 and access.node_id=node.id and node.level=3 and node.pid=18 and node.status=1 [ RunTime:0.001000s ]
SQL: select node.id,node.name,node.status,node.title from tb_role as role,tb_role_user as user,tb_access as access ,tb_node as node where user.user_id='16' and user.role_id=role.id and ( access.role_id=role.id  or (access.role_id=role.pid and role.pid!=0 ) ) and role.status=1 and access.node_id=node.id and node.level=3 and node.pid=17 and node.status=1 [ RunTime:0.002000s ]
SQL: select node.id,node.name,node.status,node.title from tb_role as role,tb_role_user as user,tb_access as access ,tb_node as node where user.user_id='16' and user.role_id=role.id and ( access.role_id=role.id  or (access.role_id=role.pid and role.pid!=0 ) ) and role.status=1 and access.node_id=node.id and node.level=3 and node.pid=16 and node.status=1 [ RunTime:0.001000s ]
SQL: select node.id,node.name,node.status,node.title from tb_role as role,tb_role_user as user,tb_access as access ,tb_node as node where user.user_id='16' and user.role_id=role.id and ( access.role_id=role.id  or (access.role_id=role.pid and role.pid!=0 ) ) and role.status=1 and access.node_id=node.id and node.level=3 and node.pid=15 and node.status=1 [ RunTime:0.001000s ]
SQL: select node.id,node.name,node.status,node.title from tb_role as role,tb_role_user as user,tb_access as access ,tb_node as node where user.user_id='16' and user.role_id=role.id and ( access.role_id=role.id  or (access.role_id=role.pid and role.pid!=0 ) ) and role.status=1 and access.node_id=node.id and node.level=3 and node.pid=23 and node.status=1 [ RunTime:0.000000s ]
SQL: select node.id,node.name,node.status,node.title from tb_role as role,tb_role_user as user,tb_access as access ,tb_node as node where user.user_id='16' and user.role_id=role.id and ( access.role_id=role.id  or (access.role_id=role.pid and role.pid!=0 ) ) and role.status=1 and access.node_id=node.id and node.level=3 and node.pid=25 and node.status=1 [ RunTime:0.000000s ]
SQL: select node.id,node.name,node.status,node.title from tb_role as role,tb_role_user as user,tb_access as access ,tb_node as node where user.user_id='16' and user.role_id=role.id and ( access.role_id=role.id  or (access.role_id=role.pid and role.pid!=0 ) ) and role.status=1 and access.node_id=node.id and node.level=3 and node.pid=97 and node.status=1 [ RunTime:0.001000s ]
SQL: select node.id,node.name,node.status,node.title from tb_role as role,tb_role_user as user,tb_access as access ,tb_node as node where user.user_id='16' and user.role_id=role.id and ( access.role_id=role.id  or (access.role_id=role.pid and role.pid!=0 ) ) and role.status=1 and access.node_id=node.id and node.level=3 and node.pid=117 and node.status=1 [ RunTime:0.001000s ]
ERR: 非法操作:get_detail

