[ 2016-10-09T22:48:03+08:00 ] 127.0.0.1 /model/index.php/Home/Public/getTree.html
INFO: [ app_begin ] --START--
INFO: Run Behavior\ReadHtmlCache [ RunTime:0.001000s ]
INFO: [ app_begin ] --END-- [ RunTime:0.001000s ]
NOTIC: [8192] mysql_connect(): The mysql extension is deprecated and will be removed in the future: use mysqli or PDO instead D:\wamp\www\model\ThinkPHP\Library\Think\Db\Driver\Mysql.class.php 第 52 行.
SQL: SHOW COLUMNS FROM `tb_user` [ RunTime:0.004000s ]
SQL: SELECT * FROM `tb_user` WHERE ( `id` = 4 )  [ RunTime:0.000000s ]
SQL: SHOW COLUMNS FROM `dic_factory` [ RunTime:0.005000s ]
SQL: SELECT * FROM `dic_factory`  [ RunTime:0.000000s ]
SQL: SHOW COLUMNS FROM `dic_workshop` [ RunTime:0.006001s ]
SQL: SELECT * FROM `dic_workshop` WHERE ( `factoryId` = '燃料油总公司' )  [ RunTime:0.000000s ]
SQL: SHOW COLUMNS FROM `dic_area` [ RunTime:0.005000s ]
SQL: SELECT * FROM `dic_area` WHERE ( `factoryId` = '燃料油总公司' ) AND ( `workshopId` = '青岛分公司' )  [ RunTime:0.000000s ]
SQL: SHOW COLUMNS FROM `tb_plantinfo` [ RunTime:0.005001s ]
SQL: SELECT * FROM `tb_plantinfo` WHERE ( `factoryId` = '燃料油总公司' ) AND ( `workshopId` = '青岛分公司' ) AND ( `areaId` = '罐区一' )  [ RunTime:0.001000s ]
SQL: SELECT * FROM `tb_plantinfo` WHERE ( `factoryId` = '燃料油总公司' ) AND ( `workshopId` = '青岛分公司' ) AND ( `areaId` = '罐区二' )  [ RunTime:0.000000s ]
NOTIC: [2] Invalid argument supplied for foreach() D:\wamp\www\model\Apps\Home\Controller\PublicController.class.php 第 79 行.
SQL: SELECT * FROM `dic_area` WHERE ( `factoryId` = '燃料油总公司' ) AND ( `workshopId` = '江苏分公司' )  [ RunTime:0.001000s ]
SQL: SELECT * FROM `tb_plantinfo` WHERE ( `factoryId` = '燃料油总公司' ) AND ( `workshopId` = '江苏分公司' ) AND ( `areaId` = '罐区一' )  [ RunTime:0.001000s ]
SQL: SELECT * FROM `tb_plantinfo` WHERE ( `factoryId` = '燃料油总公司' ) AND ( `workshopId` = '江苏分公司' ) AND ( `areaId` = '罐区二' )  [ RunTime:0.001000s ]
SQL: SELECT * FROM `dic_area` WHERE ( `factoryId` = '燃料油总公司' ) AND ( `workshopId` = '秦皇岛分公司' )  [ RunTime:0.001000s ]
SQL: SELECT * FROM `tb_plantinfo` WHERE ( `factoryId` = '燃料油总公司' ) AND ( `workshopId` = '秦皇岛分公司' ) AND ( `areaId` = '罐区一' )  [ RunTime:0.001000s ]
SQL: SELECT * FROM `tb_plantinfo` WHERE ( `factoryId` = '燃料油总公司' ) AND ( `workshopId` = '秦皇岛分公司' ) AND ( `areaId` = '罐区二' )  [ RunTime:0.001000s ]
NOTIC: [2] Invalid argument supplied for foreach() D:\wamp\www\model\Apps\Home\Controller\PublicController.class.php 第 79 行.
SQL: SELECT * FROM `tb_plantinfo` WHERE ( `factoryId` = '燃料油总公司' ) AND ( `workshopId` = '秦皇岛分公司' ) AND ( `areaId` = '罐区三' )  [ RunTime:0.000000s ]
NOTIC: [2] Invalid argument supplied for foreach() D:\wamp\www\model\Apps\Home\Controller\PublicController.class.php 第 79 行.
SQL: SELECT * FROM `dic_area` WHERE ( `factoryId` = '燃料油总公司' ) AND ( `workshopId` = '湛江分公司' )  [ RunTime:0.000000s ]
SQL: SELECT * FROM `tb_plantinfo` WHERE ( `factoryId` = '燃料油总公司' ) AND ( `workshopId` = '湛江分公司' ) AND ( `areaId` = '罐区一' )  [ RunTime:0.000000s ]
SQL: SELECT * FROM `tb_plantinfo` WHERE ( `factoryId` = '燃料油总公司' ) AND ( `workshopId` = '湛江分公司' ) AND ( `areaId` = '罐区二' )  [ RunTime:0.000000s ]
NOTIC: [2] Invalid argument supplied for foreach() D:\wamp\www\model\Apps\Home\Controller\PublicController.class.php 第 79 行.
SQL: SELECT * FROM `dic_area` WHERE ( `factoryId` = '燃料油总公司' ) AND ( `workshopId` = '高富分公司' )  [ RunTime:0.000000s ]
SQL: SELECT * FROM `tb_plantinfo` WHERE ( `factoryId` = '燃料油总公司' ) AND ( `workshopId` = '高富分公司' ) AND ( `areaId` = '罐区一' )  [ RunTime:0.000000s ]
SQL: SELECT * FROM `tb_plantinfo` WHERE ( `factoryId` = '燃料油总公司' ) AND ( `workshopId` = '高富分公司' ) AND ( `areaId` = '罐区二' )  [ RunTime:0.000000s ]
SQL: SELECT * FROM `dic_area` WHERE ( `factoryId` = '燃料油总公司' ) AND ( `workshopId` = '温州分公司' )  [ RunTime:0.000000s ]
SQL: SELECT * FROM `tb_plantinfo` WHERE ( `factoryId` = '燃料油总公司' ) AND ( `workshopId` = '温州分公司' ) AND ( `areaId` = '罐区一' )  [ RunTime:0.001000s ]
SQL: SELECT * FROM `tb_plantinfo` WHERE ( `factoryId` = '燃料油总公司' ) AND ( `workshopId` = '温州分公司' ) AND ( `areaId` = '罐区二' )  [ RunTime:0.001000s ]
SQL: SELECT * FROM `dic_area` WHERE ( `factoryId` = '燃料油总公司' ) AND ( `workshopId` = '宁波分公司' )  [ RunTime:0.000000s ]
SQL: SELECT * FROM `tb_plantinfo` WHERE ( `factoryId` = '燃料油总公司' ) AND ( `workshopId` = '宁波分公司' ) AND ( `areaId` = '罐区一' )  [ RunTime:0.001000s ]
SQL: SELECT * FROM `tb_plantinfo` WHERE ( `factoryId` = '燃料油总公司' ) AND ( `workshopId` = '宁波分公司' ) AND ( `areaId` = '罐区二' )  [ RunTime:0.000000s ]

[ 2016-10-09T23:19:03+08:00 ] 127.0.0.1 /model/index.php/Home/Manage/tankInfo.html
INFO: [ app_begin ] --START--
INFO: Run Behavior\ReadHtmlCache [ RunTime:0.001000s ]
INFO: [ app_begin ] --END-- [ RunTime:0.001000s ]
NOTIC: [8192] mysql_connect(): The mysql extension is deprecated and will be removed in the future: use mysqli or PDO instead D:\wamp\www\model\ThinkPHP\Library\Think\Db\Driver\Mysql.class.php 第 52 行.
SQL: select node.id,node.name from tb_role as role,tb_role_user as user,tb_access as access ,tb_node as node where user.user_id='4' and user.role_id=role.id and ( access.role_id=role.id  or (access.role_id=role.pid and role.pid!=0 ) ) and role.status=1 and access.node_id=node.id and node.level=1 and node.status=1 [ RunTime:0.001000s ]
SQL: select node.id,node.name from tb_role as role,tb_role_user as user,tb_access as access ,tb_node as node where user.user_id='4' and user.role_id=role.id and ( access.role_id=role.id  or (access.role_id=role.pid and role.pid!=0 ) ) and role.status=1 and access.node_id=node.id and node.level=2 and node.pid=1 and node.status=1 [ RunTime:0.000000s ]
SQL: select node.id,node.name,node.status,node.title from tb_role as role,tb_role_user as user,tb_access as access ,tb_node as node where user.user_id='4' and user.role_id=role.id and ( access.role_id=role.id  or (access.role_id=role.pid and role.pid!=0 ) ) and role.status=1 and access.node_id=node.id and node.level=3 and node.pid=22 and node.status=1 [ RunTime:0.000000s ]
SQL: select node.id,node.name,node.status,node.title from tb_role as role,tb_role_user as user,tb_access as access ,tb_node as node where user.user_id='4' and user.role_id=role.id and ( access.role_id=role.id  or (access.role_id=role.pid and role.pid!=0 ) ) and role.status=1 and access.node_id=node.id and node.level=3 and node.pid=21 and node.status=1 [ RunTime:0.001000s ]
SQL: select node.id,node.name,node.status,node.title from tb_role as role,tb_role_user as user,tb_access as access ,tb_node as node where user.user_id='4' and user.role_id=role.id and ( access.role_id=role.id  or (access.role_id=role.pid and role.pid!=0 ) ) and role.status=1 and access.node_id=node.id and node.level=3 and node.pid=20 and node.status=1 [ RunTime:0.001000s ]
SQL: select node.id,node.name,node.status,node.title from tb_role as role,tb_role_user as user,tb_access as access ,tb_node as node where user.user_id='4' and user.role_id=role.id and ( access.role_id=role.id  or (access.role_id=role.pid and role.pid!=0 ) ) and role.status=1 and access.node_id=node.id and node.level=3 and node.pid=18 and node.status=1 [ RunTime:0.000000s ]
SQL: select node.id,node.name,node.status,node.title from tb_role as role,tb_role_user as user,tb_access as access ,tb_node as node where user.user_id='4' and user.role_id=role.id and ( access.role_id=role.id  or (access.role_id=role.pid and role.pid!=0 ) ) and role.status=1 and access.node_id=node.id and node.level=3 and node.pid=17 and node.status=1 [ RunTime:0.001000s ]
SQL: select node.id,node.name,node.status,node.title from tb_role as role,tb_role_user as user,tb_access as access ,tb_node as node where user.user_id='4' and user.role_id=role.id and ( access.role_id=role.id  or (access.role_id=role.pid and role.pid!=0 ) ) and role.status=1 and access.node_id=node.id and node.level=3 and node.pid=16 and node.status=1 [ RunTime:0.000000s ]
SQL: select node.id,node.name,node.status,node.title from tb_role as role,tb_role_user as user,tb_access as access ,tb_node as node where user.user_id='4' and user.role_id=role.id and ( access.role_id=role.id  or (access.role_id=role.pid and role.pid!=0 ) ) and role.status=1 and access.node_id=node.id and node.level=3 and node.pid=15 and node.status=1 [ RunTime:0.000000s ]
SQL: select node.id,node.name,node.status,node.title from tb_role as role,tb_role_user as user,tb_access as access ,tb_node as node where user.user_id='4' and user.role_id=role.id and ( access.role_id=role.id  or (access.role_id=role.pid and role.pid!=0 ) ) and role.status=1 and access.node_id=node.id and node.level=3 and node.pid=23 and node.status=1 [ RunTime:0.000000s ]
SQL: select node.id,node.name,node.status,node.title from tb_role as role,tb_role_user as user,tb_access as access ,tb_node as node where user.user_id='4' and user.role_id=role.id and ( access.role_id=role.id  or (access.role_id=role.pid and role.pid!=0 ) ) and role.status=1 and access.node_id=node.id and node.level=3 and node.pid=24 and node.status=1 [ RunTime:0.000000s ]
SQL: select node.id,node.name,node.status,node.title from tb_role as role,tb_role_user as user,tb_access as access ,tb_node as node where user.user_id='4' and user.role_id=role.id and ( access.role_id=role.id  or (access.role_id=role.pid and role.pid!=0 ) ) and role.status=1 and access.node_id=node.id and node.level=3 and node.pid=25 and node.status=1 [ RunTime:0.000000s ]
SQL: select node.id,node.name,node.status,node.title from tb_role as role,tb_role_user as user,tb_access as access ,tb_node as node where user.user_id='4' and user.role_id=role.id and ( access.role_id=role.id  or (access.role_id=role.pid and role.pid!=0 ) ) and role.status=1 and access.node_id=node.id and node.level=3 and node.pid=97 and node.status=1 [ RunTime:0.000000s ]
SQL: select node.id,node.name,node.status,node.title from tb_role as role,tb_role_user as user,tb_access as access ,tb_node as node where user.user_id='4' and user.role_id=role.id and ( access.role_id=role.id  or (access.role_id=role.pid and role.pid!=0 ) ) and role.status=1 and access.node_id=node.id and node.level=3 and node.pid=117 and node.status=1 [ RunTime:0.000000s ]
INFO: [ view_parse ] --START--
INFO: [ template_filter ] --START--
INFO: Run Behavior\ContentReplace [ RunTime:0.000000s ]
INFO: [ template_filter ] --END-- [ RunTime:0.001000s ]
INFO: Run Behavior\ParseTemplate [ RunTime:0.006000s ]
INFO: [ view_parse ] --END-- [ RunTime:0.007000s ]
INFO: [ view_filter ] --START--
INFO: Run Behavior\WriteHtmlCache [ RunTime:0.000000s ]
INFO: [ view_filter ] --END-- [ RunTime:0.000000s ]
INFO: [ app_end ] --START--
INFO: Run Behavior\ShowPageTrace [ RunTime:0.001000s ]
INFO: [ app_end ] --END-- [ RunTime:0.001000s ]

[ 2016-10-09T23:19:03+08:00 ] 127.0.0.1 /model/index.php/Home/Manage/tankInfoList.html
INFO: [ app_begin ] --START--
INFO: Run Behavior\ReadHtmlCache [ RunTime:0.001001s ]
INFO: [ app_begin ] --END-- [ RunTime:0.001001s ]
NOTIC: [8192] mysql_connect(): The mysql extension is deprecated and will be removed in the future: use mysqli or PDO instead D:\wamp\www\model\ThinkPHP\Library\Think\Db\Driver\Mysql.class.php 第 52 行.
SQL: select node.id,node.name from tb_role as role,tb_role_user as user,tb_access as access ,tb_node as node where user.user_id='4' and user.role_id=role.id and ( access.role_id=role.id  or (access.role_id=role.pid and role.pid!=0 ) ) and role.status=1 and access.node_id=node.id and node.level=1 and node.status=1 [ RunTime:0.001000s ]
SQL: select node.id,node.name from tb_role as role,tb_role_user as user,tb_access as access ,tb_node as node where user.user_id='4' and user.role_id=role.id and ( access.role_id=role.id  or (access.role_id=role.pid and role.pid!=0 ) ) and role.status=1 and access.node_id=node.id and node.level=2 and node.pid=1 and node.status=1 [ RunTime:0.000000s ]
SQL: select node.id,node.name,node.status,node.title from tb_role as role,tb_role_user as user,tb_access as access ,tb_node as node where user.user_id='4' and user.role_id=role.id and ( access.role_id=role.id  or (access.role_id=role.pid and role.pid!=0 ) ) and role.status=1 and access.node_id=node.id and node.level=3 and node.pid=22 and node.status=1 [ RunTime:0.000000s ]
SQL: select node.id,node.name,node.status,node.title from tb_role as role,tb_role_user as user,tb_access as access ,tb_node as node where user.user_id='4' and user.role_id=role.id and ( access.role_id=role.id  or (access.role_id=role.pid and role.pid!=0 ) ) and role.status=1 and access.node_id=node.id and node.level=3 and node.pid=21 and node.status=1 [ RunTime:0.000000s ]
SQL: select node.id,node.name,node.status,node.title from tb_role as role,tb_role_user as user,tb_access as access ,tb_node as node where user.user_id='4' and user.role_id=role.id and ( access.role_id=role.id  or (access.role_id=role.pid and role.pid!=0 ) ) and role.status=1 and access.node_id=node.id and node.level=3 and node.pid=20 and node.status=1 [ RunTime:0.000000s ]
SQL: select node.id,node.name,node.status,node.title from tb_role as role,tb_role_user as user,tb_access as access ,tb_node as node where user.user_id='4' and user.role_id=role.id and ( access.role_id=role.id  or (access.role_id=role.pid and role.pid!=0 ) ) and role.status=1 and access.node_id=node.id and node.level=3 and node.pid=18 and node.status=1 [ RunTime:0.001000s ]
SQL: select node.id,node.name,node.status,node.title from tb_role as role,tb_role_user as user,tb_access as access ,tb_node as node where user.user_id='4' and user.role_id=role.id and ( access.role_id=role.id  or (access.role_id=role.pid and role.pid!=0 ) ) and role.status=1 and access.node_id=node.id and node.level=3 and node.pid=17 and node.status=1 [ RunTime:0.000000s ]
SQL: select node.id,node.name,node.status,node.title from tb_role as role,tb_role_user as user,tb_access as access ,tb_node as node where user.user_id='4' and user.role_id=role.id and ( access.role_id=role.id  or (access.role_id=role.pid and role.pid!=0 ) ) and role.status=1 and access.node_id=node.id and node.level=3 and node.pid=16 and node.status=1 [ RunTime:0.001000s ]
SQL: select node.id,node.name,node.status,node.title from tb_role as role,tb_role_user as user,tb_access as access ,tb_node as node where user.user_id='4' and user.role_id=role.id and ( access.role_id=role.id  or (access.role_id=role.pid and role.pid!=0 ) ) and role.status=1 and access.node_id=node.id and node.level=3 and node.pid=15 and node.status=1 [ RunTime:0.000000s ]
SQL: select node.id,node.name,node.status,node.title from tb_role as role,tb_role_user as user,tb_access as access ,tb_node as node where user.user_id='4' and user.role_id=role.id and ( access.role_id=role.id  or (access.role_id=role.pid and role.pid!=0 ) ) and role.status=1 and access.node_id=node.id and node.level=3 and node.pid=23 and node.status=1 [ RunTime:0.001000s ]
SQL: select node.id,node.name,node.status,node.title from tb_role as role,tb_role_user as user,tb_access as access ,tb_node as node where user.user_id='4' and user.role_id=role.id and ( access.role_id=role.id  or (access.role_id=role.pid and role.pid!=0 ) ) and role.status=1 and access.node_id=node.id and node.level=3 and node.pid=24 and node.status=1 [ RunTime:0.000000s ]
SQL: select node.id,node.name,node.status,node.title from tb_role as role,tb_role_user as user,tb_access as access ,tb_node as node where user.user_id='4' and user.role_id=role.id and ( access.role_id=role.id  or (access.role_id=role.pid and role.pid!=0 ) ) and role.status=1 and access.node_id=node.id and node.level=3 and node.pid=25 and node.status=1 [ RunTime:0.001000s ]
SQL: select node.id,node.name,node.status,node.title from tb_role as role,tb_role_user as user,tb_access as access ,tb_node as node where user.user_id='4' and user.role_id=role.id and ( access.role_id=role.id  or (access.role_id=role.pid and role.pid!=0 ) ) and role.status=1 and access.node_id=node.id and node.level=3 and node.pid=97 and node.status=1 [ RunTime:0.000000s ]
SQL: select node.id,node.name,node.status,node.title from tb_role as role,tb_role_user as user,tb_access as access ,tb_node as node where user.user_id='4' and user.role_id=role.id and ( access.role_id=role.id  or (access.role_id=role.pid and role.pid!=0 ) ) and role.status=1 and access.node_id=node.id and node.level=3 and node.pid=117 and node.status=1 [ RunTime:0.001000s ]
NOTIC: [8192] mysql_connect(): The mysql extension is deprecated and will be removed in the future: use mysqli or PDO instead D:\wamp\www\model\ThinkPHP\Library\Think\Db\Driver\Mysql.class.php 第 52 行.
SQL: SHOW COLUMNS FROM `tb_plantinfo` [ RunTime:0.005000s ]
SQL: SHOW COLUMNS FROM `dic_factory` [ RunTime:0.005001s ]
SQL: SELECT * FROM `dic_factory`  [ RunTime:0.001000s ]
SQL: SELECT * FROM `tb_plantinfo`  [ RunTime:0.001000s ]
INFO: [ view_parse ] --START--
INFO: [ template_filter ] --START--
INFO: Run Behavior\ContentReplace [ RunTime:0.000000s ]
INFO: [ template_filter ] --END-- [ RunTime:0.001000s ]
INFO: Run Behavior\ParseTemplate [ RunTime:0.011000s ]
INFO: [ view_parse ] --END-- [ RunTime:0.011000s ]
INFO: [ view_filter ] --START--
INFO: Run Behavior\WriteHtmlCache [ RunTime:0.000000s ]
INFO: [ view_filter ] --END-- [ RunTime:0.000000s ]
INFO: [ app_end ] --START--
INFO: Run Behavior\ShowPageTrace [ RunTime:0.001000s ]
INFO: [ app_end ] --END-- [ RunTime:0.001000s ]

[ 2016-10-09T23:19:04+08:00 ] 127.0.0.1 /model/index.php/Home/Public/getTree.html
INFO: [ app_begin ] --START--
INFO: Run Behavior\ReadHtmlCache [ RunTime:0.000000s ]
INFO: [ app_begin ] --END-- [ RunTime:0.001000s ]
NOTIC: [8192] mysql_connect(): The mysql extension is deprecated and will be removed in the future: use mysqli or PDO instead D:\wamp\www\model\ThinkPHP\Library\Think\Db\Driver\Mysql.class.php 第 52 行.
SQL: SHOW COLUMNS FROM `tb_user` [ RunTime:0.005001s ]
SQL: SELECT * FROM `tb_user` WHERE ( `id` = 4 )  [ RunTime:0.000000s ]
SQL: SHOW COLUMNS FROM `dic_factory` [ RunTime:0.004000s ]
SQL: SELECT * FROM `dic_factory`  [ RunTime:0.000000s ]
SQL: SHOW COLUMNS FROM `dic_workshop` [ RunTime:0.004000s ]
SQL: SELECT * FROM `dic_workshop` WHERE ( `factoryId` = '燃料油总公司' )  [ RunTime:0.001000s ]
SQL: SHOW COLUMNS FROM `dic_area` [ RunTime:0.004001s ]
SQL: SELECT * FROM `dic_area` WHERE ( `factoryId` = '燃料油总公司' ) AND ( `workshopId` = '青岛分公司' )  [ RunTime:0.000000s ]
SQL: SHOW COLUMNS FROM `tb_plantinfo` [ RunTime:0.006000s ]
SQL: SELECT * FROM `tb_plantinfo` WHERE ( `factoryId` = '燃料油总公司' ) AND ( `workshopId` = '青岛分公司' ) AND ( `areaId` = '罐区一' )  [ RunTime:0.001000s ]
SQL: SELECT * FROM `tb_plantinfo` WHERE ( `factoryId` = '燃料油总公司' ) AND ( `workshopId` = '青岛分公司' ) AND ( `areaId` = '罐区二' )  [ RunTime:0.000000s ]
NOTIC: [2] Invalid argument supplied for foreach() D:\wamp\www\model\Apps\Home\Controller\PublicController.class.php 第 79 行.
SQL: SELECT * FROM `dic_area` WHERE ( `factoryId` = '燃料油总公司' ) AND ( `workshopId` = '江苏分公司' )  [ RunTime:0.000000s ]
SQL: SELECT * FROM `tb_plantinfo` WHERE ( `factoryId` = '燃料油总公司' ) AND ( `workshopId` = '江苏分公司' ) AND ( `areaId` = '罐区一' )  [ RunTime:0.000000s ]
SQL: SELECT * FROM `tb_plantinfo` WHERE ( `factoryId` = '燃料油总公司' ) AND ( `workshopId` = '江苏分公司' ) AND ( `areaId` = '罐区二' )  [ RunTime:0.001001s ]
SQL: SELECT * FROM `dic_area` WHERE ( `factoryId` = '燃料油总公司' ) AND ( `workshopId` = '秦皇岛分公司' )  [ RunTime:0.001000s ]
SQL: SELECT * FROM `tb_plantinfo` WHERE ( `factoryId` = '燃料油总公司' ) AND ( `workshopId` = '秦皇岛分公司' ) AND ( `areaId` = '罐区一' )  [ RunTime:0.001000s ]
SQL: SELECT * FROM `tb_plantinfo` WHERE ( `factoryId` = '燃料油总公司' ) AND ( `workshopId` = '秦皇岛分公司' ) AND ( `areaId` = '罐区二' )  [ RunTime:0.000000s ]
NOTIC: [2] Invalid argument supplied for foreach() D:\wamp\www\model\Apps\Home\Controller\PublicController.class.php 第 79 行.
SQL: SELECT * FROM `tb_plantinfo` WHERE ( `factoryId` = '燃料油总公司' ) AND ( `workshopId` = '秦皇岛分公司' ) AND ( `areaId` = '罐区三' )  [ RunTime:0.000000s ]
NOTIC: [2] Invalid argument supplied for foreach() D:\wamp\www\model\Apps\Home\Controller\PublicController.class.php 第 79 行.
SQL: SELECT * FROM `dic_area` WHERE ( `factoryId` = '燃料油总公司' ) AND ( `workshopId` = '湛江分公司' )  [ RunTime:0.000000s ]
SQL: SELECT * FROM `tb_plantinfo` WHERE ( `factoryId` = '燃料油总公司' ) AND ( `workshopId` = '湛江分公司' ) AND ( `areaId` = '罐区一' )  [ RunTime:0.000000s ]
SQL: SELECT * FROM `tb_plantinfo` WHERE ( `factoryId` = '燃料油总公司' ) AND ( `workshopId` = '湛江分公司' ) AND ( `areaId` = '罐区二' )  [ RunTime:0.001000s ]
NOTIC: [2] Invalid argument supplied for foreach() D:\wamp\www\model\Apps\Home\Controller\PublicController.class.php 第 79 行.
SQL: SELECT * FROM `dic_area` WHERE ( `factoryId` = '燃料油总公司' ) AND ( `workshopId` = '高富分公司' )  [ RunTime:0.000000s ]
SQL: SELECT * FROM `tb_plantinfo` WHERE ( `factoryId` = '燃料油总公司' ) AND ( `workshopId` = '高富分公司' ) AND ( `areaId` = '罐区一' )  [ RunTime:0.000000s ]
SQL: SELECT * FROM `tb_plantinfo` WHERE ( `factoryId` = '燃料油总公司' ) AND ( `workshopId` = '高富分公司' ) AND ( `areaId` = '罐区二' )  [ RunTime:0.000000s ]
SQL: SELECT * FROM `dic_area` WHERE ( `factoryId` = '燃料油总公司' ) AND ( `workshopId` = '温州分公司' )  [ RunTime:0.000000s ]
SQL: SELECT * FROM `tb_plantinfo` WHERE ( `factoryId` = '燃料油总公司' ) AND ( `workshopId` = '温州分公司' ) AND ( `areaId` = '罐区一' )  [ RunTime:0.001000s ]
SQL: SELECT * FROM `tb_plantinfo` WHERE ( `factoryId` = '燃料油总公司' ) AND ( `workshopId` = '温州分公司' ) AND ( `areaId` = '罐区二' )  [ RunTime:0.001000s ]
SQL: SELECT * FROM `dic_area` WHERE ( `factoryId` = '燃料油总公司' ) AND ( `workshopId` = '宁波分公司' )  [ RunTime:0.000000s ]
SQL: SELECT * FROM `tb_plantinfo` WHERE ( `factoryId` = '燃料油总公司' ) AND ( `workshopId` = '宁波分公司' ) AND ( `areaId` = '罐区一' )  [ RunTime:0.001000s ]
SQL: SELECT * FROM `tb_plantinfo` WHERE ( `factoryId` = '燃料油总公司' ) AND ( `workshopId` = '宁波分公司' ) AND ( `areaId` = '罐区二' )  [ RunTime:0.001001s ]

[ 2016-10-09T23:19:05+08:00 ] 127.0.0.1 /model/index.php/Home/RunRecord/index.html
INFO: [ app_begin ] --START--
INFO: Run Behavior\ReadHtmlCache [ RunTime:0.001000s ]
INFO: [ app_begin ] --END-- [ RunTime:0.001000s ]
NOTIC: [8192] mysql_connect(): The mysql extension is deprecated and will be removed in the future: use mysqli or PDO instead D:\wamp\www\model\ThinkPHP\Library\Think\Db\Driver\Mysql.class.php 第 52 行.
SQL: select node.id,node.name from tb_role as role,tb_role_user as user,tb_access as access ,tb_node as node where user.user_id='4' and user.role_id=role.id and ( access.role_id=role.id  or (access.role_id=role.pid and role.pid!=0 ) ) and role.status=1 and access.node_id=node.id and node.level=1 and node.status=1 [ RunTime:0.000000s ]
SQL: select node.id,node.name from tb_role as role,tb_role_user as user,tb_access as access ,tb_node as node where user.user_id='4' and user.role_id=role.id and ( access.role_id=role.id  or (access.role_id=role.pid and role.pid!=0 ) ) and role.status=1 and access.node_id=node.id and node.level=2 and node.pid=1 and node.status=1 [ RunTime:0.001000s ]
SQL: select node.id,node.name,node.status,node.title from tb_role as role,tb_role_user as user,tb_access as access ,tb_node as node where user.user_id='4' and user.role_id=role.id and ( access.role_id=role.id  or (access.role_id=role.pid and role.pid!=0 ) ) and role.status=1 and access.node_id=node.id and node.level=3 and node.pid=22 and node.status=1 [ RunTime:0.000000s ]
SQL: select node.id,node.name,node.status,node.title from tb_role as role,tb_role_user as user,tb_access as access ,tb_node as node where user.user_id='4' and user.role_id=role.id and ( access.role_id=role.id  or (access.role_id=role.pid and role.pid!=0 ) ) and role.status=1 and access.node_id=node.id and node.level=3 and node.pid=21 and node.status=1 [ RunTime:0.001000s ]
SQL: select node.id,node.name,node.status,node.title from tb_role as role,tb_role_user as user,tb_access as access ,tb_node as node where user.user_id='4' and user.role_id=role.id and ( access.role_id=role.id  or (access.role_id=role.pid and role.pid!=0 ) ) and role.status=1 and access.node_id=node.id and node.level=3 and node.pid=20 and node.status=1 [ RunTime:0.000000s ]
SQL: select node.id,node.name,node.status,node.title from tb_role as role,tb_role_user as user,tb_access as access ,tb_node as node where user.user_id='4' and user.role_id=role.id and ( access.role_id=role.id  or (access.role_id=role.pid and role.pid!=0 ) ) and role.status=1 and access.node_id=node.id and node.level=3 and node.pid=18 and node.status=1 [ RunTime:0.000000s ]
SQL: select node.id,node.name,node.status,node.title from tb_role as role,tb_role_user as user,tb_access as access ,tb_node as node where user.user_id='4' and user.role_id=role.id and ( access.role_id=role.id  or (access.role_id=role.pid and role.pid!=0 ) ) and role.status=1 and access.node_id=node.id and node.level=3 and node.pid=17 and node.status=1 [ RunTime:0.001000s ]
SQL: select node.id,node.name,node.status,node.title from tb_role as role,tb_role_user as user,tb_access as access ,tb_node as node where user.user_id='4' and user.role_id=role.id and ( access.role_id=role.id  or (access.role_id=role.pid and role.pid!=0 ) ) and role.status=1 and access.node_id=node.id and node.level=3 and node.pid=16 and node.status=1 [ RunTime:0.000000s ]
SQL: select node.id,node.name,node.status,node.title from tb_role as role,tb_role_user as user,tb_access as access ,tb_node as node where user.user_id='4' and user.role_id=role.id and ( access.role_id=role.id  or (access.role_id=role.pid and role.pid!=0 ) ) and role.status=1 and access.node_id=node.id and node.level=3 and node.pid=15 and node.status=1 [ RunTime:0.001000s ]
SQL: select node.id,node.name,node.status,node.title from tb_role as role,tb_role_user as user,tb_access as access ,tb_node as node where user.user_id='4' and user.role_id=role.id and ( access.role_id=role.id  or (access.role_id=role.pid and role.pid!=0 ) ) and role.status=1 and access.node_id=node.id and node.level=3 and node.pid=23 and node.status=1 [ RunTime:0.000000s ]
SQL: select node.id,node.name,node.status,node.title from tb_role as role,tb_role_user as user,tb_access as access ,tb_node as node where user.user_id='4' and user.role_id=role.id and ( access.role_id=role.id  or (access.role_id=role.pid and role.pid!=0 ) ) and role.status=1 and access.node_id=node.id and node.level=3 and node.pid=24 and node.status=1 [ RunTime:0.001000s ]
SQL: select node.id,node.name,node.status,node.title from tb_role as role,tb_role_user as user,tb_access as access ,tb_node as node where user.user_id='4' and user.role_id=role.id and ( access.role_id=role.id  or (access.role_id=role.pid and role.pid!=0 ) ) and role.status=1 and access.node_id=node.id and node.level=3 and node.pid=25 and node.status=1 [ RunTime:0.000000s ]
SQL: select node.id,node.name,node.status,node.title from tb_role as role,tb_role_user as user,tb_access as access ,tb_node as node where user.user_id='4' and user.role_id=role.id and ( access.role_id=role.id  or (access.role_id=role.pid and role.pid!=0 ) ) and role.status=1 and access.node_id=node.id and node.level=3 and node.pid=97 and node.status=1 [ RunTime:0.001000s ]
SQL: select node.id,node.name,node.status,node.title from tb_role as role,tb_role_user as user,tb_access as access ,tb_node as node where user.user_id='4' and user.role_id=role.id and ( access.role_id=role.id  or (access.role_id=role.pid and role.pid!=0 ) ) and role.status=1 and access.node_id=node.id and node.level=3 and node.pid=117 and node.status=1 [ RunTime:0.000000s ]
INFO: [ view_parse ] --START--
INFO: [ template_filter ] --START--
INFO: Run Behavior\ContentReplace [ RunTime:0.000000s ]
INFO: [ template_filter ] --END-- [ RunTime:0.001000s ]
INFO: Run Behavior\ParseTemplate [ RunTime:0.005000s ]
INFO: [ view_parse ] --END-- [ RunTime:0.006000s ]
INFO: [ view_filter ] --START--
INFO: Run Behavior\WriteHtmlCache [ RunTime:0.000000s ]
INFO: [ view_filter ] --END-- [ RunTime:0.000000s ]
INFO: [ app_end ] --START--
INFO: Run Behavior\ShowPageTrace [ RunTime:0.000000s ]
INFO: [ app_end ] --END-- [ RunTime:0.001001s ]

[ 2016-10-09T23:19:05+08:00 ] 127.0.0.1 /model/index.php/Home/RunRecord/plantList.html
INFO: [ app_begin ] --START--
INFO: Run Behavior\ReadHtmlCache [ RunTime:0.000000s ]
INFO: [ app_begin ] --END-- [ RunTime:0.001000s ]
NOTIC: [8192] mysql_connect(): The mysql extension is deprecated and will be removed in the future: use mysqli or PDO instead D:\wamp\www\model\ThinkPHP\Library\Think\Db\Driver\Mysql.class.php 第 52 行.
SQL: select node.id,node.name from tb_role as role,tb_role_user as user,tb_access as access ,tb_node as node where user.user_id='4' and user.role_id=role.id and ( access.role_id=role.id  or (access.role_id=role.pid and role.pid!=0 ) ) and role.status=1 and access.node_id=node.id and node.level=1 and node.status=1 [ RunTime:0.000000s ]
SQL: select node.id,node.name from tb_role as role,tb_role_user as user,tb_access as access ,tb_node as node where user.user_id='4' and user.role_id=role.id and ( access.role_id=role.id  or (access.role_id=role.pid and role.pid!=0 ) ) and role.status=1 and access.node_id=node.id and node.level=2 and node.pid=1 and node.status=1 [ RunTime:0.001000s ]
SQL: select node.id,node.name,node.status,node.title from tb_role as role,tb_role_user as user,tb_access as access ,tb_node as node where user.user_id='4' and user.role_id=role.id and ( access.role_id=role.id  or (access.role_id=role.pid and role.pid!=0 ) ) and role.status=1 and access.node_id=node.id and node.level=3 and node.pid=22 and node.status=1 [ RunTime:0.001000s ]
SQL: select node.id,node.name,node.status,node.title from tb_role as role,tb_role_user as user,tb_access as access ,tb_node as node where user.user_id='4' and user.role_id=role.id and ( access.role_id=role.id  or (access.role_id=role.pid and role.pid!=0 ) ) and role.status=1 and access.node_id=node.id and node.level=3 and node.pid=21 and node.status=1 [ RunTime:0.000000s ]
SQL: select node.id,node.name,node.status,node.title from tb_role as role,tb_role_user as user,tb_access as access ,tb_node as node where user.user_id='4' and user.role_id=role.id and ( access.role_id=role.id  or (access.role_id=role.pid and role.pid!=0 ) ) and role.status=1 and access.node_id=node.id and node.level=3 and node.pid=20 and node.status=1 [ RunTime:0.001000s ]
SQL: select node.id,node.name,node.status,node.title from tb_role as role,tb_role_user as user,tb_access as access ,tb_node as node where user.user_id='4' and user.role_id=role.id and ( access.role_id=role.id  or (access.role_id=role.pid and role.pid!=0 ) ) and role.status=1 and access.node_id=node.id and node.level=3 and node.pid=18 and node.status=1 [ RunTime:0.000000s ]
SQL: select node.id,node.name,node.status,node.title from tb_role as role,tb_role_user as user,tb_access as access ,tb_node as node where user.user_id='4' and user.role_id=role.id and ( access.role_id=role.id  or (access.role_id=role.pid and role.pid!=0 ) ) and role.status=1 and access.node_id=node.id and node.level=3 and node.pid=17 and node.status=1 [ RunTime:0.000000s ]
SQL: select node.id,node.name,node.status,node.title from tb_role as role,tb_role_user as user,tb_access as access ,tb_node as node where user.user_id='4' and user.role_id=role.id and ( access.role_id=role.id  or (access.role_id=role.pid and role.pid!=0 ) ) and role.status=1 and access.node_id=node.id and node.level=3 and node.pid=16 and node.status=1 [ RunTime:0.001000s ]
SQL: select node.id,node.name,node.status,node.title from tb_role as role,tb_role_user as user,tb_access as access ,tb_node as node where user.user_id='4' and user.role_id=role.id and ( access.role_id=role.id  or (access.role_id=role.pid and role.pid!=0 ) ) and role.status=1 and access.node_id=node.id and node.level=3 and node.pid=15 and node.status=1 [ RunTime:0.000000s ]
SQL: select node.id,node.name,node.status,node.title from tb_role as role,tb_role_user as user,tb_access as access ,tb_node as node where user.user_id='4' and user.role_id=role.id and ( access.role_id=role.id  or (access.role_id=role.pid and role.pid!=0 ) ) and role.status=1 and access.node_id=node.id and node.level=3 and node.pid=23 and node.status=1 [ RunTime:0.001000s ]
SQL: select node.id,node.name,node.status,node.title from tb_role as role,tb_role_user as user,tb_access as access ,tb_node as node where user.user_id='4' and user.role_id=role.id and ( access.role_id=role.id  or (access.role_id=role.pid and role.pid!=0 ) ) and role.status=1 and access.node_id=node.id and node.level=3 and node.pid=24 and node.status=1 [ RunTime:0.000000s ]
SQL: select node.id,node.name,node.status,node.title from tb_role as role,tb_role_user as user,tb_access as access ,tb_node as node where user.user_id='4' and user.role_id=role.id and ( access.role_id=role.id  or (access.role_id=role.pid and role.pid!=0 ) ) and role.status=1 and access.node_id=node.id and node.level=3 and node.pid=25 and node.status=1 [ RunTime:0.001000s ]
SQL: select node.id,node.name,node.status,node.title from tb_role as role,tb_role_user as user,tb_access as access ,tb_node as node where user.user_id='4' and user.role_id=role.id and ( access.role_id=role.id  or (access.role_id=role.pid and role.pid!=0 ) ) and role.status=1 and access.node_id=node.id and node.level=3 and node.pid=97 and node.status=1 [ RunTime:0.000000s ]
SQL: select node.id,node.name,node.status,node.title from tb_role as role,tb_role_user as user,tb_access as access ,tb_node as node where user.user_id='4' and user.role_id=role.id and ( access.role_id=role.id  or (access.role_id=role.pid and role.pid!=0 ) ) and role.status=1 and access.node_id=node.id and node.level=3 and node.pid=117 and node.status=1 [ RunTime:0.001001s ]
NOTIC: [8192] mysql_connect(): The mysql extension is deprecated and will be removed in the future: use mysqli or PDO instead D:\wamp\www\model\ThinkPHP\Library\Think\Db\Driver\Mysql.class.php 第 52 行.
SQL: SHOW COLUMNS FROM `tb_plantinfo` [ RunTime:0.006001s ]
SQL: SELECT * FROM `tb_plantinfo`  [ RunTime:0.001000s ]
SQL: SHOW COLUMNS FROM `tb_plantinspect` [ RunTime:0.004000s ]
SQL: SELECT * FROM `tb_plantinspect` WHERE ( 1=1 AND pid='28' ) LIMIT 1   [ RunTime:0.000000s ]
SQL: SELECT * FROM `tb_plantinspect` WHERE ( 1=1 AND pid='29' ) LIMIT 1   [ RunTime:0.001000s ]
SQL: SELECT * FROM `tb_plantinspect` WHERE ( 1=1 AND pid='30' ) LIMIT 1   [ RunTime:0.000000s ]
SQL: SELECT * FROM `tb_plantinspect` WHERE ( 1=1 AND pid='480' ) LIMIT 1   [ RunTime:0.001000s ]
SQL: SELECT * FROM `tb_plantinspect` WHERE ( 1=1 AND pid='481' ) LIMIT 1   [ RunTime:0.000000s ]
SQL: SELECT * FROM `tb_plantinspect` WHERE ( 1=1 AND pid='485' ) LIMIT 1   [ RunTime:0.000000s ]
SQL: SELECT * FROM `tb_plantinspect` WHERE ( 1=1 AND pid='486' ) LIMIT 1   [ RunTime:0.000000s ]
SQL: SELECT * FROM `tb_plantinspect` WHERE ( 1=1 AND pid='488' ) LIMIT 1   [ RunTime:0.000000s ]
SQL: SELECT * FROM `tb_plantinspect` WHERE ( 1=1 AND pid='489' ) LIMIT 1   [ RunTime:0.000000s ]
SQL: SELECT * FROM `tb_plantinspect` WHERE ( 1=1 AND pid='490' ) LIMIT 1   [ RunTime:0.000000s ]
SQL: SELECT * FROM `tb_plantinspect` WHERE ( 1=1 AND pid='505' ) LIMIT 1   [ RunTime:0.001001s ]
SQL: SELECT * FROM `tb_plantinspect` WHERE ( 1=1 AND pid='506' ) LIMIT 1   [ RunTime:0.000000s ]
SQL: SELECT * FROM `tb_plantinspect` WHERE ( 1=1 AND pid='507' ) LIMIT 1   [ RunTime:0.000000s ]
SQL: SELECT * FROM `tb_plantinspect` WHERE ( 1=1 AND pid='532' ) LIMIT 1   [ RunTime:0.000000s ]
INFO: [ view_parse ] --START--
INFO: [ template_filter ] --START--
INFO: Run Behavior\ContentReplace [ RunTime:0.000000s ]
INFO: [ template_filter ] --END-- [ RunTime:0.000000s ]
NOTIC: [8] Undefined index: Plantdailymaintainance D:\wamp\www\model\Apps\Runtime\Cache\Home\c7ee536d7d07af4c543d6d03a5b9e460.php 第 48 行.
NOTIC: [8] Undefined index: Plantdailymaintainance D:\wamp\www\model\Apps\Runtime\Cache\Home\c7ee536d7d07af4c543d6d03a5b9e460.php 第 48 行.
NOTIC: [8] Undefined index: Plantdailymaintainance D:\wamp\www\model\Apps\Runtime\Cache\Home\c7ee536d7d07af4c543d6d03a5b9e460.php 第 48 行.
NOTIC: [8] Undefined index: Plantdailymaintainance D:\wamp\www\model\Apps\Runtime\Cache\Home\c7ee536d7d07af4c543d6d03a5b9e460.php 第 48 行.
NOTIC: [8] Undefined index: Plantdailymaintainance D:\wamp\www\model\Apps\Runtime\Cache\Home\c7ee536d7d07af4c543d6d03a5b9e460.php 第 48 行.
NOTIC: [8] Undefined index: Plantdailymaintainance D:\wamp\www\model\Apps\Runtime\Cache\Home\c7ee536d7d07af4c543d6d03a5b9e460.php 第 48 行.
NOTIC: [8] Undefined index: Plantdailymaintainance D:\wamp\www\model\Apps\Runtime\Cache\Home\c7ee536d7d07af4c543d6d03a5b9e460.php 第 48 行.
NOTIC: [8] Undefined index: Plantdailymaintainance D:\wamp\www\model\Apps\Runtime\Cache\Home\c7ee536d7d07af4c543d6d03a5b9e460.php 第 48 行.
NOTIC: [8] Undefined index: Plantdailymaintainance D:\wamp\www\model\Apps\Runtime\Cache\Home\c7ee536d7d07af4c543d6d03a5b9e460.php 第 48 行.
NOTIC: [8] Undefined index: Plantdailymaintainance D:\wamp\www\model\Apps\Runtime\Cache\Home\c7ee536d7d07af4c543d6d03a5b9e460.php 第 48 行.
NOTIC: [8] Undefined index: Plantdailymaintainance D:\wamp\www\model\Apps\Runtime\Cache\Home\c7ee536d7d07af4c543d6d03a5b9e460.php 第 48 行.
NOTIC: [8] Undefined index: Plantdailymaintainance D:\wamp\www\model\Apps\Runtime\Cache\Home\c7ee536d7d07af4c543d6d03a5b9e460.php 第 48 行.
NOTIC: [8] Undefined index: Plantdailymaintainance D:\wamp\www\model\Apps\Runtime\Cache\Home\c7ee536d7d07af4c543d6d03a5b9e460.php 第 48 行.
NOTIC: [8] Undefined index: Plantdailymaintainance D:\wamp\www\model\Apps\Runtime\Cache\Home\c7ee536d7d07af4c543d6d03a5b9e460.php 第 48 行.
INFO: Run Behavior\ParseTemplate [ RunTime:0.009000s ]
INFO: [ view_parse ] --END-- [ RunTime:0.009000s ]
INFO: [ view_filter ] --START--
INFO: Run Behavior\WriteHtmlCache [ RunTime:0.001000s ]
INFO: [ view_filter ] --END-- [ RunTime:0.001000s ]
INFO: [ app_end ] --START--
INFO: Run Behavior\ShowPageTrace [ RunTime:0.000000s ]
INFO: [ app_end ] --END-- [ RunTime:0.001000s ]

[ 2016-10-09T23:19:05+08:00 ] 127.0.0.1 /model/index.php/Home/Public/getTree.html
INFO: [ app_begin ] --START--
INFO: Run Behavior\ReadHtmlCache [ RunTime:0.000000s ]
INFO: [ app_begin ] --END-- [ RunTime:0.001000s ]
NOTIC: [8192] mysql_connect(): The mysql extension is deprecated and will be removed in the future: use mysqli or PDO instead D:\wamp\www\model\ThinkPHP\Library\Think\Db\Driver\Mysql.class.php 第 52 行.
SQL: SHOW COLUMNS FROM `tb_user` [ RunTime:0.005001s ]
SQL: SELECT * FROM `tb_user` WHERE ( `id` = 4 )  [ RunTime:0.000000s ]
SQL: SHOW COLUMNS FROM `dic_factory` [ RunTime:0.005000s ]
SQL: SELECT * FROM `dic_factory`  [ RunTime:0.001000s ]
SQL: SHOW COLUMNS FROM `dic_workshop` [ RunTime:0.005000s ]
SQL: SELECT * FROM `dic_workshop` WHERE ( `factoryId` = '燃料油总公司' )  [ RunTime:0.000000s ]
SQL: SHOW COLUMNS FROM `dic_area` [ RunTime:0.004000s ]
SQL: SELECT * FROM `dic_area` WHERE ( `factoryId` = '燃料油总公司' ) AND ( `workshopId` = '青岛分公司' )  [ RunTime:0.000000s ]
SQL: SHOW COLUMNS FROM `tb_plantinfo` [ RunTime:0.005000s ]
SQL: SELECT * FROM `tb_plantinfo` WHERE ( `factoryId` = '燃料油总公司' ) AND ( `workshopId` = '青岛分公司' ) AND ( `areaId` = '罐区一' )  [ RunTime:0.002000s ]
SQL: SELECT * FROM `tb_plantinfo` WHERE ( `factoryId` = '燃料油总公司' ) AND ( `workshopId` = '青岛分公司' ) AND ( `areaId` = '罐区二' )  [ RunTime:0.000000s ]
NOTIC: [2] Invalid argument supplied for foreach() D:\wamp\www\model\Apps\Home\Controller\PublicController.class.php 第 79 行.
SQL: SELECT * FROM `dic_area` WHERE ( `factoryId` = '燃料油总公司' ) AND ( `workshopId` = '江苏分公司' )  [ RunTime:0.000000s ]
SQL: SELECT * FROM `tb_plantinfo` WHERE ( `factoryId` = '燃料油总公司' ) AND ( `workshopId` = '江苏分公司' ) AND ( `areaId` = '罐区一' )  [ RunTime:0.000000s ]
SQL: SELECT * FROM `tb_plantinfo` WHERE ( `factoryId` = '燃料油总公司' ) AND ( `workshopId` = '江苏分公司' ) AND ( `areaId` = '罐区二' )  [ RunTime:0.001000s ]
SQL: SELECT * FROM `dic_area` WHERE ( `factoryId` = '燃料油总公司' ) AND ( `workshopId` = '秦皇岛分公司' )  [ RunTime:0.001001s ]
SQL: SELECT * FROM `tb_plantinfo` WHERE ( `factoryId` = '燃料油总公司' ) AND ( `workshopId` = '秦皇岛分公司' ) AND ( `areaId` = '罐区一' )  [ RunTime:0.001000s ]
SQL: SELECT * FROM `tb_plantinfo` WHERE ( `factoryId` = '燃料油总公司' ) AND ( `workshopId` = '秦皇岛分公司' ) AND ( `areaId` = '罐区二' )  [ RunTime:0.000000s ]
NOTIC: [2] Invalid argument supplied for foreach() D:\wamp\www\model\Apps\Home\Controller\PublicController.class.php 第 79 行.
SQL: SELECT * FROM `tb_plantinfo` WHERE ( `factoryId` = '燃料油总公司' ) AND ( `workshopId` = '秦皇岛分公司' ) AND ( `areaId` = '罐区三' )  [ RunTime:0.000000s ]
NOTIC: [2] Invalid argument supplied for foreach() D:\wamp\www\model\Apps\Home\Controller\PublicController.class.php 第 79 行.
SQL: SELECT * FROM `dic_area` WHERE ( `factoryId` = '燃料油总公司' ) AND ( `workshopId` = '湛江分公司' )  [ RunTime:0.000000s ]
SQL: SELECT * FROM `tb_plantinfo` WHERE ( `factoryId` = '燃料油总公司' ) AND ( `workshopId` = '湛江分公司' ) AND ( `areaId` = '罐区一' )  [ RunTime:0.000000s ]
SQL: SELECT * FROM `tb_plantinfo` WHERE ( `factoryId` = '燃料油总公司' ) AND ( `workshopId` = '湛江分公司' ) AND ( `areaId` = '罐区二' )  [ RunTime:0.000000s ]
NOTIC: [2] Invalid argument supplied for foreach() D:\wamp\www\model\Apps\Home\Controller\PublicController.class.php 第 79 行.
SQL: SELECT * FROM `dic_area` WHERE ( `factoryId` = '燃料油总公司' ) AND ( `workshopId` = '高富分公司' )  [ RunTime:0.000000s ]
SQL: SELECT * FROM `tb_plantinfo` WHERE ( `factoryId` = '燃料油总公司' ) AND ( `workshopId` = '高富分公司' ) AND ( `areaId` = '罐区一' )  [ RunTime:0.000000s ]
SQL: SELECT * FROM `tb_plantinfo` WHERE ( `factoryId` = '燃料油总公司' ) AND ( `workshopId` = '高富分公司' ) AND ( `areaId` = '罐区二' )  [ RunTime:0.000000s ]
SQL: SELECT * FROM `dic_area` WHERE ( `factoryId` = '燃料油总公司' ) AND ( `workshopId` = '温州分公司' )  [ RunTime:0.000000s ]
SQL: SELECT * FROM `tb_plantinfo` WHERE ( `factoryId` = '燃料油总公司' ) AND ( `workshopId` = '温州分公司' ) AND ( `areaId` = '罐区一' )  [ RunTime:0.001000s ]
SQL: SELECT * FROM `tb_plantinfo` WHERE ( `factoryId` = '燃料油总公司' ) AND ( `workshopId` = '温州分公司' ) AND ( `areaId` = '罐区二' )  [ RunTime:0.001000s ]
SQL: SELECT * FROM `dic_area` WHERE ( `factoryId` = '燃料油总公司' ) AND ( `workshopId` = '宁波分公司' )  [ RunTime:0.001000s ]
SQL: SELECT * FROM `tb_plantinfo` WHERE ( `factoryId` = '燃料油总公司' ) AND ( `workshopId` = '宁波分公司' ) AND ( `areaId` = '罐区一' )  [ RunTime:0.001000s ]
SQL: SELECT * FROM `tb_plantinfo` WHERE ( `factoryId` = '燃料油总公司' ) AND ( `workshopId` = '宁波分公司' ) AND ( `areaId` = '罐区二' )  [ RunTime:0.001000s ]

[ 2016-10-09T23:19:07+08:00 ] 127.0.0.1 /model/index.php/Home/DailyManagement/index.html
INFO: [ app_begin ] --START--
INFO: Run Behavior\ReadHtmlCache [ RunTime:0.000000s ]
INFO: [ app_begin ] --END-- [ RunTime:0.002000s ]
NOTIC: [8192] mysql_connect(): The mysql extension is deprecated and will be removed in the future: use mysqli or PDO instead D:\wamp\www\model\ThinkPHP\Library\Think\Db\Driver\Mysql.class.php 第 52 行.
SQL: select node.id,node.name from tb_role as role,tb_role_user as user,tb_access as access ,tb_node as node where user.user_id='4' and user.role_id=role.id and ( access.role_id=role.id  or (access.role_id=role.pid and role.pid!=0 ) ) and role.status=1 and access.node_id=node.id and node.level=1 and node.status=1 [ RunTime:0.001000s ]
SQL: select node.id,node.name from tb_role as role,tb_role_user as user,tb_access as access ,tb_node as node where user.user_id='4' and user.role_id=role.id and ( access.role_id=role.id  or (access.role_id=role.pid and role.pid!=0 ) ) and role.status=1 and access.node_id=node.id and node.level=2 and node.pid=1 and node.status=1 [ RunTime:0.000000s ]
SQL: select node.id,node.name,node.status,node.title from tb_role as role,tb_role_user as user,tb_access as access ,tb_node as node where user.user_id='4' and user.role_id=role.id and ( access.role_id=role.id  or (access.role_id=role.pid and role.pid!=0 ) ) and role.status=1 and access.node_id=node.id and node.level=3 and node.pid=22 and node.status=1 [ RunTime:0.000000s ]
SQL: select node.id,node.name,node.status,node.title from tb_role as role,tb_role_user as user,tb_access as access ,tb_node as node where user.user_id='4' and user.role_id=role.id and ( access.role_id=role.id  or (access.role_id=role.pid and role.pid!=0 ) ) and role.status=1 and access.node_id=node.id and node.level=3 and node.pid=21 and node.status=1 [ RunTime:0.001000s ]
SQL: select node.id,node.name,node.status,node.title from tb_role as role,tb_role_user as user,tb_access as access ,tb_node as node where user.user_id='4' and user.role_id=role.id and ( access.role_id=role.id  or (access.role_id=role.pid and role.pid!=0 ) ) and role.status=1 and access.node_id=node.id and node.level=3 and node.pid=20 and node.status=1 [ RunTime:0.000000s ]
SQL: select node.id,node.name,node.status,node.title from tb_role as role,tb_role_user as user,tb_access as access ,tb_node as node where user.user_id='4' and user.role_id=role.id and ( access.role_id=role.id  or (access.role_id=role.pid and role.pid!=0 ) ) and role.status=1 and access.node_id=node.id and node.level=3 and node.pid=18 and node.status=1 [ RunTime:0.001000s ]
SQL: select node.id,node.name,node.status,node.title from tb_role as role,tb_role_user as user,tb_access as access ,tb_node as node where user.user_id='4' and user.role_id=role.id and ( access.role_id=role.id  or (access.role_id=role.pid and role.pid!=0 ) ) and role.status=1 and access.node_id=node.id and node.level=3 and node.pid=17 and node.status=1 [ RunTime:0.001000s ]
SQL: select node.id,node.name,node.status,node.title from tb_role as role,tb_role_user as user,tb_access as access ,tb_node as node where user.user_id='4' and user.role_id=role.id and ( access.role_id=role.id  or (access.role_id=role.pid and role.pid!=0 ) ) and role.status=1 and access.node_id=node.id and node.level=3 and node.pid=16 and node.status=1 [ RunTime:0.000000s ]
SQL: select node.id,node.name,node.status,node.title from tb_role as role,tb_role_user as user,tb_access as access ,tb_node as node where user.user_id='4' and user.role_id=role.id and ( access.role_id=role.id  or (access.role_id=role.pid and role.pid!=0 ) ) and role.status=1 and access.node_id=node.id and node.level=3 and node.pid=15 and node.status=1 [ RunTime:0.000000s ]
SQL: select node.id,node.name,node.status,node.title from tb_role as role,tb_role_user as user,tb_access as access ,tb_node as node where user.user_id='4' and user.role_id=role.id and ( access.role_id=role.id  or (access.role_id=role.pid and role.pid!=0 ) ) and role.status=1 and access.node_id=node.id and node.level=3 and node.pid=23 and node.status=1 [ RunTime:0.000000s ]
SQL: select node.id,node.name,node.status,node.title from tb_role as role,tb_role_user as user,tb_access as access ,tb_node as node where user.user_id='4' and user.role_id=role.id and ( access.role_id=role.id  or (access.role_id=role.pid and role.pid!=0 ) ) and role.status=1 and access.node_id=node.id and node.level=3 and node.pid=24 and node.status=1 [ RunTime:0.000000s ]
SQL: select node.id,node.name,node.status,node.title from tb_role as role,tb_role_user as user,tb_access as access ,tb_node as node where user.user_id='4' and user.role_id=role.id and ( access.role_id=role.id  or (access.role_id=role.pid and role.pid!=0 ) ) and role.status=1 and access.node_id=node.id and node.level=3 and node.pid=25 and node.status=1 [ RunTime:0.000000s ]
SQL: select node.id,node.name,node.status,node.title from tb_role as role,tb_role_user as user,tb_access as access ,tb_node as node where user.user_id='4' and user.role_id=role.id and ( access.role_id=role.id  or (access.role_id=role.pid and role.pid!=0 ) ) and role.status=1 and access.node_id=node.id and node.level=3 and node.pid=97 and node.status=1 [ RunTime:0.000000s ]
SQL: select node.id,node.name,node.status,node.title from tb_role as role,tb_role_user as user,tb_access as access ,tb_node as node where user.user_id='4' and user.role_id=role.id and ( access.role_id=role.id  or (access.role_id=role.pid and role.pid!=0 ) ) and role.status=1 and access.node_id=node.id and node.level=3 and node.pid=117 and node.status=1 [ RunTime:0.000000s ]
INFO: [ view_parse ] --START--
INFO: [ template_filter ] --START--
INFO: Run Behavior\ContentReplace [ RunTime:0.000000s ]
INFO: [ template_filter ] --END-- [ RunTime:0.000000s ]
INFO: Run Behavior\ParseTemplate [ RunTime:0.006001s ]
INFO: [ view_parse ] --END-- [ RunTime:0.006001s ]
INFO: [ view_filter ] --START--
INFO: Run Behavior\WriteHtmlCache [ RunTime:0.000000s ]
INFO: [ view_filter ] --END-- [ RunTime:0.000000s ]
INFO: [ app_end ] --START--
INFO: Run Behavior\ShowPageTrace [ RunTime:0.001000s ]
INFO: [ app_end ] --END-- [ RunTime:0.001000s ]

[ 2016-10-09T23:19:07+08:00 ] 127.0.0.1 /model/index.php/Home/DailyManagement/PlantList.html
INFO: [ app_begin ] --START--
INFO: Run Behavior\ReadHtmlCache [ RunTime:0.000000s ]
INFO: [ app_begin ] --END-- [ RunTime:0.000000s ]
NOTIC: [8192] mysql_connect(): The mysql extension is deprecated and will be removed in the future: use mysqli or PDO instead D:\wamp\www\model\ThinkPHP\Library\Think\Db\Driver\Mysql.class.php 第 52 行.
SQL: select node.id,node.name from tb_role as role,tb_role_user as user,tb_access as access ,tb_node as node where user.user_id='4' and user.role_id=role.id and ( access.role_id=role.id  or (access.role_id=role.pid and role.pid!=0 ) ) and role.status=1 and access.node_id=node.id and node.level=1 and node.status=1 [ RunTime:0.001000s ]
SQL: select node.id,node.name from tb_role as role,tb_role_user as user,tb_access as access ,tb_node as node where user.user_id='4' and user.role_id=role.id and ( access.role_id=role.id  or (access.role_id=role.pid and role.pid!=0 ) ) and role.status=1 and access.node_id=node.id and node.level=2 and node.pid=1 and node.status=1 [ RunTime:0.000000s ]
SQL: select node.id,node.name,node.status,node.title from tb_role as role,tb_role_user as user,tb_access as access ,tb_node as node where user.user_id='4' and user.role_id=role.id and ( access.role_id=role.id  or (access.role_id=role.pid and role.pid!=0 ) ) and role.status=1 and access.node_id=node.id and node.level=3 and node.pid=22 and node.status=1 [ RunTime:0.000000s ]
SQL: select node.id,node.name,node.status,node.title from tb_role as role,tb_role_user as user,tb_access as access ,tb_node as node where user.user_id='4' and user.role_id=role.id and ( access.role_id=role.id  or (access.role_id=role.pid and role.pid!=0 ) ) and role.status=1 and access.node_id=node.id and node.level=3 and node.pid=21 and node.status=1 [ RunTime:0.001001s ]
SQL: select node.id,node.name,node.status,node.title from tb_role as role,tb_role_user as user,tb_access as access ,tb_node as node where user.user_id='4' and user.role_id=role.id and ( access.role_id=role.id  or (access.role_id=role.pid and role.pid!=0 ) ) and role.status=1 and access.node_id=node.id and node.level=3 and node.pid=20 and node.status=1 [ RunTime:0.000000s ]
SQL: select node.id,node.name,node.status,node.title from tb_role as role,tb_role_user as user,tb_access as access ,tb_node as node where user.user_id='4' and user.role_id=role.id and ( access.role_id=role.id  or (access.role_id=role.pid and role.pid!=0 ) ) and role.status=1 and access.node_id=node.id and node.level=3 and node.pid=18 and node.status=1 [ RunTime:0.000000s ]
SQL: select node.id,node.name,node.status,node.title from tb_role as role,tb_role_user as user,tb_access as access ,tb_node as node where user.user_id='4' and user.role_id=role.id and ( access.role_id=role.id  or (access.role_id=role.pid and role.pid!=0 ) ) and role.status=1 and access.node_id=node.id and node.level=3 and node.pid=17 and node.status=1 [ RunTime:0.000000s ]
SQL: select node.id,node.name,node.status,node.title from tb_role as role,tb_role_user as user,tb_access as access ,tb_node as node where user.user_id='4' and user.role_id=role.id and ( access.role_id=role.id  or (access.role_id=role.pid and role.pid!=0 ) ) and role.status=1 and access.node_id=node.id and node.level=3 and node.pid=16 and node.status=1 [ RunTime:0.000000s ]
SQL: select node.id,node.name,node.status,node.title from tb_role as role,tb_role_user as user,tb_access as access ,tb_node as node where user.user_id='4' and user.role_id=role.id and ( access.role_id=role.id  or (access.role_id=role.pid and role.pid!=0 ) ) and role.status=1 and access.node_id=node.id and node.level=3 and node.pid=15 and node.status=1 [ RunTime:0.001000s ]
SQL: select node.id,node.name,node.status,node.title from tb_role as role,tb_role_user as user,tb_access as access ,tb_node as node where user.user_id='4' and user.role_id=role.id and ( access.role_id=role.id  or (access.role_id=role.pid and role.pid!=0 ) ) and role.status=1 and access.node_id=node.id and node.level=3 and node.pid=23 and node.status=1 [ RunTime:0.000000s ]
SQL: select node.id,node.name,node.status,node.title from tb_role as role,tb_role_user as user,tb_access as access ,tb_node as node where user.user_id='4' and user.role_id=role.id and ( access.role_id=role.id  or (access.role_id=role.pid and role.pid!=0 ) ) and role.status=1 and access.node_id=node.id and node.level=3 and node.pid=24 and node.status=1 [ RunTime:0.001000s ]
SQL: select node.id,node.name,node.status,node.title from tb_role as role,tb_role_user as user,tb_access as access ,tb_node as node where user.user_id='4' and user.role_id=role.id and ( access.role_id=role.id  or (access.role_id=role.pid and role.pid!=0 ) ) and role.status=1 and access.node_id=node.id and node.level=3 and node.pid=25 and node.status=1 [ RunTime:0.000000s ]
SQL: select node.id,node.name,node.status,node.title from tb_role as role,tb_role_user as user,tb_access as access ,tb_node as node where user.user_id='4' and user.role_id=role.id and ( access.role_id=role.id  or (access.role_id=role.pid and role.pid!=0 ) ) and role.status=1 and access.node_id=node.id and node.level=3 and node.pid=97 and node.status=1 [ RunTime:0.000000s ]
SQL: select node.id,node.name,node.status,node.title from tb_role as role,tb_role_user as user,tb_access as access ,tb_node as node where user.user_id='4' and user.role_id=role.id and ( access.role_id=role.id  or (access.role_id=role.pid and role.pid!=0 ) ) and role.status=1 and access.node_id=node.id and node.level=3 and node.pid=117 and node.status=1 [ RunTime:0.001000s ]
NOTIC: [8192] mysql_connect(): The mysql extension is deprecated and will be removed in the future: use mysqli or PDO instead D:\wamp\www\model\ThinkPHP\Library\Think\Db\Driver\Mysql.class.php 第 52 行.
SQL: SHOW COLUMNS FROM `tb_plantinfo` [ RunTime:0.006001s ]
SQL: SELECT * FROM `tb_plantinfo`  [ RunTime:0.000000s ]
SQL: SHOW COLUMNS FROM `tb_plantdailymaintainance` [ RunTime:0.004000s ]
SQL: SELECT * FROM `tb_plantdailymaintainance` WHERE ( 1=1 AND pid='28' ) LIMIT 1   [ RunTime:0.000000s ]
SQL: SELECT * FROM `tb_plantdailymaintainance` WHERE ( 1=1 AND pid='29' ) LIMIT 1   [ RunTime:0.000000s ]
SQL: SELECT * FROM `tb_plantdailymaintainance` WHERE ( 1=1 AND pid='30' ) LIMIT 1   [ RunTime:0.001000s ]
SQL: SELECT * FROM `tb_plantdailymaintainance` WHERE ( 1=1 AND pid='480' ) LIMIT 1   [ RunTime:0.001000s ]
SQL: SELECT * FROM `tb_plantdailymaintainance` WHERE ( 1=1 AND pid='481' ) LIMIT 1   [ RunTime:0.000000s ]
SQL: SELECT * FROM `tb_plantdailymaintainance` WHERE ( 1=1 AND pid='485' ) LIMIT 1   [ RunTime:0.000000s ]
SQL: SELECT * FROM `tb_plantdailymaintainance` WHERE ( 1=1 AND pid='486' ) LIMIT 1   [ RunTime:0.001000s ]
SQL: SELECT * FROM `tb_plantdailymaintainance` WHERE ( 1=1 AND pid='488' ) LIMIT 1   [ RunTime:0.000000s ]
SQL: SELECT * FROM `tb_plantdailymaintainance` WHERE ( 1=1 AND pid='489' ) LIMIT 1   [ RunTime:0.000000s ]
SQL: SELECT * FROM `tb_plantdailymaintainance` WHERE ( 1=1 AND pid='490' ) LIMIT 1   [ RunTime:0.000000s ]
SQL: SELECT * FROM `tb_plantdailymaintainance` WHERE ( 1=1 AND pid='505' ) LIMIT 1   [ RunTime:0.001001s ]
SQL: SELECT * FROM `tb_plantdailymaintainance` WHERE ( 1=1 AND pid='506' ) LIMIT 1   [ RunTime:0.000000s ]
SQL: SELECT * FROM `tb_plantdailymaintainance` WHERE ( 1=1 AND pid='507' ) LIMIT 1   [ RunTime:0.000000s ]
SQL: SELECT * FROM `tb_plantdailymaintainance` WHERE ( 1=1 AND pid='532' ) LIMIT 1   [ RunTime:0.000000s ]
INFO: [ view_parse ] --START--
INFO: [ template_filter ] --START--
INFO: Run Behavior\ContentReplace [ RunTime:0.000000s ]
INFO: [ template_filter ] --END-- [ RunTime:0.000000s ]
NOTIC: [8] Undefined index: Plantinspect D:\wamp\www\model\Apps\Runtime\Cache\Home\c3708fe41fe6428a602191fda25aca4c.php 第 48 行.
NOTIC: [8] Undefined index: Plantinspect D:\wamp\www\model\Apps\Runtime\Cache\Home\c3708fe41fe6428a602191fda25aca4c.php 第 48 行.
NOTIC: [8] Undefined index: Plantinspect D:\wamp\www\model\Apps\Runtime\Cache\Home\c3708fe41fe6428a602191fda25aca4c.php 第 48 行.
NOTIC: [8] Undefined index: Plantinspect D:\wamp\www\model\Apps\Runtime\Cache\Home\c3708fe41fe6428a602191fda25aca4c.php 第 48 行.
NOTIC: [8] Undefined index: Plantinspect D:\wamp\www\model\Apps\Runtime\Cache\Home\c3708fe41fe6428a602191fda25aca4c.php 第 48 行.
NOTIC: [8] Undefined index: Plantinspect D:\wamp\www\model\Apps\Runtime\Cache\Home\c3708fe41fe6428a602191fda25aca4c.php 第 48 行.
NOTIC: [8] Undefined index: Plantinspect D:\wamp\www\model\Apps\Runtime\Cache\Home\c3708fe41fe6428a602191fda25aca4c.php 第 48 行.
NOTIC: [8] Undefined index: Plantinspect D:\wamp\www\model\Apps\Runtime\Cache\Home\c3708fe41fe6428a602191fda25aca4c.php 第 48 行.
NOTIC: [8] Undefined index: Plantinspect D:\wamp\www\model\Apps\Runtime\Cache\Home\c3708fe41fe6428a602191fda25aca4c.php 第 48 行.
NOTIC: [8] Undefined index: Plantinspect D:\wamp\www\model\Apps\Runtime\Cache\Home\c3708fe41fe6428a602191fda25aca4c.php 第 48 行.
NOTIC: [8] Undefined index: Plantinspect D:\wamp\www\model\Apps\Runtime\Cache\Home\c3708fe41fe6428a602191fda25aca4c.php 第 48 行.
NOTIC: [8] Undefined index: Plantinspect D:\wamp\www\model\Apps\Runtime\Cache\Home\c3708fe41fe6428a602191fda25aca4c.php 第 48 行.
NOTIC: [8] Undefined index: Plantinspect D:\wamp\www\model\Apps\Runtime\Cache\Home\c3708fe41fe6428a602191fda25aca4c.php 第 48 行.
NOTIC: [8] Undefined index: Plantinspect D:\wamp\www\model\Apps\Runtime\Cache\Home\c3708fe41fe6428a602191fda25aca4c.php 第 48 行.
INFO: Run Behavior\ParseTemplate [ RunTime:0.010000s ]
INFO: [ view_parse ] --END-- [ RunTime:0.010000s ]
INFO: [ view_filter ] --START--
INFO: Run Behavior\WriteHtmlCache [ RunTime:0.001000s ]
INFO: [ view_filter ] --END-- [ RunTime:0.001000s ]
INFO: [ app_end ] --START--
INFO: Run Behavior\ShowPageTrace [ RunTime:0.001000s ]
INFO: [ app_end ] --END-- [ RunTime:0.001000s ]

[ 2016-10-09T23:19:07+08:00 ] 127.0.0.1 /model/index.php/Home/Public/getTree.html
INFO: [ app_begin ] --START--
INFO: Run Behavior\ReadHtmlCache [ RunTime:0.000000s ]
INFO: [ app_begin ] --END-- [ RunTime:0.000000s ]
NOTIC: [8192] mysql_connect(): The mysql extension is deprecated and will be removed in the future: use mysqli or PDO instead D:\wamp\www\model\ThinkPHP\Library\Think\Db\Driver\Mysql.class.php 第 52 行.
SQL: SHOW COLUMNS FROM `tb_user` [ RunTime:0.005000s ]
SQL: SELECT * FROM `tb_user` WHERE ( `id` = 4 )  [ RunTime:0.000000s ]
SQL: SHOW COLUMNS FROM `dic_factory` [ RunTime:0.004000s ]
SQL: SELECT * FROM `dic_factory`  [ RunTime:0.000000s ]
SQL: SHOW COLUMNS FROM `dic_workshop` [ RunTime:0.005000s ]
SQL: SELECT * FROM `dic_workshop` WHERE ( `factoryId` = '燃料油总公司' )  [ RunTime:0.000000s ]
SQL: SHOW COLUMNS FROM `dic_area` [ RunTime:0.004000s ]
SQL: SELECT * FROM `dic_area` WHERE ( `factoryId` = '燃料油总公司' ) AND ( `workshopId` = '青岛分公司' )  [ RunTime:0.000000s ]
SQL: SHOW COLUMNS FROM `tb_plantinfo` [ RunTime:0.005000s ]
SQL: SELECT * FROM `tb_plantinfo` WHERE ( `factoryId` = '燃料油总公司' ) AND ( `workshopId` = '青岛分公司' ) AND ( `areaId` = '罐区一' )  [ RunTime:0.001000s ]
SQL: SELECT * FROM `tb_plantinfo` WHERE ( `factoryId` = '燃料油总公司' ) AND ( `workshopId` = '青岛分公司' ) AND ( `areaId` = '罐区二' )  [ RunTime:0.001000s ]
NOTIC: [2] Invalid argument supplied for foreach() D:\wamp\www\model\Apps\Home\Controller\PublicController.class.php 第 79 行.
SQL: SELECT * FROM `dic_area` WHERE ( `factoryId` = '燃料油总公司' ) AND ( `workshopId` = '江苏分公司' )  [ RunTime:0.000000s ]
SQL: SELECT * FROM `tb_plantinfo` WHERE ( `factoryId` = '燃料油总公司' ) AND ( `workshopId` = '江苏分公司' ) AND ( `areaId` = '罐区一' )  [ RunTime:0.001000s ]
SQL: SELECT * FROM `tb_plantinfo` WHERE ( `factoryId` = '燃料油总公司' ) AND ( `workshopId` = '江苏分公司' ) AND ( `areaId` = '罐区二' )  [ RunTime:0.001000s ]
SQL: SELECT * FROM `dic_area` WHERE ( `factoryId` = '燃料油总公司' ) AND ( `workshopId` = '秦皇岛分公司' )  [ RunTime:0.000000s ]
SQL: SELECT * FROM `tb_plantinfo` WHERE ( `factoryId` = '燃料油总公司' ) AND ( `workshopId` = '秦皇岛分公司' ) AND ( `areaId` = '罐区一' )  [ RunTime:0.000000s ]
SQL: SELECT * FROM `tb_plantinfo` WHERE ( `factoryId` = '燃料油总公司' ) AND ( `workshopId` = '秦皇岛分公司' ) AND ( `areaId` = '罐区二' )  [ RunTime:0.000000s ]
NOTIC: [2] Invalid argument supplied for foreach() D:\wamp\www\model\Apps\Home\Controller\PublicController.class.php 第 79 行.
SQL: SELECT * FROM `tb_plantinfo` WHERE ( `factoryId` = '燃料油总公司' ) AND ( `workshopId` = '秦皇岛分公司' ) AND ( `areaId` = '罐区三' )  [ RunTime:0.000000s ]
NOTIC: [2] Invalid argument supplied for foreach() D:\wamp\www\model\Apps\Home\Controller\PublicController.class.php 第 79 行.
SQL: SELECT * FROM `dic_area` WHERE ( `factoryId` = '燃料油总公司' ) AND ( `workshopId` = '湛江分公司' )  [ RunTime:0.000000s ]
SQL: SELECT * FROM `tb_plantinfo` WHERE ( `factoryId` = '燃料油总公司' ) AND ( `workshopId` = '湛江分公司' ) AND ( `areaId` = '罐区一' )  [ RunTime:0.000000s ]
SQL: SELECT * FROM `tb_plantinfo` WHERE ( `factoryId` = '燃料油总公司' ) AND ( `workshopId` = '湛江分公司' ) AND ( `areaId` = '罐区二' )  [ RunTime:0.000000s ]
NOTIC: [2] Invalid argument supplied for foreach() D:\wamp\www\model\Apps\Home\Controller\PublicController.class.php 第 79 行.
SQL: SELECT * FROM `dic_area` WHERE ( `factoryId` = '燃料油总公司' ) AND ( `workshopId` = '高富分公司' )  [ RunTime:0.000000s ]
SQL: SELECT * FROM `tb_plantinfo` WHERE ( `factoryId` = '燃料油总公司' ) AND ( `workshopId` = '高富分公司' ) AND ( `areaId` = '罐区一' )  [ RunTime:0.000000s ]
SQL: SELECT * FROM `tb_plantinfo` WHERE ( `factoryId` = '燃料油总公司' ) AND ( `workshopId` = '高富分公司' ) AND ( `areaId` = '罐区二' )  [ RunTime:0.000000s ]
SQL: SELECT * FROM `dic_area` WHERE ( `factoryId` = '燃料油总公司' ) AND ( `workshopId` = '温州分公司' )  [ RunTime:0.000000s ]
SQL: SELECT * FROM `tb_plantinfo` WHERE ( `factoryId` = '燃料油总公司' ) AND ( `workshopId` = '温州分公司' ) AND ( `areaId` = '罐区一' )  [ RunTime:0.000000s ]
SQL: SELECT * FROM `tb_plantinfo` WHERE ( `factoryId` = '燃料油总公司' ) AND ( `workshopId` = '温州分公司' ) AND ( `areaId` = '罐区二' )  [ RunTime:0.000000s ]
SQL: SELECT * FROM `dic_area` WHERE ( `factoryId` = '燃料油总公司' ) AND ( `workshopId` = '宁波分公司' )  [ RunTime:0.000000s ]
SQL: SELECT * FROM `tb_plantinfo` WHERE ( `factoryId` = '燃料油总公司' ) AND ( `workshopId` = '宁波分公司' ) AND ( `areaId` = '罐区一' )  [ RunTime:0.000000s ]
SQL: SELECT * FROM `tb_plantinfo` WHERE ( `factoryId` = '燃料油总公司' ) AND ( `workshopId` = '宁波分公司' ) AND ( `areaId` = '罐区二' )  [ RunTime:0.001000s ]

[ 2016-10-09T23:19:10+08:00 ] 127.0.0.1 /model/index.php/Home/Visualization/oneLevelMap.html
INFO: [ app_begin ] --START--
INFO: Run Behavior\ReadHtmlCache [ RunTime:0.000000s ]
INFO: [ app_begin ] --END-- [ RunTime:0.001000s ]
NOTIC: [8192] mysql_connect(): The mysql extension is deprecated and will be removed in the future: use mysqli or PDO instead D:\wamp\www\model\ThinkPHP\Library\Think\Db\Driver\Mysql.class.php 第 52 行.
SQL: SHOW COLUMNS FROM `tb_gisdata` [ RunTime:0.005000s ]
SQL: SELECT * FROM `tb_gisdata` WHERE ( level=1 )  [ RunTime:0.000000s ]
SQL: SHOW COLUMNS FROM `tb_plantalarm` [ RunTime:0.004000s ]
SQL: SELECT * FROM `tb_plantalarm` WHERE ( `status` = 0 ) AND ( `workshopId` = '青岛分公司' )  [ RunTime:0.000000s ]
SQL: SELECT * FROM `tb_plantalarm` WHERE ( `status` = 0 ) AND ( `workshopId` = '宁波分公司' )  [ RunTime:0.000000s ]
SQL: SELECT * FROM `tb_plantalarm` WHERE ( `status` = 0 ) AND ( `workshopId` = '高富分公司' )  [ RunTime:0.000000s ]
SQL: SELECT * FROM `tb_plantalarm` WHERE ( `status` = 0 ) AND ( `workshopId` = '江苏分公司' )  [ RunTime:0.000000s ]
SQL: SELECT * FROM `tb_plantalarm` WHERE ( `status` = 0 ) AND ( `workshopId` = '秦皇岛分公司' )  [ RunTime:0.000000s ]
SQL: SELECT * FROM `tb_plantalarm` WHERE ( `status` = 0 ) AND ( `workshopId` = '湛江分公司' )  [ RunTime:0.001000s ]
SQL: SHOW COLUMNS FROM `dic_workshop` [ RunTime:0.005000s ]
SQL: SELECT `workshopId` FROM `dic_workshop`  [ RunTime:0.001000s ]
INFO: [ view_parse ] --START--
INFO: [ template_filter ] --START--
INFO: Run Behavior\ContentReplace [ RunTime:0.000000s ]
INFO: [ template_filter ] --END-- [ RunTime:0.000000s ]
INFO: Run Behavior\ParseTemplate [ RunTime:0.015001s ]
INFO: [ view_parse ] --END-- [ RunTime:0.015001s ]
INFO: [ view_filter ] --START--
INFO: Run Behavior\WriteHtmlCache [ RunTime:0.001000s ]
INFO: [ view_filter ] --END-- [ RunTime:0.001000s ]
INFO: [ app_end ] --START--
INFO: Run Behavior\ShowPageTrace [ RunTime:0.001000s ]
INFO: [ app_end ] --END-- [ RunTime:0.001000s ]

[ 2016-10-09T23:19:12+08:00 ] 127.0.0.1 /model/index.php/Home/Visualization/twoLevelMap.html?id=23
INFO: [ app_begin ] --START--
INFO: Run Behavior\ReadHtmlCache [ RunTime:0.001000s ]
INFO: [ app_begin ] --END-- [ RunTime:0.001000s ]
NOTIC: [8192] mysql_connect(): The mysql extension is deprecated and will be removed in the future: use mysqli or PDO instead D:\wamp\www\model\ThinkPHP\Library\Think\Db\Driver\Mysql.class.php 第 52 行.
SQL: SHOW COLUMNS FROM `tb_gisdata` [ RunTime:0.004000s ]
SQL: SELECT * FROM `tb_gisdata` WHERE ( `pid` = 23 ) AND ( `level` = 2 )  [ RunTime:0.000000s ]
SQL: SELECT * FROM `tb_gisdata` WHERE ( id=23 )  [ RunTime:0.000000s ]
SQL: SHOW COLUMNS FROM `tb_plantalarm` [ RunTime:0.004001s ]
SQL: SELECT * FROM `tb_plantalarm` WHERE ( `status` = 0 ) AND ( `workshopId` = '秦皇岛分公司' ) AND ( `areaId` = '罐区三' )  [ RunTime:0.000000s ]
SQL: SHOW COLUMNS FROM `dic_area` [ RunTime:0.004000s ]
SQL: SELECT * FROM `dic_area` WHERE ( `workshopId` = '秦皇岛分公司' )  [ RunTime:0.000000s ]
INFO: [ view_parse ] --START--
INFO: [ template_filter ] --START--
INFO: Run Behavior\ContentReplace [ RunTime:0.001000s ]
INFO: [ template_filter ] --END-- [ RunTime:0.001000s ]
INFO: Run Behavior\ParseTemplate [ RunTime:0.016001s ]
INFO: [ view_parse ] --END-- [ RunTime:0.016001s ]
INFO: [ view_filter ] --START--
INFO: Run Behavior\WriteHtmlCache [ RunTime:0.001000s ]
INFO: [ view_filter ] --END-- [ RunTime:0.001000s ]
INFO: [ app_end ] --START--
INFO: Run Behavior\ShowPageTrace [ RunTime:0.000000s ]
INFO: [ app_end ] --END-- [ RunTime:0.001000s ]

